ARM GAS  /var/folders/l4/6w9kflz11csb_6qsyz46nv3c0000gp/T//ccBW0bJn.s 			page 1


   1              		.cpu cortex-m7
   2              		.arch armv7e-m
   3              		.fpu fpv5-d16
   4              		.eabi_attribute 28, 1
   5              		.eabi_attribute 20, 1
   6              		.eabi_attribute 21, 1
   7              		.eabi_attribute 23, 3
   8              		.eabi_attribute 24, 1
   9              		.eabi_attribute 25, 1
  10              		.eabi_attribute 26, 1
  11              		.eabi_attribute 30, 1
  12              		.eabi_attribute 34, 1
  13              		.eabi_attribute 18, 4
  14              		.file	"ltdc_drive.c"
  15              		.text
  16              	.Ltext0:
  17              		.cfi_sections	.debug_frame
  18              		.file 1 "Core/Src/ltdc_drive.c"
  19              		.section	.text.LTDC_Init,"ax",%progbits
  20              		.align	1
  21              		.global	LTDC_Init
  22              		.syntax unified
  23              		.thumb
  24              		.thumb_func
  26              	LTDC_Init:
  27              	.LVL0:
  28              	.LFB144:
   1:Core/Src/ltdc_drive.c **** #include "ltdc_drive.h"
   2:Core/Src/ltdc_drive.c **** 
   3:Core/Src/ltdc_drive.c **** extern LTDC_Block_t lt;
   4:Core/Src/ltdc_drive.c **** uint32_t clut[256];
   5:Core/Src/ltdc_drive.c **** void LTDC_Init(LTDC_HandleTypeDef *hltdc, LTDC_LayerCfgTypeDef *pLayerCfg, uint8_t* frame_buffer)
   6:Core/Src/ltdc_drive.c **** {
  29              		.loc 1 6 1 view -0
  30              		.cfi_startproc
  31              		@ args = 0, pretend = 0, frame = 0
  32              		@ frame_needed = 0, uses_anonymous_args = 0
  33              		.loc 1 6 1 is_stmt 0 view .LVU1
  34 0000 70B5     		push	{r4, r5, r6, lr}
  35              		.cfi_def_cfa_offset 16
  36              		.cfi_offset 4, -16
  37              		.cfi_offset 5, -12
  38              		.cfi_offset 6, -8
  39              		.cfi_offset 14, -4
  40 0002 0446     		mov	r4, r0
  41 0004 0D46     		mov	r5, r1
  42 0006 1646     		mov	r6, r2
   7:Core/Src/ltdc_drive.c **** 
   8:Core/Src/ltdc_drive.c ****   hltdc->Instance = LTDC;
  43              		.loc 1 8 3 is_stmt 1 view .LVU2
  44              		.loc 1 8 19 is_stmt 0 view .LVU3
  45 0008 294B     		ldr	r3, .L7
  46 000a 0360     		str	r3, [r0]
   9:Core/Src/ltdc_drive.c **** 
  10:Core/Src/ltdc_drive.c ****   hltdc->Init.HSPolarity = LTDC_HSPOLARITY_AL;
  47              		.loc 1 10 3 is_stmt 1 view .LVU4
  48              		.loc 1 10 26 is_stmt 0 view .LVU5
ARM GAS  /var/folders/l4/6w9kflz11csb_6qsyz46nv3c0000gp/T//ccBW0bJn.s 			page 2


  49 000c 0023     		movs	r3, #0
  50 000e 4360     		str	r3, [r0, #4]
  11:Core/Src/ltdc_drive.c ****   hltdc->Init.VSPolarity = LTDC_VSPOLARITY_AL;
  51              		.loc 1 11 3 is_stmt 1 view .LVU6
  52              		.loc 1 11 26 is_stmt 0 view .LVU7
  53 0010 8360     		str	r3, [r0, #8]
  12:Core/Src/ltdc_drive.c ****   hltdc->Init.DEPolarity  = LTDC_DEPOLARITY_AL;
  54              		.loc 1 12 3 is_stmt 1 view .LVU8
  55              		.loc 1 12 27 is_stmt 0 view .LVU9
  56 0012 C360     		str	r3, [r0, #12]
  13:Core/Src/ltdc_drive.c ****   hltdc->Init.PCPolarity  = LTDC_PCPOLARITY_IPC;     
  57              		.loc 1 13 3 is_stmt 1 view .LVU10
  58              		.loc 1 13 27 is_stmt 0 view .LVU11
  59 0014 0361     		str	r3, [r0, #16]
  14:Core/Src/ltdc_drive.c **** 
  15:Core/Src/ltdc_drive.c ****   hltdc->Init.HorizontalSync     = H_SYNC_WIDTH - 1;
  60              		.loc 1 15 3 is_stmt 1 view .LVU12
  61              		.loc 1 15 34 is_stmt 0 view .LVU13
  62 0016 5F22     		movs	r2, #95
  63              	.LVL1:
  64              		.loc 1 15 34 view .LVU14
  65 0018 4261     		str	r2, [r0, #20]
  16:Core/Src/ltdc_drive.c ****   hltdc->Init.VerticalSync       = V_SYNC_WIDTH - 1;
  66              		.loc 1 16 3 is_stmt 1 view .LVU15
  67              		.loc 1 16 34 is_stmt 0 view .LVU16
  68 001a 0122     		movs	r2, #1
  69 001c 8261     		str	r2, [r0, #24]
  17:Core/Src/ltdc_drive.c ****   hltdc->Init.AccumulatedHBP     = H_SYNC_WIDTH + H_BACK_PORCH - 1;
  70              		.loc 1 17 3 is_stmt 1 view .LVU17
  71              		.loc 1 17 34 is_stmt 0 view .LVU18
  72 001e 8F22     		movs	r2, #143
  73 0020 C261     		str	r2, [r0, #28]
  18:Core/Src/ltdc_drive.c ****   hltdc->Init.AccumulatedVBP     = V_SYNC_WIDTH + V_BACK_PORCH - 1;
  74              		.loc 1 18 3 is_stmt 1 view .LVU19
  75              		.loc 1 18 34 is_stmt 0 view .LVU20
  76 0022 2222     		movs	r2, #34
  77 0024 0262     		str	r2, [r0, #32]
  19:Core/Src/ltdc_drive.c ****   hltdc->Init.AccumulatedActiveW = H_SYNC_WIDTH + H_BACK_PORCH + LCD_ACTIVE_WIDTH - 1;
  78              		.loc 1 19 3 is_stmt 1 view .LVU21
  79              		.loc 1 19 34 is_stmt 0 view .LVU22
  80 0026 40F20F32 		movw	r2, #783
  81 002a 4262     		str	r2, [r0, #36]
  20:Core/Src/ltdc_drive.c ****   hltdc->Init.AccumulatedActiveH = V_SYNC_WIDTH + V_BACK_PORCH + LCD_ACTIVE_HEIGHT - 1;
  82              		.loc 1 20 3 is_stmt 1 view .LVU23
  83              		.loc 1 20 34 is_stmt 0 view .LVU24
  84 002c 40F20222 		movw	r2, #514
  85 0030 8262     		str	r2, [r0, #40]
  21:Core/Src/ltdc_drive.c ****   hltdc->Init.TotalWidth         = H_TOTAL - 1;
  86              		.loc 1 21 3 is_stmt 1 view .LVU25
  87              		.loc 1 21 34 is_stmt 0 view .LVU26
  88 0032 40F21F32 		movw	r2, #799
  89 0036 C262     		str	r2, [r0, #44]
  22:Core/Src/ltdc_drive.c ****   hltdc->Init.TotalHeigh         = V_TOTAL - 1;
  90              		.loc 1 22 3 is_stmt 1 view .LVU27
  91              		.loc 1 22 34 is_stmt 0 view .LVU28
  92 0038 4FF40372 		mov	r2, #524
  93 003c 0263     		str	r2, [r0, #48]
ARM GAS  /var/folders/l4/6w9kflz11csb_6qsyz46nv3c0000gp/T//ccBW0bJn.s 			page 3


  23:Core/Src/ltdc_drive.c **** 
  24:Core/Src/ltdc_drive.c ****   hltdc->Init.Backcolor.Blue  = 0;
  94              		.loc 1 24 3 is_stmt 1 view .LVU29
  95              		.loc 1 24 31 is_stmt 0 view .LVU30
  96 003e 80F83430 		strb	r3, [r0, #52]
  25:Core/Src/ltdc_drive.c ****   hltdc->Init.Backcolor.Green = 0;
  97              		.loc 1 25 3 is_stmt 1 view .LVU31
  98              		.loc 1 25 31 is_stmt 0 view .LVU32
  99 0042 80F83530 		strb	r3, [r0, #53]
  26:Core/Src/ltdc_drive.c ****   hltdc->Init.Backcolor.Red   = 0;
 100              		.loc 1 26 3 is_stmt 1 view .LVU33
 101              		.loc 1 26 31 is_stmt 0 view .LVU34
 102 0046 80F83630 		strb	r3, [r0, #54]
  27:Core/Src/ltdc_drive.c **** 
  28:Core/Src/ltdc_drive.c ****   if (HAL_LTDC_Init(hltdc) != HAL_OK) Error_Handler();
 103              		.loc 1 28 3 is_stmt 1 view .LVU35
 104              		.loc 1 28 7 is_stmt 0 view .LVU36
 105 004a FFF7FEFF 		bl	HAL_LTDC_Init
 106              	.LVL2:
 107              		.loc 1 28 6 discriminator 1 view .LVU37
 108 004e 40BB     		cbnz	r0, .L5
 109              	.L2:
  29:Core/Src/ltdc_drive.c **** 
  30:Core/Src/ltdc_drive.c ****   pLayerCfg->WindowX0 = 0;
 110              		.loc 1 30 3 is_stmt 1 view .LVU38
 111              		.loc 1 30 23 is_stmt 0 view .LVU39
 112 0050 0022     		movs	r2, #0
 113 0052 2A60     		str	r2, [r5]
  31:Core/Src/ltdc_drive.c ****   pLayerCfg->WindowX1 = LCD_ACTIVE_WIDTH;
 114              		.loc 1 31 3 is_stmt 1 view .LVU40
 115              		.loc 1 31 23 is_stmt 0 view .LVU41
 116 0054 4FF42071 		mov	r1, #640
 117 0058 6960     		str	r1, [r5, #4]
  32:Core/Src/ltdc_drive.c ****   pLayerCfg->WindowY0 = 0;
 118              		.loc 1 32 3 is_stmt 1 view .LVU42
 119              		.loc 1 32 23 is_stmt 0 view .LVU43
 120 005a AA60     		str	r2, [r5, #8]
  33:Core/Src/ltdc_drive.c ****   pLayerCfg->WindowY1 = LCD_ACTIVE_HEIGHT;
 121              		.loc 1 33 3 is_stmt 1 view .LVU44
 122              		.loc 1 33 23 is_stmt 0 view .LVU45
 123 005c 4FF4F073 		mov	r3, #480
 124 0060 EB60     		str	r3, [r5, #12]
  34:Core/Src/ltdc_drive.c ****   pLayerCfg->PixelFormat = LTDC_PIXEL_FORMAT_L8;
 125              		.loc 1 34 3 is_stmt 1 view .LVU46
 126              		.loc 1 34 26 is_stmt 0 view .LVU47
 127 0062 0520     		movs	r0, #5
 128 0064 2861     		str	r0, [r5, #16]
  35:Core/Src/ltdc_drive.c ****   pLayerCfg->Alpha = 255;
 129              		.loc 1 35 3 is_stmt 1 view .LVU48
 130              		.loc 1 35 20 is_stmt 0 view .LVU49
 131 0066 FF20     		movs	r0, #255
 132 0068 6861     		str	r0, [r5, #20]
  36:Core/Src/ltdc_drive.c ****   pLayerCfg->Alpha0 = 0;
 133              		.loc 1 36 3 is_stmt 1 view .LVU50
 134              		.loc 1 36 21 is_stmt 0 view .LVU51
 135 006a AA61     		str	r2, [r5, #24]
  37:Core/Src/ltdc_drive.c ****   pLayerCfg->BlendingFactor1 = LTDC_BLENDING_FACTOR1_PAxCA;
ARM GAS  /var/folders/l4/6w9kflz11csb_6qsyz46nv3c0000gp/T//ccBW0bJn.s 			page 4


 136              		.loc 1 37 3 is_stmt 1 view .LVU52
 137              		.loc 1 37 30 is_stmt 0 view .LVU53
 138 006c 4FF4C060 		mov	r0, #1536
 139 0070 E861     		str	r0, [r5, #28]
  38:Core/Src/ltdc_drive.c ****   pLayerCfg->BlendingFactor2 = LTDC_BLENDING_FACTOR2_PAxCA;
 140              		.loc 1 38 3 is_stmt 1 view .LVU54
 141              		.loc 1 38 30 is_stmt 0 view .LVU55
 142 0072 0720     		movs	r0, #7
 143 0074 2862     		str	r0, [r5, #32]
  39:Core/Src/ltdc_drive.c ****   pLayerCfg->FBStartAdress = (uint32_t)frame_buffer;
 144              		.loc 1 39 3 is_stmt 1 view .LVU56
 145              		.loc 1 39 28 is_stmt 0 view .LVU57
 146 0076 6E62     		str	r6, [r5, #36]
  40:Core/Src/ltdc_drive.c ****   pLayerCfg->ImageWidth = LCD_ACTIVE_WIDTH;
 147              		.loc 1 40 3 is_stmt 1 view .LVU58
 148              		.loc 1 40 25 is_stmt 0 view .LVU59
 149 0078 A962     		str	r1, [r5, #40]
  41:Core/Src/ltdc_drive.c ****   pLayerCfg->ImageHeight = LCD_ACTIVE_HEIGHT;
 150              		.loc 1 41 3 is_stmt 1 view .LVU60
 151              		.loc 1 41 26 is_stmt 0 view .LVU61
 152 007a EB62     		str	r3, [r5, #44]
  42:Core/Src/ltdc_drive.c ****   if (HAL_LTDC_ConfigLayer(hltdc, pLayerCfg, LTDC_LAYER_1) != HAL_OK)
 153              		.loc 1 42 3 is_stmt 1 view .LVU62
 154              		.loc 1 42 7 is_stmt 0 view .LVU63
 155 007c 2946     		mov	r1, r5
 156 007e 2046     		mov	r0, r4
 157 0080 FFF7FEFF 		bl	HAL_LTDC_ConfigLayer
 158              	.LVL3:
 159              		.loc 1 42 6 discriminator 1 view .LVU64
 160 0084 80B9     		cbnz	r0, .L6
 161              	.L3:
  43:Core/Src/ltdc_drive.c ****     Error_Handler();
  44:Core/Src/ltdc_drive.c **** 
  45:Core/Src/ltdc_drive.c **** 
  46:Core/Src/ltdc_drive.c ****   HAL_LTDC_ProgramLineEvent(hltdc, LCD_ACTIVE_HEIGHT - 1);
 162              		.loc 1 46 3 is_stmt 1 view .LVU65
 163 0086 40F2DF11 		movw	r1, #479
 164 008a 2046     		mov	r0, r4
 165 008c FFF7FEFF 		bl	HAL_LTDC_ProgramLineEvent
 166              	.LVL4:
  47:Core/Src/ltdc_drive.c ****   HAL_NVIC_SetPriority(LTDC_IRQn,0,0);
 167              		.loc 1 47 3 view .LVU66
 168 0090 0022     		movs	r2, #0
 169 0092 1146     		mov	r1, r2
 170 0094 5820     		movs	r0, #88
 171 0096 FFF7FEFF 		bl	HAL_NVIC_SetPriority
 172              	.LVL5:
  48:Core/Src/ltdc_drive.c ****   HAL_NVIC_EnableIRQ(LTDC_IRQn);
 173              		.loc 1 48 3 view .LVU67
 174 009a 5820     		movs	r0, #88
 175 009c FFF7FEFF 		bl	HAL_NVIC_EnableIRQ
 176              	.LVL6:
  49:Core/Src/ltdc_drive.c **** 
  50:Core/Src/ltdc_drive.c **** 
  51:Core/Src/ltdc_drive.c ****   // LTDC->GCR &= ~ (0x1UL << LTDC_GCR_LTDCEN_Pos);
  52:Core/Src/ltdc_drive.c **** 
  53:Core/Src/ltdc_drive.c **** }
ARM GAS  /var/folders/l4/6w9kflz11csb_6qsyz46nv3c0000gp/T//ccBW0bJn.s 			page 5


 177              		.loc 1 53 1 is_stmt 0 view .LVU68
 178 00a0 70BD     		pop	{r4, r5, r6, pc}
 179              	.LVL7:
 180              	.L5:
  28:Core/Src/ltdc_drive.c **** 
 181              		.loc 1 28 39 is_stmt 1 discriminator 1 view .LVU69
 182 00a2 FFF7FEFF 		bl	Error_Handler
 183              	.LVL8:
 184 00a6 D3E7     		b	.L2
 185              	.L6:
  43:Core/Src/ltdc_drive.c **** 
 186              		.loc 1 43 5 view .LVU70
 187 00a8 FFF7FEFF 		bl	Error_Handler
 188              	.LVL9:
 189 00ac EBE7     		b	.L3
 190              	.L8:
 191 00ae 00BF     		.align	2
 192              	.L7:
 193 00b0 00100050 		.word	1342181376
 194              		.cfi_endproc
 195              	.LFE144:
 197              		.section	.text.LoadCLUT,"ax",%progbits
 198              		.align	1
 199              		.global	LoadCLUT
 200              		.syntax unified
 201              		.thumb
 202              		.thumb_func
 204              	LoadCLUT:
 205              	.LVL10:
 206              	.LFB145:
  54:Core/Src/ltdc_drive.c **** 
  55:Core/Src/ltdc_drive.c **** void LoadCLUT(LTDC_HandleTypeDef *hltdc)
  56:Core/Src/ltdc_drive.c **** {
 207              		.loc 1 56 1 view -0
 208              		.cfi_startproc
 209              		@ args = 0, pretend = 0, frame = 0
 210              		@ frame_needed = 0, uses_anonymous_args = 0
 211              		.loc 1 56 1 is_stmt 0 view .LVU72
 212 0000 10B5     		push	{r4, lr}
 213              		.cfi_def_cfa_offset 8
 214              		.cfi_offset 4, -8
 215              		.cfi_offset 14, -4
 216 0002 0446     		mov	r4, r0
  57:Core/Src/ltdc_drive.c **** 
  58:Core/Src/ltdc_drive.c **** 
  59:Core/Src/ltdc_drive.c ****   for (int i = 0; i < 256; i++) {
 217              		.loc 1 59 3 is_stmt 1 view .LVU73
 218              	.LBB2:
 219              		.loc 1 59 8 view .LVU74
 220              	.LVL11:
 221              		.loc 1 59 12 is_stmt 0 view .LVU75
 222 0004 0022     		movs	r2, #0
 223              		.loc 1 59 3 view .LVU76
 224 0006 08E0     		b	.L10
 225              	.LVL12:
 226              	.L11:
 227              	.LBB3:
ARM GAS  /var/folders/l4/6w9kflz11csb_6qsyz46nv3c0000gp/T//ccBW0bJn.s 			page 6


  60:Core/Src/ltdc_drive.c ****     uint8_t gray = i;                   
 228              		.loc 1 60 5 is_stmt 1 view .LVU77
  61:Core/Src/ltdc_drive.c ****     clut[i] = (gray << 16) | (gray << 8) | gray; 
 229              		.loc 1 61 5 view .LVU78
 230              		.loc 1 61 28 is_stmt 0 view .LVU79
 231 0008 D3B2     		uxtb	r3, r2
 232 000a 03EB0321 		add	r1, r3, r3, lsl #8
 233              		.loc 1 61 42 view .LVU80
 234 000e 43EA0123 		orr	r3, r3, r1, lsl #8
 235              		.loc 1 61 13 view .LVU81
 236 0012 0D49     		ldr	r1, .L17
 237 0014 41F82230 		str	r3, [r1, r2, lsl #2]
 238              	.LBE3:
  59:Core/Src/ltdc_drive.c ****     uint8_t gray = i;                   
 239              		.loc 1 59 29 is_stmt 1 discriminator 3 view .LVU82
 240 0018 0132     		adds	r2, r2, #1
 241              	.LVL13:
 242              	.L10:
  59:Core/Src/ltdc_drive.c ****     uint8_t gray = i;                   
 243              		.loc 1 59 21 discriminator 1 view .LVU83
 244 001a FF2A     		cmp	r2, #255
 245 001c F4DD     		ble	.L11
 246              	.LBE2:
  62:Core/Src/ltdc_drive.c ****   }
  63:Core/Src/ltdc_drive.c **** 
  64:Core/Src/ltdc_drive.c ****   if (HAL_LTDC_ConfigCLUT(hltdc, clut, 256, LTDC_LAYER_1) != HAL_OK) {
 247              		.loc 1 64 3 view .LVU84
 248              		.loc 1 64 7 is_stmt 0 view .LVU85
 249 001e 0023     		movs	r3, #0
 250 0020 4FF48072 		mov	r2, #256
 251              	.LVL14:
 252              		.loc 1 64 7 view .LVU86
 253 0024 0849     		ldr	r1, .L17
 254 0026 2046     		mov	r0, r4
 255              	.LVL15:
 256              		.loc 1 64 7 view .LVU87
 257 0028 FFF7FEFF 		bl	HAL_LTDC_ConfigCLUT
 258              	.LVL16:
 259              		.loc 1 64 6 discriminator 1 view .LVU88
 260 002c 28B9     		cbnz	r0, .L15
 261              	.L12:
  65:Core/Src/ltdc_drive.c ****     Error_Handler();
  66:Core/Src/ltdc_drive.c ****   }
  67:Core/Src/ltdc_drive.c ****   if(HAL_LTDC_EnableCLUT(hltdc, LTDC_LAYER_1)!=HAL_OK){
 262              		.loc 1 67 3 is_stmt 1 view .LVU89
 263              		.loc 1 67 6 is_stmt 0 view .LVU90
 264 002e 0021     		movs	r1, #0
 265 0030 2046     		mov	r0, r4
 266 0032 FFF7FEFF 		bl	HAL_LTDC_EnableCLUT
 267              	.LVL17:
 268              		.loc 1 67 5 discriminator 1 view .LVU91
 269 0036 18B9     		cbnz	r0, .L16
 270              	.L9:
  68:Core/Src/ltdc_drive.c ****     Error_Handler();
  69:Core/Src/ltdc_drive.c ****   }
  70:Core/Src/ltdc_drive.c **** }
 271              		.loc 1 70 1 view .LVU92
ARM GAS  /var/folders/l4/6w9kflz11csb_6qsyz46nv3c0000gp/T//ccBW0bJn.s 			page 7


 272 0038 10BD     		pop	{r4, pc}
 273              	.LVL18:
 274              	.L15:
  65:Core/Src/ltdc_drive.c ****     Error_Handler();
 275              		.loc 1 65 5 is_stmt 1 view .LVU93
 276 003a FFF7FEFF 		bl	Error_Handler
 277              	.LVL19:
 278 003e F6E7     		b	.L12
 279              	.L16:
  68:Core/Src/ltdc_drive.c ****     Error_Handler();
 280              		.loc 1 68 5 view .LVU94
 281 0040 FFF7FEFF 		bl	Error_Handler
 282              	.LVL20:
 283              		.loc 1 70 1 is_stmt 0 view .LVU95
 284 0044 F8E7     		b	.L9
 285              	.L18:
 286 0046 00BF     		.align	2
 287              	.L17:
 288 0048 00000000 		.word	clut
 289              		.cfi_endproc
 290              	.LFE145:
 292              		.section	.text.FillFrameBuffer,"ax",%progbits
 293              		.align	1
 294              		.global	FillFrameBuffer
 295              		.syntax unified
 296              		.thumb
 297              		.thumb_func
 299              	FillFrameBuffer:
 300              	.LVL21:
 301              	.LFB146:
  71:Core/Src/ltdc_drive.c **** 
  72:Core/Src/ltdc_drive.c **** void FillFrameBuffer(uint8_t value, uint8_t* frame_buffer)
  73:Core/Src/ltdc_drive.c **** {
 302              		.loc 1 73 1 is_stmt 1 view -0
 303              		.cfi_startproc
 304              		@ args = 0, pretend = 0, frame = 0
 305              		@ frame_needed = 0, uses_anonymous_args = 0
 306              		.loc 1 73 1 is_stmt 0 view .LVU97
 307 0000 08B5     		push	{r3, lr}
 308              		.cfi_def_cfa_offset 8
 309              		.cfi_offset 3, -8
 310              		.cfi_offset 14, -4
 311 0002 0B46     		mov	r3, r1
  74:Core/Src/ltdc_drive.c ****   memset(frame_buffer, value, (FRAME_BUFFER_SIZE));
 312              		.loc 1 74 3 is_stmt 1 view .LVU98
 313 0004 4FF49622 		mov	r2, #307200
 314 0008 0146     		mov	r1, r0
 315              	.LVL22:
 316              		.loc 1 74 3 is_stmt 0 view .LVU99
 317 000a 1846     		mov	r0, r3
 318              	.LVL23:
 319              		.loc 1 74 3 view .LVU100
 320 000c FFF7FEFF 		bl	memset
 321              	.LVL24:
  75:Core/Src/ltdc_drive.c ****   
  76:Core/Src/ltdc_drive.c **** }
 322              		.loc 1 76 1 view .LVU101
ARM GAS  /var/folders/l4/6w9kflz11csb_6qsyz46nv3c0000gp/T//ccBW0bJn.s 			page 8


 323 0010 08BD     		pop	{r3, pc}
 324              		.cfi_endproc
 325              	.LFE146:
 327              		.section	.text.LTDC_IRQHandler,"ax",%progbits
 328              		.align	1
 329              		.global	LTDC_IRQHandler
 330              		.syntax unified
 331              		.thumb
 332              		.thumb_func
 334              	LTDC_IRQHandler:
 335              	.LFB147:
  77:Core/Src/ltdc_drive.c **** 
  78:Core/Src/ltdc_drive.c **** 
  79:Core/Src/ltdc_drive.c **** 
  80:Core/Src/ltdc_drive.c **** void LTDC_IRQHandler(void){
 336              		.loc 1 80 27 is_stmt 1 view -0
 337              		.cfi_startproc
 338              		@ args = 0, pretend = 0, frame = 0
 339              		@ frame_needed = 0, uses_anonymous_args = 0
 340              		@ link register save eliminated.
  81:Core/Src/ltdc_drive.c **** 
  82:Core/Src/ltdc_drive.c ****    
  83:Core/Src/ltdc_drive.c ****     if (__HAL_LTDC_GET_FLAG(&lt.hltdc, LTDC_FLAG_LI))
 341              		.loc 1 83 5 view .LVU103
 342              		.loc 1 83 9 is_stmt 0 view .LVU104
 343 0000 054B     		ldr	r3, .L23
 344 0002 DB68     		ldr	r3, [r3, #12]
 345 0004 9A6B     		ldr	r2, [r3, #56]
 346              		.loc 1 83 8 view .LVU105
 347 0006 12F0010F 		tst	r2, #1
 348 000a 04D0     		beq	.L21
  84:Core/Src/ltdc_drive.c ****     {
  85:Core/Src/ltdc_drive.c ****         __HAL_LTDC_CLEAR_FLAG(&lt.hltdc, LTDC_FLAG_LI);
 349              		.loc 1 85 9 is_stmt 1 view .LVU106
 350 000c 0122     		movs	r2, #1
 351 000e DA63     		str	r2, [r3, #60]
  86:Core/Src/ltdc_drive.c ****         
  87:Core/Src/ltdc_drive.c ****         lt.frame_status = FRAME_READY;        
 352              		.loc 1 87 9 view .LVU107
 353              		.loc 1 87 25 is_stmt 0 view .LVU108
 354 0010 014B     		ldr	r3, .L23
 355 0012 C3F8E820 		str	r2, [r3, #232]
 356              	.L21:
  88:Core/Src/ltdc_drive.c **** 
  89:Core/Src/ltdc_drive.c ****     }
  90:Core/Src/ltdc_drive.c ****    
  91:Core/Src/ltdc_drive.c **** 
  92:Core/Src/ltdc_drive.c **** }
 357              		.loc 1 92 1 view .LVU109
 358 0016 7047     		bx	lr
 359              	.L24:
 360              		.align	2
 361              	.L23:
 362 0018 00000000 		.word	lt
 363              		.cfi_endproc
 364              	.LFE147:
 366              		.global	clut
ARM GAS  /var/folders/l4/6w9kflz11csb_6qsyz46nv3c0000gp/T//ccBW0bJn.s 			page 9


 367              		.section	.bss.clut,"aw",%nobits
 368              		.align	2
 371              	clut:
 372 0000 00000000 		.space	1024
 372      00000000 
 372      00000000 
 372      00000000 
 372      00000000 
 373              		.text
 374              	.Letext0:
 375              		.file 2 "Drivers/CMSIS/Device/ST/STM32H7xx/Include/stm32h743xx.h"
 376              		.file 3 "/Users/rasil/Library/Application Support/Code/User/globalStorage/bmd.stm32-for-vscode/@xp
 377              		.file 4 "/Users/rasil/Library/Application Support/Code/User/globalStorage/bmd.stm32-for-vscode/@xp
 378              		.file 5 "Drivers/STM32H7xx_HAL_Driver/Inc/stm32h7xx_hal_def.h"
 379              		.file 6 "Drivers/STM32H7xx_HAL_Driver/Inc/stm32h7xx_hal_ltdc.h"
 380              		.file 7 "Core/Inc/ltdc_drive.h"
 381              		.file 8 "/Users/rasil/Library/Application Support/Code/User/globalStorage/bmd.stm32-for-vscode/@xp
 382              		.file 9 "Drivers/STM32H7xx_HAL_Driver/Inc/stm32h7xx_hal_cortex.h"
 383              		.file 10 "Core/Inc/main.h"
ARM GAS  /var/folders/l4/6w9kflz11csb_6qsyz46nv3c0000gp/T//ccBW0bJn.s 			page 10


DEFINED SYMBOLS
                            *ABS*:00000000 ltdc_drive.c
/var/folders/l4/6w9kflz11csb_6qsyz46nv3c0000gp/T//ccBW0bJn.s:20     .text.LTDC_Init:00000000 $t
/var/folders/l4/6w9kflz11csb_6qsyz46nv3c0000gp/T//ccBW0bJn.s:26     .text.LTDC_Init:00000000 LTDC_Init
/var/folders/l4/6w9kflz11csb_6qsyz46nv3c0000gp/T//ccBW0bJn.s:193    .text.LTDC_Init:000000b0 $d
/var/folders/l4/6w9kflz11csb_6qsyz46nv3c0000gp/T//ccBW0bJn.s:198    .text.LoadCLUT:00000000 $t
/var/folders/l4/6w9kflz11csb_6qsyz46nv3c0000gp/T//ccBW0bJn.s:204    .text.LoadCLUT:00000000 LoadCLUT
/var/folders/l4/6w9kflz11csb_6qsyz46nv3c0000gp/T//ccBW0bJn.s:288    .text.LoadCLUT:00000048 $d
/var/folders/l4/6w9kflz11csb_6qsyz46nv3c0000gp/T//ccBW0bJn.s:371    .bss.clut:00000000 clut
/var/folders/l4/6w9kflz11csb_6qsyz46nv3c0000gp/T//ccBW0bJn.s:293    .text.FillFrameBuffer:00000000 $t
/var/folders/l4/6w9kflz11csb_6qsyz46nv3c0000gp/T//ccBW0bJn.s:299    .text.FillFrameBuffer:00000000 FillFrameBuffer
/var/folders/l4/6w9kflz11csb_6qsyz46nv3c0000gp/T//ccBW0bJn.s:328    .text.LTDC_IRQHandler:00000000 $t
/var/folders/l4/6w9kflz11csb_6qsyz46nv3c0000gp/T//ccBW0bJn.s:334    .text.LTDC_IRQHandler:00000000 LTDC_IRQHandler
/var/folders/l4/6w9kflz11csb_6qsyz46nv3c0000gp/T//ccBW0bJn.s:362    .text.LTDC_IRQHandler:00000018 $d
/var/folders/l4/6w9kflz11csb_6qsyz46nv3c0000gp/T//ccBW0bJn.s:368    .bss.clut:00000000 $d

UNDEFINED SYMBOLS
HAL_LTDC_Init
HAL_LTDC_ConfigLayer
HAL_LTDC_ProgramLineEvent
HAL_NVIC_SetPriority
HAL_NVIC_EnableIRQ
Error_Handler
HAL_LTDC_ConfigCLUT
HAL_LTDC_EnableCLUT
memset
lt
