ARM GAS  /var/folders/l4/6w9kflz11csb_6qsyz46nv3c0000gp/T//ccDRyc1I.s 			page 1


   1              		.cpu cortex-m7
   2              		.arch armv7e-m
   3              		.fpu fpv5-d16
   4              		.eabi_attribute 28, 1
   5              		.eabi_attribute 20, 1
   6              		.eabi_attribute 21, 1
   7              		.eabi_attribute 23, 3
   8              		.eabi_attribute 24, 1
   9              		.eabi_attribute 25, 1
  10              		.eabi_attribute 26, 1
  11              		.eabi_attribute 30, 1
  12              		.eabi_attribute 34, 1
  13              		.eabi_attribute 18, 4
  14              		.file	"main.c"
  15              		.text
  16              	.Ltext0:
  17              		.cfi_sections	.debug_frame
  18              		.file 1 "Core/Src/main.c"
  19              		.section	.text.MX_GPIO_Init,"ax",%progbits
  20              		.align	1
  21              		.syntax unified
  22              		.thumb
  23              		.thumb_func
  25              	MX_GPIO_Init:
  26              	.LFB146:
   1:Core/Src/main.c **** /* USER CODE BEGIN Header */
   2:Core/Src/main.c **** /**
   3:Core/Src/main.c ****   ******************************************************************************
   4:Core/Src/main.c ****   * @file           : main.c
   5:Core/Src/main.c ****   * @brief          : Main program body
   6:Core/Src/main.c ****   ******************************************************************************
   7:Core/Src/main.c ****   */
   8:Core/Src/main.c **** /* USER CODE END Header */
   9:Core/Src/main.c **** 
  10:Core/Src/main.c **** #include "main.h"
  11:Core/Src/main.c **** 
  12:Core/Src/main.c **** #include <ltdc_drive.h>
  13:Core/Src/main.c **** /* USER CODE BEGIN PD */
  14:Core/Src/main.c **** 
  15:Core/Src/main.c **** /* USER CODE END PD */
  16:Core/Src/main.c **** 
  17:Core/Src/main.c **** /* Private variables ---------------------------------------------------------*/
  18:Core/Src/main.c **** 
  19:Core/Src/main.c **** /* USER CODE BEGIN PV */
  20:Core/Src/main.c **** volatile bool flag_ltdc_irq = 0;
  21:Core/Src/main.c **** static uint8_t frame_buff[FRAME_BUFFER_SIZE] __attribute__((section(".video_buffers"), aligned(32))
  22:Core/Src/main.c **** /* USER CODE END PV */
  23:Core/Src/main.c **** 
  24:Core/Src/main.c **** /* Private function prototypes -----------------------------------------------*/
  25:Core/Src/main.c **** void SystemClock_Config(void);
  26:Core/Src/main.c **** static void MPU_Config(void);
  27:Core/Src/main.c **** static void MX_GPIO_Init(void);
  28:Core/Src/main.c **** 
  29:Core/Src/main.c **** 
  30:Core/Src/main.c **** 
  31:Core/Src/main.c **** /* USER CODE BEGIN 0 */
  32:Core/Src/main.c **** 
ARM GAS  /var/folders/l4/6w9kflz11csb_6qsyz46nv3c0000gp/T//ccDRyc1I.s 			page 2


  33:Core/Src/main.c **** /* USER CODE END 0 */
  34:Core/Src/main.c **** 
  35:Core/Src/main.c **** int main(void)
  36:Core/Src/main.c **** {
  37:Core/Src/main.c ****   // MPU_Config();
  38:Core/Src/main.c ****   HAL_Init();
  39:Core/Src/main.c ****   SystemClock_Config();
  40:Core/Src/main.c **** 
  41:Core/Src/main.c ****   MX_GPIO_Init();
  42:Core/Src/main.c **** 
  43:Core/Src/main.c **** 
  44:Core/Src/main.c ****   /* USER CODE BEGIN 2 */
  45:Core/Src/main.c ****   LTDC_Block_t MainLTDC = {0};
  46:Core/Src/main.c **** 
  47:Core/Src/main.c ****   MainLTDC.frame_buffer = frame_buff;
  48:Core/Src/main.c ****   MainLTDC.count = 0;
  49:Core/Src/main.c ****   MainLTDC.state = FSM_IDLE;
  50:Core/Src/main.c ****   LTDC_Init(&MainLTDC.hltdc,&MainLTDC.pLayerCfg,MainLTDC.frame_buffer);
  51:Core/Src/main.c **** /* USER CODE END 2 */ 
  52:Core/Src/main.c **** 
  53:Core/Src/main.c ****   while (1)
  54:Core/Src/main.c ****   {
  55:Core/Src/main.c ****     /* USER CODE BEGIN WHILE*/
  56:Core/Src/main.c ****     // if(flag_ltdc_irq){
  57:Core/Src/main.c ****     //   LTDC_IRQHandler(&MainLTDC);
  58:Core/Src/main.c ****     // }
  59:Core/Src/main.c ****     LTDC_FSM_Handle(&MainLTDC);
  60:Core/Src/main.c ****     /* USER CODE END WHILE */
  61:Core/Src/main.c **** 
  62:Core/Src/main.c ****   }
  63:Core/Src/main.c **** 
  64:Core/Src/main.c ****   return 0;
  65:Core/Src/main.c **** }
  66:Core/Src/main.c **** 
  67:Core/Src/main.c **** /**
  68:Core/Src/main.c ****   * @brief System Clock Configuration
  69:Core/Src/main.c ****   * @retval None
  70:Core/Src/main.c ****   */
  71:Core/Src/main.c **** void SystemClock_Config(void)
  72:Core/Src/main.c **** {
  73:Core/Src/main.c ****   RCC_OscInitTypeDef RCC_OscInitStruct = {0};
  74:Core/Src/main.c ****   RCC_ClkInitTypeDef RCC_ClkInitStruct = {0};
  75:Core/Src/main.c ****   RCC_PeriphCLKInitTypeDef PeriphClkInitStruct = {0};
  76:Core/Src/main.c **** 
  77:Core/Src/main.c ****   HAL_PWREx_ConfigSupply(PWR_LDO_SUPPLY);
  78:Core/Src/main.c ****   __HAL_PWR_VOLTAGESCALING_CONFIG(PWR_REGULATOR_VOLTAGE_SCALE3);
  79:Core/Src/main.c ****   while(!__HAL_PWR_GET_FLAG(PWR_FLAG_VOSRDY)) {}
  80:Core/Src/main.c **** 
  81:Core/Src/main.c ****   RCC_OscInitStruct.OscillatorType = RCC_OSCILLATORTYPE_HSI;
  82:Core/Src/main.c ****   RCC_OscInitStruct.HSIState = RCC_HSI_DIV1;
  83:Core/Src/main.c ****   RCC_OscInitStruct.HSICalibrationValue = RCC_HSICALIBRATION_DEFAULT;
  84:Core/Src/main.c ****   RCC_OscInitStruct.PLL.PLLState = RCC_PLL_ON;
  85:Core/Src/main.c ****   RCC_OscInitStruct.PLL.PLLSource = RCC_PLLSOURCE_HSI;
  86:Core/Src/main.c ****   RCC_OscInitStruct.PLL.PLLM = 4;
  87:Core/Src/main.c ****   RCC_OscInitStruct.PLL.PLLN = 20;
  88:Core/Src/main.c ****   RCC_OscInitStruct.PLL.PLLP = 2;
  89:Core/Src/main.c ****   RCC_OscInitStruct.PLL.PLLQ = 2;
ARM GAS  /var/folders/l4/6w9kflz11csb_6qsyz46nv3c0000gp/T//ccDRyc1I.s 			page 3


  90:Core/Src/main.c ****   RCC_OscInitStruct.PLL.PLLR = 2;
  91:Core/Src/main.c ****   RCC_OscInitStruct.PLL.PLLRGE = RCC_PLL1VCIRANGE_3;
  92:Core/Src/main.c ****   RCC_OscInitStruct.PLL.PLLVCOSEL = RCC_PLL1VCOMEDIUM;
  93:Core/Src/main.c ****   RCC_OscInitStruct.PLL.PLLFRACN = 0;
  94:Core/Src/main.c ****   if (HAL_RCC_OscConfig(&RCC_OscInitStruct) != HAL_OK) Error_Handler();
  95:Core/Src/main.c **** 
  96:Core/Src/main.c ****   RCC_ClkInitStruct.ClockType = RCC_CLOCKTYPE_HCLK | RCC_CLOCKTYPE_SYSCLK
  97:Core/Src/main.c ****                               | RCC_CLOCKTYPE_PCLK1 | RCC_CLOCKTYPE_PCLK2
  98:Core/Src/main.c ****                               | RCC_CLOCKTYPE_D3PCLK1 | RCC_CLOCKTYPE_D1PCLK1;
  99:Core/Src/main.c ****   RCC_ClkInitStruct.SYSCLKSource = RCC_SYSCLKSOURCE_PLLCLK;
 100:Core/Src/main.c ****   RCC_ClkInitStruct.SYSCLKDivider = RCC_SYSCLK_DIV1;
 101:Core/Src/main.c ****   RCC_ClkInitStruct.AHBCLKDivider = RCC_HCLK_DIV4;
 102:Core/Src/main.c ****   RCC_ClkInitStruct.APB3CLKDivider = RCC_APB3_DIV2;
 103:Core/Src/main.c ****   RCC_ClkInitStruct.APB1CLKDivider = RCC_APB1_DIV2;
 104:Core/Src/main.c ****   RCC_ClkInitStruct.APB2CLKDivider = RCC_APB2_DIV2;
 105:Core/Src/main.c ****   RCC_ClkInitStruct.APB4CLKDivider = RCC_APB4_DIV2;
 106:Core/Src/main.c **** 
 107:Core/Src/main.c ****   if (HAL_RCC_ClockConfig(&RCC_ClkInitStruct, FLASH_LATENCY_0) != HAL_OK)
 108:Core/Src/main.c ****     Error_Handler();
 109:Core/Src/main.c **** 
 110:Core/Src/main.c ****   PeriphClkInitStruct.PeriphClockSelection = RCC_PERIPHCLK_LTDC;
 111:Core/Src/main.c ****   PeriphClkInitStruct.PLL3.PLL3M = 8;
 112:Core/Src/main.c ****   PeriphClkInitStruct.PLL3.PLL3N = LTDC_PCLK_VALUE;
 113:Core/Src/main.c ****   PeriphClkInitStruct.PLL3.PLL3P = 2;
 114:Core/Src/main.c ****   PeriphClkInitStruct.PLL3.PLL3Q = 2;
 115:Core/Src/main.c ****   PeriphClkInitStruct.PLL3.PLL3R = 8;     
 116:Core/Src/main.c ****   PeriphClkInitStruct.PLL3.PLL3RGE = RCC_PLL3VCIRANGE_3;
 117:Core/Src/main.c ****   PeriphClkInitStruct.PLL3.PLL3VCOSEL = RCC_PLL3VCOWIDE;
 118:Core/Src/main.c ****   PeriphClkInitStruct.PLL3.PLL3FRACN = 0;
 119:Core/Src/main.c **** 
 120:Core/Src/main.c ****   if (HAL_RCCEx_PeriphCLKConfig(&PeriphClkInitStruct) != HAL_OK)
 121:Core/Src/main.c ****     Error_Handler();
 122:Core/Src/main.c **** }
 123:Core/Src/main.c **** 
 124:Core/Src/main.c **** /**
 125:Core/Src/main.c ****   * @brief LTDC Initialization (L8 with CLUT)
 126:Core/Src/main.c ****   */
 127:Core/Src/main.c **** 
 128:Core/Src/main.c **** 
 129:Core/Src/main.c **** /**
 130:Core/Src/main.c ****   * @brief GPIO Initialization
 131:Core/Src/main.c ****   */
 132:Core/Src/main.c **** static void MX_GPIO_Init(void)
 133:Core/Src/main.c **** {
  27              		.loc 1 133 1 view -0
  28              		.cfi_startproc
  29              		@ args = 0, pretend = 0, frame = 32
  30              		@ frame_needed = 0, uses_anonymous_args = 0
  31              		@ link register save eliminated.
  32 0000 88B0     		sub	sp, sp, #32
  33              		.cfi_def_cfa_offset 32
 134:Core/Src/main.c ****   __HAL_RCC_GPIOE_CLK_ENABLE();
  34              		.loc 1 134 3 view .LVU1
  35              	.LBB4:
  36              		.loc 1 134 3 view .LVU2
  37              		.loc 1 134 3 view .LVU3
  38 0002 2B4B     		ldr	r3, .L3
ARM GAS  /var/folders/l4/6w9kflz11csb_6qsyz46nv3c0000gp/T//ccDRyc1I.s 			page 4


  39 0004 D3F8E020 		ldr	r2, [r3, #224]
  40 0008 42F01002 		orr	r2, r2, #16
  41 000c C3F8E020 		str	r2, [r3, #224]
  42              		.loc 1 134 3 view .LVU4
  43 0010 D3F8E020 		ldr	r2, [r3, #224]
  44 0014 02F01002 		and	r2, r2, #16
  45 0018 0192     		str	r2, [sp, #4]
  46              		.loc 1 134 3 view .LVU5
  47 001a 019A     		ldr	r2, [sp, #4]
  48              	.LBE4:
  49              		.loc 1 134 3 view .LVU6
 135:Core/Src/main.c ****   __HAL_RCC_GPIOF_CLK_ENABLE();
  50              		.loc 1 135 3 view .LVU7
  51              	.LBB5:
  52              		.loc 1 135 3 view .LVU8
  53              		.loc 1 135 3 view .LVU9
  54 001c D3F8E020 		ldr	r2, [r3, #224]
  55 0020 42F02002 		orr	r2, r2, #32
  56 0024 C3F8E020 		str	r2, [r3, #224]
  57              		.loc 1 135 3 view .LVU10
  58 0028 D3F8E020 		ldr	r2, [r3, #224]
  59 002c 02F02002 		and	r2, r2, #32
  60 0030 0292     		str	r2, [sp, #8]
  61              		.loc 1 135 3 view .LVU11
  62 0032 029A     		ldr	r2, [sp, #8]
  63              	.LBE5:
  64              		.loc 1 135 3 view .LVU12
 136:Core/Src/main.c ****   __HAL_RCC_GPIOC_CLK_ENABLE();
  65              		.loc 1 136 3 view .LVU13
  66              	.LBB6:
  67              		.loc 1 136 3 view .LVU14
  68              		.loc 1 136 3 view .LVU15
  69 0034 D3F8E020 		ldr	r2, [r3, #224]
  70 0038 42F00402 		orr	r2, r2, #4
  71 003c C3F8E020 		str	r2, [r3, #224]
  72              		.loc 1 136 3 view .LVU16
  73 0040 D3F8E020 		ldr	r2, [r3, #224]
  74 0044 02F00402 		and	r2, r2, #4
  75 0048 0392     		str	r2, [sp, #12]
  76              		.loc 1 136 3 view .LVU17
  77 004a 039A     		ldr	r2, [sp, #12]
  78              	.LBE6:
  79              		.loc 1 136 3 view .LVU18
 137:Core/Src/main.c ****   __HAL_RCC_GPIOA_CLK_ENABLE();
  80              		.loc 1 137 3 view .LVU19
  81              	.LBB7:
  82              		.loc 1 137 3 view .LVU20
  83              		.loc 1 137 3 view .LVU21
  84 004c D3F8E020 		ldr	r2, [r3, #224]
  85 0050 42F00102 		orr	r2, r2, #1
  86 0054 C3F8E020 		str	r2, [r3, #224]
  87              		.loc 1 137 3 view .LVU22
  88 0058 D3F8E020 		ldr	r2, [r3, #224]
  89 005c 02F00102 		and	r2, r2, #1
  90 0060 0492     		str	r2, [sp, #16]
  91              		.loc 1 137 3 view .LVU23
  92 0062 049A     		ldr	r2, [sp, #16]
ARM GAS  /var/folders/l4/6w9kflz11csb_6qsyz46nv3c0000gp/T//ccDRyc1I.s 			page 5


  93              	.LBE7:
  94              		.loc 1 137 3 view .LVU24
 138:Core/Src/main.c ****   __HAL_RCC_GPIOB_CLK_ENABLE();
  95              		.loc 1 138 3 view .LVU25
  96              	.LBB8:
  97              		.loc 1 138 3 view .LVU26
  98              		.loc 1 138 3 view .LVU27
  99 0064 D3F8E020 		ldr	r2, [r3, #224]
 100 0068 42F00202 		orr	r2, r2, #2
 101 006c C3F8E020 		str	r2, [r3, #224]
 102              		.loc 1 138 3 view .LVU28
 103 0070 D3F8E020 		ldr	r2, [r3, #224]
 104 0074 02F00202 		and	r2, r2, #2
 105 0078 0592     		str	r2, [sp, #20]
 106              		.loc 1 138 3 view .LVU29
 107 007a 059A     		ldr	r2, [sp, #20]
 108              	.LBE8:
 109              		.loc 1 138 3 view .LVU30
 139:Core/Src/main.c ****   __HAL_RCC_GPIOD_CLK_ENABLE();
 110              		.loc 1 139 3 view .LVU31
 111              	.LBB9:
 112              		.loc 1 139 3 view .LVU32
 113              		.loc 1 139 3 view .LVU33
 114 007c D3F8E020 		ldr	r2, [r3, #224]
 115 0080 42F00802 		orr	r2, r2, #8
 116 0084 C3F8E020 		str	r2, [r3, #224]
 117              		.loc 1 139 3 view .LVU34
 118 0088 D3F8E020 		ldr	r2, [r3, #224]
 119 008c 02F00802 		and	r2, r2, #8
 120 0090 0692     		str	r2, [sp, #24]
 121              		.loc 1 139 3 view .LVU35
 122 0092 069A     		ldr	r2, [sp, #24]
 123              	.LBE9:
 124              		.loc 1 139 3 view .LVU36
 140:Core/Src/main.c ****   __HAL_RCC_GPIOG_CLK_ENABLE();
 125              		.loc 1 140 3 view .LVU37
 126              	.LBB10:
 127              		.loc 1 140 3 view .LVU38
 128              		.loc 1 140 3 view .LVU39
 129 0094 D3F8E020 		ldr	r2, [r3, #224]
 130 0098 42F04002 		orr	r2, r2, #64
 131 009c C3F8E020 		str	r2, [r3, #224]
 132              		.loc 1 140 3 view .LVU40
 133 00a0 D3F8E030 		ldr	r3, [r3, #224]
 134 00a4 03F04003 		and	r3, r3, #64
 135 00a8 0793     		str	r3, [sp, #28]
 136              		.loc 1 140 3 view .LVU41
 137 00aa 079B     		ldr	r3, [sp, #28]
 138              	.LBE10:
 139              		.loc 1 140 3 view .LVU42
 141:Core/Src/main.c **** }
 140              		.loc 1 141 1 is_stmt 0 view .LVU43
 141 00ac 08B0     		add	sp, sp, #32
 142              		.cfi_def_cfa_offset 0
 143              		@ sp needed
 144 00ae 7047     		bx	lr
 145              	.L4:
ARM GAS  /var/folders/l4/6w9kflz11csb_6qsyz46nv3c0000gp/T//ccDRyc1I.s 			page 6


 146              		.align	2
 147              	.L3:
 148 00b0 00440258 		.word	1476543488
 149              		.cfi_endproc
 150              	.LFE146:
 152              		.section	.text.LTDC_FSM_Handle,"ax",%progbits
 153              		.align	1
 154              		.global	LTDC_FSM_Handle
 155              		.syntax unified
 156              		.thumb
 157              		.thumb_func
 159              	LTDC_FSM_Handle:
 160              	.LVL0:
 161              	.LFB147:
 142:Core/Src/main.c **** 
 143:Core/Src/main.c **** /* USER CODE BEGIN 4 */
 144:Core/Src/main.c **** uint8_t flag =1;
 145:Core/Src/main.c **** void LTDC_FSM_Handle(LTDC_Block_t *MainLTDC){
 162              		.loc 1 145 45 is_stmt 1 view -0
 163              		.cfi_startproc
 164              		@ args = 0, pretend = 0, frame = 0
 165              		@ frame_needed = 0, uses_anonymous_args = 0
 166              		.loc 1 145 45 is_stmt 0 view .LVU45
 167 0000 10B5     		push	{r4, lr}
 168              		.cfi_def_cfa_offset 8
 169              		.cfi_offset 4, -8
 170              		.cfi_offset 14, -4
 171 0002 0446     		mov	r4, r0
 146:Core/Src/main.c **** 
 147:Core/Src/main.c ****     switch (MainLTDC->state)
 172              		.loc 1 147 5 is_stmt 1 view .LVU46
 173              		.loc 1 147 21 is_stmt 0 view .LVU47
 174 0004 0378     		ldrb	r3, [r0]	@ zero_extendqisi2
 175              		.loc 1 147 5 view .LVU48
 176 0006 072B     		cmp	r3, #7
 177 0008 07D8     		bhi	.L5
 178 000a DFE803F0 		tbb	[pc, r3]
 179              	.L8:
 180 000e 04       		.byte	(.L12-.L8)/2
 181 000f 07       		.byte	(.L11-.L8)/2
 182 0010 06       		.byte	(.L5-.L8)/2
 183 0011 0E       		.byte	(.L10-.L8)/2
 184 0012 06       		.byte	(.L5-.L8)/2
 185 0013 06       		.byte	(.L5-.L8)/2
 186 0014 18       		.byte	(.L9-.L8)/2
 187 0015 1B       		.byte	(.L7-.L8)/2
 188              		.p2align 1
 189              	.L12:
 148:Core/Src/main.c ****     {
 149:Core/Src/main.c ****         
 150:Core/Src/main.c ****     case FSM_IDLE:
 151:Core/Src/main.c ****     // if ... 
 152:Core/Src/main.c ****     MainLTDC->state = FSM_START_FRAME;
 190              		.loc 1 152 5 is_stmt 1 view .LVU49
 191              		.loc 1 152 21 is_stmt 0 view .LVU50
 192 0016 0123     		movs	r3, #1
 193 0018 0370     		strb	r3, [r0]
ARM GAS  /var/folders/l4/6w9kflz11csb_6qsyz46nv3c0000gp/T//ccDRyc1I.s 			page 7


 153:Core/Src/main.c ****     break;
 194              		.loc 1 153 5 is_stmt 1 view .LVU51
 195              	.LVL1:
 196              	.L5:
 154:Core/Src/main.c **** 
 155:Core/Src/main.c ****     case FSM_START_FRAME:
 156:Core/Src/main.c ****       // if(flag) {
 157:Core/Src/main.c ****       //   FillFrameBuffer(0x55, MainLTDC->frame_buffer); 
 158:Core/Src/main.c ****       //   flag =0;
 159:Core/Src/main.c ****       // }
 160:Core/Src/main.c ****       // else {
 161:Core/Src/main.c ****         FillFrameBuffer(0xff, MainLTDC->frame_buffer);
 162:Core/Src/main.c ****         // flag=1;
 163:Core/Src/main.c ****       // }
 164:Core/Src/main.c ****        MainLTDC->state = FSM_RUNNING;
 165:Core/Src/main.c ****     break;
 166:Core/Src/main.c **** 
 167:Core/Src/main.c ****     case FSM_RUNNING:
 168:Core/Src/main.c ****       if(MainLTDC->count ==1){
 169:Core/Src/main.c ****         MainLTDC->count = 0;
 170:Core/Src/main.c ****         MainLTDC->state = FSM_END_FRAME;
 171:Core/Src/main.c ****       }
 172:Core/Src/main.c ****     break;
 173:Core/Src/main.c **** 
 174:Core/Src/main.c ****     case FSM_END_FRAME:
 175:Core/Src/main.c ****       MainLTDC->state = FSM_STOP_FRAME;
 176:Core/Src/main.c ****     break;
 177:Core/Src/main.c **** 
 178:Core/Src/main.c ****     case FSM_STOP_FRAME:
 179:Core/Src/main.c ****     MainLTDC->state = FSM_IDLE;
 180:Core/Src/main.c **** 
 181:Core/Src/main.c ****     //
 182:Core/Src/main.c ****     break;
 183:Core/Src/main.c **** 
 184:Core/Src/main.c ****     default:
 185:Core/Src/main.c ****         break;
 186:Core/Src/main.c ****     }
 187:Core/Src/main.c **** }
 197              		.loc 1 187 1 is_stmt 0 view .LVU52
 198 001a 10BD     		pop	{r4, pc}
 199              	.LVL2:
 200              	.L11:
 161:Core/Src/main.c ****         // flag=1;
 201              		.loc 1 161 9 is_stmt 1 view .LVU53
 202 001c 4168     		ldr	r1, [r0, #4]
 203 001e FF20     		movs	r0, #255
 204              	.LVL3:
 161:Core/Src/main.c ****         // flag=1;
 205              		.loc 1 161 9 is_stmt 0 view .LVU54
 206 0020 FFF7FEFF 		bl	FillFrameBuffer
 207              	.LVL4:
 164:Core/Src/main.c ****     break;
 208              		.loc 1 164 8 is_stmt 1 view .LVU55
 164:Core/Src/main.c ****     break;
 209              		.loc 1 164 24 is_stmt 0 view .LVU56
 210 0024 0323     		movs	r3, #3
 211 0026 2370     		strb	r3, [r4]
ARM GAS  /var/folders/l4/6w9kflz11csb_6qsyz46nv3c0000gp/T//ccDRyc1I.s 			page 8


 165:Core/Src/main.c **** 
 212              		.loc 1 165 5 is_stmt 1 view .LVU57
 213 0028 F7E7     		b	.L5
 214              	.LVL5:
 215              	.L10:
 168:Core/Src/main.c ****         MainLTDC->count = 0;
 216              		.loc 1 168 7 view .LVU58
 168:Core/Src/main.c ****         MainLTDC->count = 0;
 217              		.loc 1 168 18 is_stmt 0 view .LVU59
 218 002a D0F8E430 		ldr	r3, [r0, #228]
 168:Core/Src/main.c ****         MainLTDC->count = 0;
 219              		.loc 1 168 9 view .LVU60
 220 002e 012B     		cmp	r3, #1
 221 0030 F3D1     		bne	.L5
 169:Core/Src/main.c ****         MainLTDC->state = FSM_END_FRAME;
 222              		.loc 1 169 9 is_stmt 1 view .LVU61
 169:Core/Src/main.c ****         MainLTDC->state = FSM_END_FRAME;
 223              		.loc 1 169 25 is_stmt 0 view .LVU62
 224 0032 0023     		movs	r3, #0
 225 0034 C0F8E430 		str	r3, [r0, #228]
 170:Core/Src/main.c ****       }
 226              		.loc 1 170 9 is_stmt 1 view .LVU63
 170:Core/Src/main.c ****       }
 227              		.loc 1 170 25 is_stmt 0 view .LVU64
 228 0038 0623     		movs	r3, #6
 229 003a 0370     		strb	r3, [r0]
 230 003c EDE7     		b	.L5
 231              	.L9:
 175:Core/Src/main.c ****     break;
 232              		.loc 1 175 7 is_stmt 1 view .LVU65
 175:Core/Src/main.c ****     break;
 233              		.loc 1 175 23 is_stmt 0 view .LVU66
 234 003e 0723     		movs	r3, #7
 235 0040 0370     		strb	r3, [r0]
 176:Core/Src/main.c **** 
 236              		.loc 1 176 5 is_stmt 1 view .LVU67
 237 0042 EAE7     		b	.L5
 238              	.L7:
 179:Core/Src/main.c **** 
 239              		.loc 1 179 5 view .LVU68
 179:Core/Src/main.c **** 
 240              		.loc 1 179 21 is_stmt 0 view .LVU69
 241 0044 0023     		movs	r3, #0
 242 0046 0370     		strb	r3, [r0]
 182:Core/Src/main.c **** 
 243              		.loc 1 182 5 is_stmt 1 view .LVU70
 244              		.loc 1 187 1 is_stmt 0 view .LVU71
 245 0048 E7E7     		b	.L5
 246              		.cfi_endproc
 247              	.LFE147:
 249              		.section	.text.Error_Handler,"ax",%progbits
 250              		.align	1
 251              		.global	Error_Handler
 252              		.syntax unified
 253              		.thumb
 254              		.thumb_func
 256              	Error_Handler:
ARM GAS  /var/folders/l4/6w9kflz11csb_6qsyz46nv3c0000gp/T//ccDRyc1I.s 			page 9


 257              	.LFB149:
 188:Core/Src/main.c **** 
 189:Core/Src/main.c **** /* USER CODE END 4 */
 190:Core/Src/main.c **** 
 191:Core/Src/main.c **** /* MPU Configuration */
 192:Core/Src/main.c **** void MPU_Config(void)
 193:Core/Src/main.c **** {
 194:Core/Src/main.c ****   MPU_Region_InitTypeDef MPU_InitStruct = {0};
 195:Core/Src/main.c ****   HAL_MPU_Disable();
 196:Core/Src/main.c **** 
 197:Core/Src/main.c ****   MPU_InitStruct.Enable = MPU_REGION_ENABLE;
 198:Core/Src/main.c ****   MPU_InitStruct.Number = MPU_REGION_NUMBER0;
 199:Core/Src/main.c ****   MPU_InitStruct.BaseAddress = 0x0;
 200:Core/Src/main.c ****   MPU_InitStruct.Size = MPU_REGION_SIZE_4GB;
 201:Core/Src/main.c ****   MPU_InitStruct.SubRegionDisable = 0x87;
 202:Core/Src/main.c ****   MPU_InitStruct.TypeExtField = MPU_TEX_LEVEL0;
 203:Core/Src/main.c ****   MPU_InitStruct.AccessPermission = MPU_REGION_NO_ACCESS;
 204:Core/Src/main.c ****   MPU_InitStruct.DisableExec = MPU_INSTRUCTION_ACCESS_DISABLE;
 205:Core/Src/main.c ****   MPU_InitStruct.IsShareable = MPU_ACCESS_SHAREABLE;
 206:Core/Src/main.c ****   MPU_InitStruct.IsCacheable = MPU_ACCESS_NOT_CACHEABLE;
 207:Core/Src/main.c ****   MPU_InitStruct.IsBufferable = MPU_ACCESS_NOT_BUFFERABLE;
 208:Core/Src/main.c ****   HAL_MPU_ConfigRegion(&MPU_InitStruct);
 209:Core/Src/main.c **** 
 210:Core/Src/main.c ****   HAL_MPU_Enable(MPU_PRIVILEGED_DEFAULT);
 211:Core/Src/main.c **** }
 212:Core/Src/main.c **** 
 213:Core/Src/main.c **** void Error_Handler(void)
 214:Core/Src/main.c **** {
 258              		.loc 1 214 1 is_stmt 1 view -0
 259              		.cfi_startproc
 260              		@ Volatile: function does not return.
 261              		@ args = 0, pretend = 0, frame = 0
 262              		@ frame_needed = 0, uses_anonymous_args = 0
 263              		@ link register save eliminated.
 215:Core/Src/main.c ****   __disable_irq();
 264              		.loc 1 215 3 view .LVU73
 265              	.LBB11:
 266              	.LBI11:
 267              		.file 2 "Drivers/CMSIS/Include/cmsis_gcc.h"
   1:Drivers/CMSIS/Include/cmsis_gcc.h **** /**************************************************************************//**
   2:Drivers/CMSIS/Include/cmsis_gcc.h ****  * @file     cmsis_gcc.h
   3:Drivers/CMSIS/Include/cmsis_gcc.h ****  * @brief    CMSIS compiler GCC header file
   4:Drivers/CMSIS/Include/cmsis_gcc.h ****  * @version  V5.2.0
   5:Drivers/CMSIS/Include/cmsis_gcc.h ****  * @date     08. May 2019
   6:Drivers/CMSIS/Include/cmsis_gcc.h ****  ******************************************************************************/
   7:Drivers/CMSIS/Include/cmsis_gcc.h **** /*
   8:Drivers/CMSIS/Include/cmsis_gcc.h ****  * Copyright (c) 2009-2019 Arm Limited. All rights reserved.
   9:Drivers/CMSIS/Include/cmsis_gcc.h ****  *
  10:Drivers/CMSIS/Include/cmsis_gcc.h ****  * SPDX-License-Identifier: Apache-2.0
  11:Drivers/CMSIS/Include/cmsis_gcc.h ****  *
  12:Drivers/CMSIS/Include/cmsis_gcc.h ****  * Licensed under the Apache License, Version 2.0 (the License); you may
  13:Drivers/CMSIS/Include/cmsis_gcc.h ****  * not use this file except in compliance with the License.
  14:Drivers/CMSIS/Include/cmsis_gcc.h ****  * You may obtain a copy of the License at
  15:Drivers/CMSIS/Include/cmsis_gcc.h ****  *
  16:Drivers/CMSIS/Include/cmsis_gcc.h ****  * www.apache.org/licenses/LICENSE-2.0
  17:Drivers/CMSIS/Include/cmsis_gcc.h ****  *
  18:Drivers/CMSIS/Include/cmsis_gcc.h ****  * Unless required by applicable law or agreed to in writing, software
ARM GAS  /var/folders/l4/6w9kflz11csb_6qsyz46nv3c0000gp/T//ccDRyc1I.s 			page 10


  19:Drivers/CMSIS/Include/cmsis_gcc.h ****  * distributed under the License is distributed on an AS IS BASIS, WITHOUT
  20:Drivers/CMSIS/Include/cmsis_gcc.h ****  * WARRANTIES OR CONDITIONS OF ANY KIND, either express or implied.
  21:Drivers/CMSIS/Include/cmsis_gcc.h ****  * See the License for the specific language governing permissions and
  22:Drivers/CMSIS/Include/cmsis_gcc.h ****  * limitations under the License.
  23:Drivers/CMSIS/Include/cmsis_gcc.h ****  */
  24:Drivers/CMSIS/Include/cmsis_gcc.h **** 
  25:Drivers/CMSIS/Include/cmsis_gcc.h **** #ifndef __CMSIS_GCC_H
  26:Drivers/CMSIS/Include/cmsis_gcc.h **** #define __CMSIS_GCC_H
  27:Drivers/CMSIS/Include/cmsis_gcc.h **** 
  28:Drivers/CMSIS/Include/cmsis_gcc.h **** /* ignore some GCC warnings */
  29:Drivers/CMSIS/Include/cmsis_gcc.h **** #pragma GCC diagnostic push
  30:Drivers/CMSIS/Include/cmsis_gcc.h **** #pragma GCC diagnostic ignored "-Wsign-conversion"
  31:Drivers/CMSIS/Include/cmsis_gcc.h **** #pragma GCC diagnostic ignored "-Wconversion"
  32:Drivers/CMSIS/Include/cmsis_gcc.h **** #pragma GCC diagnostic ignored "-Wunused-parameter"
  33:Drivers/CMSIS/Include/cmsis_gcc.h **** 
  34:Drivers/CMSIS/Include/cmsis_gcc.h **** /* Fallback for __has_builtin */
  35:Drivers/CMSIS/Include/cmsis_gcc.h **** #ifndef __has_builtin
  36:Drivers/CMSIS/Include/cmsis_gcc.h ****   #define __has_builtin(x) (0)
  37:Drivers/CMSIS/Include/cmsis_gcc.h **** #endif
  38:Drivers/CMSIS/Include/cmsis_gcc.h **** 
  39:Drivers/CMSIS/Include/cmsis_gcc.h **** /* CMSIS compiler specific defines */
  40:Drivers/CMSIS/Include/cmsis_gcc.h **** #ifndef   __ASM
  41:Drivers/CMSIS/Include/cmsis_gcc.h ****   #define __ASM                                  __asm
  42:Drivers/CMSIS/Include/cmsis_gcc.h **** #endif
  43:Drivers/CMSIS/Include/cmsis_gcc.h **** #ifndef   __INLINE
  44:Drivers/CMSIS/Include/cmsis_gcc.h ****   #define __INLINE                               inline
  45:Drivers/CMSIS/Include/cmsis_gcc.h **** #endif
  46:Drivers/CMSIS/Include/cmsis_gcc.h **** #ifndef   __STATIC_INLINE
  47:Drivers/CMSIS/Include/cmsis_gcc.h ****   #define __STATIC_INLINE                        static inline
  48:Drivers/CMSIS/Include/cmsis_gcc.h **** #endif
  49:Drivers/CMSIS/Include/cmsis_gcc.h **** #ifndef   __STATIC_FORCEINLINE                 
  50:Drivers/CMSIS/Include/cmsis_gcc.h ****   #define __STATIC_FORCEINLINE                   __attribute__((always_inline)) static inline
  51:Drivers/CMSIS/Include/cmsis_gcc.h **** #endif                                           
  52:Drivers/CMSIS/Include/cmsis_gcc.h **** #ifndef   __NO_RETURN
  53:Drivers/CMSIS/Include/cmsis_gcc.h ****   #define __NO_RETURN                            __attribute__((__noreturn__))
  54:Drivers/CMSIS/Include/cmsis_gcc.h **** #endif
  55:Drivers/CMSIS/Include/cmsis_gcc.h **** #ifndef   __USED
  56:Drivers/CMSIS/Include/cmsis_gcc.h ****   #define __USED                                 __attribute__((used))
  57:Drivers/CMSIS/Include/cmsis_gcc.h **** #endif
  58:Drivers/CMSIS/Include/cmsis_gcc.h **** #ifndef   __WEAK
  59:Drivers/CMSIS/Include/cmsis_gcc.h ****   #define __WEAK                                 __attribute__((weak))
  60:Drivers/CMSIS/Include/cmsis_gcc.h **** #endif
  61:Drivers/CMSIS/Include/cmsis_gcc.h **** #ifndef   __PACKED
  62:Drivers/CMSIS/Include/cmsis_gcc.h ****   #define __PACKED                               __attribute__((packed, aligned(1)))
  63:Drivers/CMSIS/Include/cmsis_gcc.h **** #endif
  64:Drivers/CMSIS/Include/cmsis_gcc.h **** #ifndef   __PACKED_STRUCT
  65:Drivers/CMSIS/Include/cmsis_gcc.h ****   #define __PACKED_STRUCT                        struct __attribute__((packed, aligned(1)))
  66:Drivers/CMSIS/Include/cmsis_gcc.h **** #endif
  67:Drivers/CMSIS/Include/cmsis_gcc.h **** #ifndef   __PACKED_UNION
  68:Drivers/CMSIS/Include/cmsis_gcc.h ****   #define __PACKED_UNION                         union __attribute__((packed, aligned(1)))
  69:Drivers/CMSIS/Include/cmsis_gcc.h **** #endif
  70:Drivers/CMSIS/Include/cmsis_gcc.h **** #ifndef   __UNALIGNED_UINT32        /* deprecated */
  71:Drivers/CMSIS/Include/cmsis_gcc.h ****   #pragma GCC diagnostic push
  72:Drivers/CMSIS/Include/cmsis_gcc.h ****   #pragma GCC diagnostic ignored "-Wpacked"
  73:Drivers/CMSIS/Include/cmsis_gcc.h ****   #pragma GCC diagnostic ignored "-Wattributes"
  74:Drivers/CMSIS/Include/cmsis_gcc.h ****   struct __attribute__((packed)) T_UINT32 { uint32_t v; };
  75:Drivers/CMSIS/Include/cmsis_gcc.h ****   #pragma GCC diagnostic pop
ARM GAS  /var/folders/l4/6w9kflz11csb_6qsyz46nv3c0000gp/T//ccDRyc1I.s 			page 11


  76:Drivers/CMSIS/Include/cmsis_gcc.h ****   #define __UNALIGNED_UINT32(x)                  (((struct T_UINT32 *)(x))->v)
  77:Drivers/CMSIS/Include/cmsis_gcc.h **** #endif
  78:Drivers/CMSIS/Include/cmsis_gcc.h **** #ifndef   __UNALIGNED_UINT16_WRITE
  79:Drivers/CMSIS/Include/cmsis_gcc.h ****   #pragma GCC diagnostic push
  80:Drivers/CMSIS/Include/cmsis_gcc.h ****   #pragma GCC diagnostic ignored "-Wpacked"
  81:Drivers/CMSIS/Include/cmsis_gcc.h ****   #pragma GCC diagnostic ignored "-Wattributes"
  82:Drivers/CMSIS/Include/cmsis_gcc.h ****   __PACKED_STRUCT T_UINT16_WRITE { uint16_t v; };
  83:Drivers/CMSIS/Include/cmsis_gcc.h ****   #pragma GCC diagnostic pop
  84:Drivers/CMSIS/Include/cmsis_gcc.h ****   #define __UNALIGNED_UINT16_WRITE(addr, val)    (void)((((struct T_UINT16_WRITE *)(void *)(addr))-
  85:Drivers/CMSIS/Include/cmsis_gcc.h **** #endif
  86:Drivers/CMSIS/Include/cmsis_gcc.h **** #ifndef   __UNALIGNED_UINT16_READ
  87:Drivers/CMSIS/Include/cmsis_gcc.h ****   #pragma GCC diagnostic push
  88:Drivers/CMSIS/Include/cmsis_gcc.h ****   #pragma GCC diagnostic ignored "-Wpacked"
  89:Drivers/CMSIS/Include/cmsis_gcc.h ****   #pragma GCC diagnostic ignored "-Wattributes"
  90:Drivers/CMSIS/Include/cmsis_gcc.h ****   __PACKED_STRUCT T_UINT16_READ { uint16_t v; };
  91:Drivers/CMSIS/Include/cmsis_gcc.h ****   #pragma GCC diagnostic pop
  92:Drivers/CMSIS/Include/cmsis_gcc.h ****   #define __UNALIGNED_UINT16_READ(addr)          (((const struct T_UINT16_READ *)(const void *)(add
  93:Drivers/CMSIS/Include/cmsis_gcc.h **** #endif
  94:Drivers/CMSIS/Include/cmsis_gcc.h **** #ifndef   __UNALIGNED_UINT32_WRITE
  95:Drivers/CMSIS/Include/cmsis_gcc.h ****   #pragma GCC diagnostic push
  96:Drivers/CMSIS/Include/cmsis_gcc.h ****   #pragma GCC diagnostic ignored "-Wpacked"
  97:Drivers/CMSIS/Include/cmsis_gcc.h ****   #pragma GCC diagnostic ignored "-Wattributes"
  98:Drivers/CMSIS/Include/cmsis_gcc.h ****   __PACKED_STRUCT T_UINT32_WRITE { uint32_t v; };
  99:Drivers/CMSIS/Include/cmsis_gcc.h ****   #pragma GCC diagnostic pop
 100:Drivers/CMSIS/Include/cmsis_gcc.h ****   #define __UNALIGNED_UINT32_WRITE(addr, val)    (void)((((struct T_UINT32_WRITE *)(void *)(addr))-
 101:Drivers/CMSIS/Include/cmsis_gcc.h **** #endif
 102:Drivers/CMSIS/Include/cmsis_gcc.h **** #ifndef   __UNALIGNED_UINT32_READ
 103:Drivers/CMSIS/Include/cmsis_gcc.h ****   #pragma GCC diagnostic push
 104:Drivers/CMSIS/Include/cmsis_gcc.h ****   #pragma GCC diagnostic ignored "-Wpacked"
 105:Drivers/CMSIS/Include/cmsis_gcc.h ****   #pragma GCC diagnostic ignored "-Wattributes"
 106:Drivers/CMSIS/Include/cmsis_gcc.h ****   __PACKED_STRUCT T_UINT32_READ { uint32_t v; };
 107:Drivers/CMSIS/Include/cmsis_gcc.h ****   #pragma GCC diagnostic pop
 108:Drivers/CMSIS/Include/cmsis_gcc.h ****   #define __UNALIGNED_UINT32_READ(addr)          (((const struct T_UINT32_READ *)(const void *)(add
 109:Drivers/CMSIS/Include/cmsis_gcc.h **** #endif
 110:Drivers/CMSIS/Include/cmsis_gcc.h **** #ifndef   __ALIGNED
 111:Drivers/CMSIS/Include/cmsis_gcc.h ****   #define __ALIGNED(x)                           __attribute__((aligned(x)))
 112:Drivers/CMSIS/Include/cmsis_gcc.h **** #endif
 113:Drivers/CMSIS/Include/cmsis_gcc.h **** #ifndef   __RESTRICT
 114:Drivers/CMSIS/Include/cmsis_gcc.h ****   #define __RESTRICT                             __restrict
 115:Drivers/CMSIS/Include/cmsis_gcc.h **** #endif
 116:Drivers/CMSIS/Include/cmsis_gcc.h **** #ifndef   __COMPILER_BARRIER
 117:Drivers/CMSIS/Include/cmsis_gcc.h ****   #define __COMPILER_BARRIER()                   __ASM volatile("":::"memory")
 118:Drivers/CMSIS/Include/cmsis_gcc.h **** #endif
 119:Drivers/CMSIS/Include/cmsis_gcc.h **** 
 120:Drivers/CMSIS/Include/cmsis_gcc.h **** /* #########################  Startup and Lowlevel Init  ######################## */
 121:Drivers/CMSIS/Include/cmsis_gcc.h **** 
 122:Drivers/CMSIS/Include/cmsis_gcc.h **** #ifndef __PROGRAM_START
 123:Drivers/CMSIS/Include/cmsis_gcc.h **** 
 124:Drivers/CMSIS/Include/cmsis_gcc.h **** /**
 125:Drivers/CMSIS/Include/cmsis_gcc.h ****   \brief   Initializes data and bss sections
 126:Drivers/CMSIS/Include/cmsis_gcc.h ****   \details This default implementations initialized all data and additional bss
 127:Drivers/CMSIS/Include/cmsis_gcc.h ****            sections relying on .copy.table and .zero.table specified properly
 128:Drivers/CMSIS/Include/cmsis_gcc.h ****            in the used linker script.
 129:Drivers/CMSIS/Include/cmsis_gcc.h ****   
 130:Drivers/CMSIS/Include/cmsis_gcc.h ****  */
 131:Drivers/CMSIS/Include/cmsis_gcc.h **** __STATIC_FORCEINLINE __NO_RETURN void __cmsis_start(void)
 132:Drivers/CMSIS/Include/cmsis_gcc.h **** {
ARM GAS  /var/folders/l4/6w9kflz11csb_6qsyz46nv3c0000gp/T//ccDRyc1I.s 			page 12


 133:Drivers/CMSIS/Include/cmsis_gcc.h ****   extern void _start(void) __NO_RETURN;
 134:Drivers/CMSIS/Include/cmsis_gcc.h ****   
 135:Drivers/CMSIS/Include/cmsis_gcc.h ****   typedef struct {
 136:Drivers/CMSIS/Include/cmsis_gcc.h ****     uint32_t const* src;
 137:Drivers/CMSIS/Include/cmsis_gcc.h ****     uint32_t* dest;
 138:Drivers/CMSIS/Include/cmsis_gcc.h ****     uint32_t  wlen;
 139:Drivers/CMSIS/Include/cmsis_gcc.h ****   } __copy_table_t;
 140:Drivers/CMSIS/Include/cmsis_gcc.h ****   
 141:Drivers/CMSIS/Include/cmsis_gcc.h ****   typedef struct {
 142:Drivers/CMSIS/Include/cmsis_gcc.h ****     uint32_t* dest;
 143:Drivers/CMSIS/Include/cmsis_gcc.h ****     uint32_t  wlen;
 144:Drivers/CMSIS/Include/cmsis_gcc.h ****   } __zero_table_t;
 145:Drivers/CMSIS/Include/cmsis_gcc.h ****   
 146:Drivers/CMSIS/Include/cmsis_gcc.h ****   extern const __copy_table_t __copy_table_start__;
 147:Drivers/CMSIS/Include/cmsis_gcc.h ****   extern const __copy_table_t __copy_table_end__;
 148:Drivers/CMSIS/Include/cmsis_gcc.h ****   extern const __zero_table_t __zero_table_start__;
 149:Drivers/CMSIS/Include/cmsis_gcc.h ****   extern const __zero_table_t __zero_table_end__;
 150:Drivers/CMSIS/Include/cmsis_gcc.h **** 
 151:Drivers/CMSIS/Include/cmsis_gcc.h ****   for (__copy_table_t const* pTable = &__copy_table_start__; pTable < &__copy_table_end__; ++pTable
 152:Drivers/CMSIS/Include/cmsis_gcc.h ****     for(uint32_t i=0u; i<pTable->wlen; ++i) {
 153:Drivers/CMSIS/Include/cmsis_gcc.h ****       pTable->dest[i] = pTable->src[i];
 154:Drivers/CMSIS/Include/cmsis_gcc.h ****     }
 155:Drivers/CMSIS/Include/cmsis_gcc.h ****   }
 156:Drivers/CMSIS/Include/cmsis_gcc.h ****  
 157:Drivers/CMSIS/Include/cmsis_gcc.h ****   for (__zero_table_t const* pTable = &__zero_table_start__; pTable < &__zero_table_end__; ++pTable
 158:Drivers/CMSIS/Include/cmsis_gcc.h ****     for(uint32_t i=0u; i<pTable->wlen; ++i) {
 159:Drivers/CMSIS/Include/cmsis_gcc.h ****       pTable->dest[i] = 0u;
 160:Drivers/CMSIS/Include/cmsis_gcc.h ****     }
 161:Drivers/CMSIS/Include/cmsis_gcc.h ****   }
 162:Drivers/CMSIS/Include/cmsis_gcc.h ****  
 163:Drivers/CMSIS/Include/cmsis_gcc.h ****   _start();
 164:Drivers/CMSIS/Include/cmsis_gcc.h **** }
 165:Drivers/CMSIS/Include/cmsis_gcc.h ****   
 166:Drivers/CMSIS/Include/cmsis_gcc.h **** #define __PROGRAM_START           __cmsis_start
 167:Drivers/CMSIS/Include/cmsis_gcc.h **** #endif
 168:Drivers/CMSIS/Include/cmsis_gcc.h **** 
 169:Drivers/CMSIS/Include/cmsis_gcc.h **** #ifndef __INITIAL_SP
 170:Drivers/CMSIS/Include/cmsis_gcc.h **** #define __INITIAL_SP              __StackTop
 171:Drivers/CMSIS/Include/cmsis_gcc.h **** #endif
 172:Drivers/CMSIS/Include/cmsis_gcc.h **** 
 173:Drivers/CMSIS/Include/cmsis_gcc.h **** #ifndef __STACK_LIMIT
 174:Drivers/CMSIS/Include/cmsis_gcc.h **** #define __STACK_LIMIT             __StackLimit
 175:Drivers/CMSIS/Include/cmsis_gcc.h **** #endif
 176:Drivers/CMSIS/Include/cmsis_gcc.h **** 
 177:Drivers/CMSIS/Include/cmsis_gcc.h **** #ifndef __VECTOR_TABLE
 178:Drivers/CMSIS/Include/cmsis_gcc.h **** #define __VECTOR_TABLE            __Vectors
 179:Drivers/CMSIS/Include/cmsis_gcc.h **** #endif
 180:Drivers/CMSIS/Include/cmsis_gcc.h **** 
 181:Drivers/CMSIS/Include/cmsis_gcc.h **** #ifndef __VECTOR_TABLE_ATTRIBUTE
 182:Drivers/CMSIS/Include/cmsis_gcc.h **** #define __VECTOR_TABLE_ATTRIBUTE  __attribute((used, section(".vectors")))
 183:Drivers/CMSIS/Include/cmsis_gcc.h **** #endif
 184:Drivers/CMSIS/Include/cmsis_gcc.h **** 
 185:Drivers/CMSIS/Include/cmsis_gcc.h **** /* ###########################  Core Function Access  ########################### */
 186:Drivers/CMSIS/Include/cmsis_gcc.h **** /** \ingroup  CMSIS_Core_FunctionInterface
 187:Drivers/CMSIS/Include/cmsis_gcc.h ****     \defgroup CMSIS_Core_RegAccFunctions CMSIS Core Register Access Functions
 188:Drivers/CMSIS/Include/cmsis_gcc.h ****   @{
 189:Drivers/CMSIS/Include/cmsis_gcc.h ****  */
ARM GAS  /var/folders/l4/6w9kflz11csb_6qsyz46nv3c0000gp/T//ccDRyc1I.s 			page 13


 190:Drivers/CMSIS/Include/cmsis_gcc.h **** 
 191:Drivers/CMSIS/Include/cmsis_gcc.h **** /**
 192:Drivers/CMSIS/Include/cmsis_gcc.h ****   \brief   Enable IRQ Interrupts
 193:Drivers/CMSIS/Include/cmsis_gcc.h ****   \details Enables IRQ interrupts by clearing the I-bit in the CPSR.
 194:Drivers/CMSIS/Include/cmsis_gcc.h ****            Can only be executed in Privileged modes.
 195:Drivers/CMSIS/Include/cmsis_gcc.h ****  */
 196:Drivers/CMSIS/Include/cmsis_gcc.h **** __STATIC_FORCEINLINE void __enable_irq(void)
 197:Drivers/CMSIS/Include/cmsis_gcc.h **** {
 198:Drivers/CMSIS/Include/cmsis_gcc.h ****   __ASM volatile ("cpsie i" : : : "memory");
 199:Drivers/CMSIS/Include/cmsis_gcc.h **** }
 200:Drivers/CMSIS/Include/cmsis_gcc.h **** 
 201:Drivers/CMSIS/Include/cmsis_gcc.h **** 
 202:Drivers/CMSIS/Include/cmsis_gcc.h **** /**
 203:Drivers/CMSIS/Include/cmsis_gcc.h ****   \brief   Disable IRQ Interrupts
 204:Drivers/CMSIS/Include/cmsis_gcc.h ****   \details Disables IRQ interrupts by setting the I-bit in the CPSR.
 205:Drivers/CMSIS/Include/cmsis_gcc.h ****            Can only be executed in Privileged modes.
 206:Drivers/CMSIS/Include/cmsis_gcc.h ****  */
 207:Drivers/CMSIS/Include/cmsis_gcc.h **** __STATIC_FORCEINLINE void __disable_irq(void)
 268              		.loc 2 207 27 view .LVU74
 269              	.LBB12:
 208:Drivers/CMSIS/Include/cmsis_gcc.h **** {
 209:Drivers/CMSIS/Include/cmsis_gcc.h ****   __ASM volatile ("cpsid i" : : : "memory");
 270              		.loc 2 209 3 view .LVU75
 271              		.syntax unified
 272              	@ 209 "Drivers/CMSIS/Include/cmsis_gcc.h" 1
 273 0000 72B6     		cpsid i
 274              	@ 0 "" 2
 275              		.thumb
 276              		.syntax unified
 277              	.L16:
 278              	.LBE12:
 279              	.LBE11:
 216:Core/Src/main.c ****   while (1) {}
 280              		.loc 1 216 3 view .LVU76
 281              		.loc 1 216 14 view .LVU77
 282              		.loc 1 216 9 view .LVU78
 283 0002 FEE7     		b	.L16
 284              		.cfi_endproc
 285              	.LFE149:
 287              		.section	.text.SystemClock_Config,"ax",%progbits
 288              		.align	1
 289              		.global	SystemClock_Config
 290              		.syntax unified
 291              		.thumb
 292              		.thumb_func
 294              	SystemClock_Config:
 295              	.LFB145:
  72:Core/Src/main.c ****   RCC_OscInitTypeDef RCC_OscInitStruct = {0};
 296              		.loc 1 72 1 view -0
 297              		.cfi_startproc
 298              		@ args = 0, pretend = 0, frame = 312
 299              		@ frame_needed = 0, uses_anonymous_args = 0
 300 0000 00B5     		push	{lr}
 301              		.cfi_def_cfa_offset 4
 302              		.cfi_offset 14, -4
 303 0002 CFB0     		sub	sp, sp, #316
 304              		.cfi_def_cfa_offset 320
ARM GAS  /var/folders/l4/6w9kflz11csb_6qsyz46nv3c0000gp/T//ccDRyc1I.s 			page 14


  73:Core/Src/main.c ****   RCC_ClkInitTypeDef RCC_ClkInitStruct = {0};
 305              		.loc 1 73 3 view .LVU80
  73:Core/Src/main.c ****   RCC_ClkInitTypeDef RCC_ClkInitStruct = {0};
 306              		.loc 1 73 22 is_stmt 0 view .LVU81
 307 0004 4C22     		movs	r2, #76
 308 0006 0021     		movs	r1, #0
 309 0008 3BA8     		add	r0, sp, #236
 310 000a FFF7FEFF 		bl	memset
 311              	.LVL6:
  74:Core/Src/main.c ****   RCC_PeriphCLKInitTypeDef PeriphClkInitStruct = {0};
 312              		.loc 1 74 3 is_stmt 1 view .LVU82
  74:Core/Src/main.c ****   RCC_PeriphCLKInitTypeDef PeriphClkInitStruct = {0};
 313              		.loc 1 74 22 is_stmt 0 view .LVU83
 314 000e 2022     		movs	r2, #32
 315 0010 0021     		movs	r1, #0
 316 0012 33A8     		add	r0, sp, #204
 317 0014 FFF7FEFF 		bl	memset
 318              	.LVL7:
  75:Core/Src/main.c **** 
 319              		.loc 1 75 3 is_stmt 1 view .LVU84
  75:Core/Src/main.c **** 
 320              		.loc 1 75 28 is_stmt 0 view .LVU85
 321 0018 C022     		movs	r2, #192
 322 001a 0021     		movs	r1, #0
 323 001c 02A8     		add	r0, sp, #8
 324 001e FFF7FEFF 		bl	memset
 325              	.LVL8:
  77:Core/Src/main.c ****   __HAL_PWR_VOLTAGESCALING_CONFIG(PWR_REGULATOR_VOLTAGE_SCALE3);
 326              		.loc 1 77 3 is_stmt 1 view .LVU86
 327 0022 0220     		movs	r0, #2
 328 0024 FFF7FEFF 		bl	HAL_PWREx_ConfigSupply
 329              	.LVL9:
  78:Core/Src/main.c ****   while(!__HAL_PWR_GET_FLAG(PWR_FLAG_VOSRDY)) {}
 330              		.loc 1 78 3 view .LVU87
 331              	.LBB13:
  78:Core/Src/main.c ****   while(!__HAL_PWR_GET_FLAG(PWR_FLAG_VOSRDY)) {}
 332              		.loc 1 78 3 view .LVU88
 333 0028 0023     		movs	r3, #0
 334 002a 0193     		str	r3, [sp, #4]
  78:Core/Src/main.c ****   while(!__HAL_PWR_GET_FLAG(PWR_FLAG_VOSRDY)) {}
 335              		.loc 1 78 3 view .LVU89
  78:Core/Src/main.c ****   while(!__HAL_PWR_GET_FLAG(PWR_FLAG_VOSRDY)) {}
 336              		.loc 1 78 3 discriminator 2 view .LVU90
 337 002c 324B     		ldr	r3, .L26
 338 002e D96A     		ldr	r1, [r3, #44]
 339 0030 21F00101 		bic	r1, r1, #1
 340 0034 D962     		str	r1, [r3, #44]
  78:Core/Src/main.c ****   while(!__HAL_PWR_GET_FLAG(PWR_FLAG_VOSRDY)) {}
 341              		.loc 1 78 3 view .LVU91
  78:Core/Src/main.c ****   while(!__HAL_PWR_GET_FLAG(PWR_FLAG_VOSRDY)) {}
 342              		.loc 1 78 3 is_stmt 0 discriminator 2 view .LVU92
 343 0036 DB6A     		ldr	r3, [r3, #44]
 344 0038 03F00103 		and	r3, r3, #1
 345 003c 0193     		str	r3, [sp, #4]
  78:Core/Src/main.c ****   while(!__HAL_PWR_GET_FLAG(PWR_FLAG_VOSRDY)) {}
 346              		.loc 1 78 3 is_stmt 1 view .LVU93
  78:Core/Src/main.c ****   while(!__HAL_PWR_GET_FLAG(PWR_FLAG_VOSRDY)) {}
ARM GAS  /var/folders/l4/6w9kflz11csb_6qsyz46nv3c0000gp/T//ccDRyc1I.s 			page 15


 347              		.loc 1 78 3 is_stmt 0 discriminator 2 view .LVU94
 348 003e 2F49     		ldr	r1, .L26+4
 349 0040 8B69     		ldr	r3, [r1, #24]
 350 0042 23F44043 		bic	r3, r3, #49152
 351 0046 43F48043 		orr	r3, r3, #16384
 352 004a 8B61     		str	r3, [r1, #24]
  78:Core/Src/main.c ****   while(!__HAL_PWR_GET_FLAG(PWR_FLAG_VOSRDY)) {}
 353              		.loc 1 78 3 is_stmt 1 view .LVU95
  78:Core/Src/main.c ****   while(!__HAL_PWR_GET_FLAG(PWR_FLAG_VOSRDY)) {}
 354              		.loc 1 78 3 is_stmt 0 discriminator 2 view .LVU96
 355 004c 8B69     		ldr	r3, [r1, #24]
 356 004e 03F44043 		and	r3, r3, #49152
 357 0052 0193     		str	r3, [sp, #4]
  78:Core/Src/main.c ****   while(!__HAL_PWR_GET_FLAG(PWR_FLAG_VOSRDY)) {}
 358              		.loc 1 78 3 is_stmt 1 discriminator 4 view .LVU97
 359 0054 019B     		ldr	r3, [sp, #4]
 360              	.LBE13:
  78:Core/Src/main.c ****   while(!__HAL_PWR_GET_FLAG(PWR_FLAG_VOSRDY)) {}
 361              		.loc 1 78 3 view .LVU98
  79:Core/Src/main.c **** 
 362              		.loc 1 79 3 view .LVU99
 363              	.L18:
  79:Core/Src/main.c **** 
 364              		.loc 1 79 48 discriminator 1 view .LVU100
  79:Core/Src/main.c **** 
 365              		.loc 1 79 9 discriminator 1 view .LVU101
  79:Core/Src/main.c **** 
 366              		.loc 1 79 10 is_stmt 0 discriminator 1 view .LVU102
 367 0056 294B     		ldr	r3, .L26+4
 368 0058 9B69     		ldr	r3, [r3, #24]
  79:Core/Src/main.c **** 
 369              		.loc 1 79 9 discriminator 1 view .LVU103
 370 005a 13F4005F 		tst	r3, #8192
 371 005e FAD0     		beq	.L18
  81:Core/Src/main.c ****   RCC_OscInitStruct.HSIState = RCC_HSI_DIV1;
 372              		.loc 1 81 3 is_stmt 1 view .LVU104
  81:Core/Src/main.c ****   RCC_OscInitStruct.HSIState = RCC_HSI_DIV1;
 373              		.loc 1 81 36 is_stmt 0 view .LVU105
 374 0060 0223     		movs	r3, #2
 375 0062 3B93     		str	r3, [sp, #236]
  82:Core/Src/main.c ****   RCC_OscInitStruct.HSICalibrationValue = RCC_HSICALIBRATION_DEFAULT;
 376              		.loc 1 82 3 is_stmt 1 view .LVU106
  82:Core/Src/main.c ****   RCC_OscInitStruct.HSICalibrationValue = RCC_HSICALIBRATION_DEFAULT;
 377              		.loc 1 82 30 is_stmt 0 view .LVU107
 378 0064 0122     		movs	r2, #1
 379 0066 3E92     		str	r2, [sp, #248]
  83:Core/Src/main.c ****   RCC_OscInitStruct.PLL.PLLState = RCC_PLL_ON;
 380              		.loc 1 83 3 is_stmt 1 view .LVU108
  83:Core/Src/main.c ****   RCC_OscInitStruct.PLL.PLLState = RCC_PLL_ON;
 381              		.loc 1 83 41 is_stmt 0 view .LVU109
 382 0068 4022     		movs	r2, #64
 383 006a 3F92     		str	r2, [sp, #252]
  84:Core/Src/main.c ****   RCC_OscInitStruct.PLL.PLLSource = RCC_PLLSOURCE_HSI;
 384              		.loc 1 84 3 is_stmt 1 view .LVU110
  84:Core/Src/main.c ****   RCC_OscInitStruct.PLL.PLLSource = RCC_PLLSOURCE_HSI;
 385              		.loc 1 84 34 is_stmt 0 view .LVU111
 386 006c 4493     		str	r3, [sp, #272]
ARM GAS  /var/folders/l4/6w9kflz11csb_6qsyz46nv3c0000gp/T//ccDRyc1I.s 			page 16


  85:Core/Src/main.c ****   RCC_OscInitStruct.PLL.PLLM = 4;
 387              		.loc 1 85 3 is_stmt 1 view .LVU112
  85:Core/Src/main.c ****   RCC_OscInitStruct.PLL.PLLM = 4;
 388              		.loc 1 85 35 is_stmt 0 view .LVU113
 389 006e 0022     		movs	r2, #0
 390 0070 4592     		str	r2, [sp, #276]
  86:Core/Src/main.c ****   RCC_OscInitStruct.PLL.PLLN = 20;
 391              		.loc 1 86 3 is_stmt 1 view .LVU114
  86:Core/Src/main.c ****   RCC_OscInitStruct.PLL.PLLN = 20;
 392              		.loc 1 86 30 is_stmt 0 view .LVU115
 393 0072 0421     		movs	r1, #4
 394 0074 4691     		str	r1, [sp, #280]
  87:Core/Src/main.c ****   RCC_OscInitStruct.PLL.PLLP = 2;
 395              		.loc 1 87 3 is_stmt 1 view .LVU116
  87:Core/Src/main.c ****   RCC_OscInitStruct.PLL.PLLP = 2;
 396              		.loc 1 87 30 is_stmt 0 view .LVU117
 397 0076 1421     		movs	r1, #20
 398 0078 4791     		str	r1, [sp, #284]
  88:Core/Src/main.c ****   RCC_OscInitStruct.PLL.PLLQ = 2;
 399              		.loc 1 88 3 is_stmt 1 view .LVU118
  88:Core/Src/main.c ****   RCC_OscInitStruct.PLL.PLLQ = 2;
 400              		.loc 1 88 30 is_stmt 0 view .LVU119
 401 007a 4893     		str	r3, [sp, #288]
  89:Core/Src/main.c ****   RCC_OscInitStruct.PLL.PLLR = 2;
 402              		.loc 1 89 3 is_stmt 1 view .LVU120
  89:Core/Src/main.c ****   RCC_OscInitStruct.PLL.PLLR = 2;
 403              		.loc 1 89 30 is_stmt 0 view .LVU121
 404 007c 4993     		str	r3, [sp, #292]
  90:Core/Src/main.c ****   RCC_OscInitStruct.PLL.PLLRGE = RCC_PLL1VCIRANGE_3;
 405              		.loc 1 90 3 is_stmt 1 view .LVU122
  90:Core/Src/main.c ****   RCC_OscInitStruct.PLL.PLLRGE = RCC_PLL1VCIRANGE_3;
 406              		.loc 1 90 30 is_stmt 0 view .LVU123
 407 007e 4A93     		str	r3, [sp, #296]
  91:Core/Src/main.c ****   RCC_OscInitStruct.PLL.PLLVCOSEL = RCC_PLL1VCOMEDIUM;
 408              		.loc 1 91 3 is_stmt 1 view .LVU124
  91:Core/Src/main.c ****   RCC_OscInitStruct.PLL.PLLVCOSEL = RCC_PLL1VCOMEDIUM;
 409              		.loc 1 91 32 is_stmt 0 view .LVU125
 410 0080 0C21     		movs	r1, #12
 411 0082 4B91     		str	r1, [sp, #300]
  92:Core/Src/main.c ****   RCC_OscInitStruct.PLL.PLLFRACN = 0;
 412              		.loc 1 92 3 is_stmt 1 view .LVU126
  92:Core/Src/main.c ****   RCC_OscInitStruct.PLL.PLLFRACN = 0;
 413              		.loc 1 92 35 is_stmt 0 view .LVU127
 414 0084 4C93     		str	r3, [sp, #304]
  93:Core/Src/main.c ****   if (HAL_RCC_OscConfig(&RCC_OscInitStruct) != HAL_OK) Error_Handler();
 415              		.loc 1 93 3 is_stmt 1 view .LVU128
  93:Core/Src/main.c ****   if (HAL_RCC_OscConfig(&RCC_OscInitStruct) != HAL_OK) Error_Handler();
 416              		.loc 1 93 34 is_stmt 0 view .LVU129
 417 0086 4D92     		str	r2, [sp, #308]
  94:Core/Src/main.c **** 
 418              		.loc 1 94 3 is_stmt 1 view .LVU130
  94:Core/Src/main.c **** 
 419              		.loc 1 94 7 is_stmt 0 view .LVU131
 420 0088 3BA8     		add	r0, sp, #236
 421 008a FFF7FEFF 		bl	HAL_RCC_OscConfig
 422              	.LVL10:
  94:Core/Src/main.c **** 
ARM GAS  /var/folders/l4/6w9kflz11csb_6qsyz46nv3c0000gp/T//ccDRyc1I.s 			page 17


 423              		.loc 1 94 6 discriminator 1 view .LVU132
 424 008e 60BB     		cbnz	r0, .L23
  96:Core/Src/main.c ****                               | RCC_CLOCKTYPE_PCLK1 | RCC_CLOCKTYPE_PCLK2
 425              		.loc 1 96 3 is_stmt 1 view .LVU133
  96:Core/Src/main.c ****                               | RCC_CLOCKTYPE_PCLK1 | RCC_CLOCKTYPE_PCLK2
 426              		.loc 1 96 31 is_stmt 0 view .LVU134
 427 0090 3F23     		movs	r3, #63
 428 0092 3393     		str	r3, [sp, #204]
  99:Core/Src/main.c ****   RCC_ClkInitStruct.SYSCLKDivider = RCC_SYSCLK_DIV1;
 429              		.loc 1 99 3 is_stmt 1 view .LVU135
  99:Core/Src/main.c ****   RCC_ClkInitStruct.SYSCLKDivider = RCC_SYSCLK_DIV1;
 430              		.loc 1 99 34 is_stmt 0 view .LVU136
 431 0094 0323     		movs	r3, #3
 432 0096 3493     		str	r3, [sp, #208]
 100:Core/Src/main.c ****   RCC_ClkInitStruct.AHBCLKDivider = RCC_HCLK_DIV4;
 433              		.loc 1 100 3 is_stmt 1 view .LVU137
 100:Core/Src/main.c ****   RCC_ClkInitStruct.AHBCLKDivider = RCC_HCLK_DIV4;
 434              		.loc 1 100 35 is_stmt 0 view .LVU138
 435 0098 0021     		movs	r1, #0
 436 009a 3591     		str	r1, [sp, #212]
 101:Core/Src/main.c ****   RCC_ClkInitStruct.APB3CLKDivider = RCC_APB3_DIV2;
 437              		.loc 1 101 3 is_stmt 1 view .LVU139
 101:Core/Src/main.c ****   RCC_ClkInitStruct.APB3CLKDivider = RCC_APB3_DIV2;
 438              		.loc 1 101 35 is_stmt 0 view .LVU140
 439 009c 0923     		movs	r3, #9
 440 009e 3693     		str	r3, [sp, #216]
 102:Core/Src/main.c ****   RCC_ClkInitStruct.APB1CLKDivider = RCC_APB1_DIV2;
 441              		.loc 1 102 3 is_stmt 1 view .LVU141
 102:Core/Src/main.c ****   RCC_ClkInitStruct.APB1CLKDivider = RCC_APB1_DIV2;
 442              		.loc 1 102 36 is_stmt 0 view .LVU142
 443 00a0 4023     		movs	r3, #64
 444 00a2 3793     		str	r3, [sp, #220]
 103:Core/Src/main.c ****   RCC_ClkInitStruct.APB2CLKDivider = RCC_APB2_DIV2;
 445              		.loc 1 103 3 is_stmt 1 view .LVU143
 103:Core/Src/main.c ****   RCC_ClkInitStruct.APB2CLKDivider = RCC_APB2_DIV2;
 446              		.loc 1 103 36 is_stmt 0 view .LVU144
 447 00a4 3893     		str	r3, [sp, #224]
 104:Core/Src/main.c ****   RCC_ClkInitStruct.APB4CLKDivider = RCC_APB4_DIV2;
 448              		.loc 1 104 3 is_stmt 1 view .LVU145
 104:Core/Src/main.c ****   RCC_ClkInitStruct.APB4CLKDivider = RCC_APB4_DIV2;
 449              		.loc 1 104 36 is_stmt 0 view .LVU146
 450 00a6 4FF48062 		mov	r2, #1024
 451 00aa 3992     		str	r2, [sp, #228]
 105:Core/Src/main.c **** 
 452              		.loc 1 105 3 is_stmt 1 view .LVU147
 105:Core/Src/main.c **** 
 453              		.loc 1 105 36 is_stmt 0 view .LVU148
 454 00ac 3A93     		str	r3, [sp, #232]
 107:Core/Src/main.c ****     Error_Handler();
 455              		.loc 1 107 3 is_stmt 1 view .LVU149
 107:Core/Src/main.c ****     Error_Handler();
 456              		.loc 1 107 7 is_stmt 0 view .LVU150
 457 00ae 33A8     		add	r0, sp, #204
 458 00b0 FFF7FEFF 		bl	HAL_RCC_ClockConfig
 459              	.LVL11:
 107:Core/Src/main.c ****     Error_Handler();
 460              		.loc 1 107 6 discriminator 1 view .LVU151
ARM GAS  /var/folders/l4/6w9kflz11csb_6qsyz46nv3c0000gp/T//ccDRyc1I.s 			page 18


 461 00b4 D8B9     		cbnz	r0, .L24
 110:Core/Src/main.c ****   PeriphClkInitStruct.PLL3.PLL3M = 8;
 462              		.loc 1 110 3 is_stmt 1 view .LVU152
 110:Core/Src/main.c ****   PeriphClkInitStruct.PLL3.PLL3M = 8;
 463              		.loc 1 110 44 is_stmt 0 view .LVU153
 464 00b6 02A8     		add	r0, sp, #8
 465 00b8 4FF00052 		mov	r2, #536870912
 466 00bc 0023     		movs	r3, #0
 467 00be CDE90223 		strd	r2, [sp, #8]
 111:Core/Src/main.c ****   PeriphClkInitStruct.PLL3.PLL3N = LTDC_PCLK_VALUE;
 468              		.loc 1 111 3 is_stmt 1 view .LVU154
 111:Core/Src/main.c ****   PeriphClkInitStruct.PLL3.PLL3N = LTDC_PCLK_VALUE;
 469              		.loc 1 111 34 is_stmt 0 view .LVU155
 470 00c2 0823     		movs	r3, #8
 471 00c4 8362     		str	r3, [r0, #40]
 112:Core/Src/main.c ****   PeriphClkInitStruct.PLL3.PLL3P = 2;
 472              		.loc 1 112 3 is_stmt 1 view .LVU156
 112:Core/Src/main.c ****   PeriphClkInitStruct.PLL3.PLL3P = 2;
 473              		.loc 1 112 34 is_stmt 0 view .LVU157
 474 00c6 1922     		movs	r2, #25
 475 00c8 C262     		str	r2, [r0, #44]
 113:Core/Src/main.c ****   PeriphClkInitStruct.PLL3.PLL3Q = 2;
 476              		.loc 1 113 3 is_stmt 1 view .LVU158
 113:Core/Src/main.c ****   PeriphClkInitStruct.PLL3.PLL3Q = 2;
 477              		.loc 1 113 34 is_stmt 0 view .LVU159
 478 00ca 0222     		movs	r2, #2
 479 00cc 0263     		str	r2, [r0, #48]
 114:Core/Src/main.c ****   PeriphClkInitStruct.PLL3.PLL3R = 8;     
 480              		.loc 1 114 3 is_stmt 1 view .LVU160
 114:Core/Src/main.c ****   PeriphClkInitStruct.PLL3.PLL3R = 8;     
 481              		.loc 1 114 34 is_stmt 0 view .LVU161
 482 00ce 4263     		str	r2, [r0, #52]
 115:Core/Src/main.c ****   PeriphClkInitStruct.PLL3.PLL3RGE = RCC_PLL3VCIRANGE_3;
 483              		.loc 1 115 3 is_stmt 1 view .LVU162
 115:Core/Src/main.c ****   PeriphClkInitStruct.PLL3.PLL3RGE = RCC_PLL3VCIRANGE_3;
 484              		.loc 1 115 34 is_stmt 0 view .LVU163
 485 00d0 8363     		str	r3, [r0, #56]
 116:Core/Src/main.c ****   PeriphClkInitStruct.PLL3.PLL3VCOSEL = RCC_PLL3VCOWIDE;
 486              		.loc 1 116 3 is_stmt 1 view .LVU164
 116:Core/Src/main.c ****   PeriphClkInitStruct.PLL3.PLL3VCOSEL = RCC_PLL3VCOWIDE;
 487              		.loc 1 116 36 is_stmt 0 view .LVU165
 488 00d2 4FF44063 		mov	r3, #3072
 489 00d6 C363     		str	r3, [r0, #60]
 117:Core/Src/main.c ****   PeriphClkInitStruct.PLL3.PLL3FRACN = 0;
 490              		.loc 1 117 3 is_stmt 1 view .LVU166
 117:Core/Src/main.c ****   PeriphClkInitStruct.PLL3.PLL3FRACN = 0;
 491              		.loc 1 117 39 is_stmt 0 view .LVU167
 492 00d8 0023     		movs	r3, #0
 493 00da 0364     		str	r3, [r0, #64]
 118:Core/Src/main.c **** 
 494              		.loc 1 118 3 is_stmt 1 view .LVU168
 118:Core/Src/main.c **** 
 495              		.loc 1 118 38 is_stmt 0 view .LVU169
 496 00dc 4364     		str	r3, [r0, #68]
 120:Core/Src/main.c ****     Error_Handler();
 497              		.loc 1 120 3 is_stmt 1 view .LVU170
 120:Core/Src/main.c ****     Error_Handler();
ARM GAS  /var/folders/l4/6w9kflz11csb_6qsyz46nv3c0000gp/T//ccDRyc1I.s 			page 19


 498              		.loc 1 120 7 is_stmt 0 view .LVU171
 499 00de FFF7FEFF 		bl	HAL_RCCEx_PeriphCLKConfig
 500              	.LVL12:
 120:Core/Src/main.c ****     Error_Handler();
 501              		.loc 1 120 6 discriminator 1 view .LVU172
 502 00e2 30B9     		cbnz	r0, .L25
 122:Core/Src/main.c **** 
 503              		.loc 1 122 1 view .LVU173
 504 00e4 4FB0     		add	sp, sp, #316
 505              		.cfi_remember_state
 506              		.cfi_def_cfa_offset 4
 507              		@ sp needed
 508 00e6 5DF804FB 		ldr	pc, [sp], #4
 509              	.L23:
 510              		.cfi_restore_state
  94:Core/Src/main.c **** 
 511              		.loc 1 94 56 is_stmt 1 discriminator 1 view .LVU174
 512 00ea FFF7FEFF 		bl	Error_Handler
 513              	.LVL13:
 514              	.L24:
 108:Core/Src/main.c **** 
 515              		.loc 1 108 5 view .LVU175
 516 00ee FFF7FEFF 		bl	Error_Handler
 517              	.LVL14:
 518              	.L25:
 121:Core/Src/main.c **** }
 519              		.loc 1 121 5 view .LVU176
 520 00f2 FFF7FEFF 		bl	Error_Handler
 521              	.LVL15:
 522              	.L27:
 523 00f6 00BF     		.align	2
 524              	.L26:
 525 00f8 00040058 		.word	1476396032
 526 00fc 00480258 		.word	1476544512
 527              		.cfi_endproc
 528              	.LFE145:
 530              		.section	.text.main,"ax",%progbits
 531              		.align	1
 532              		.global	main
 533              		.syntax unified
 534              		.thumb
 535              		.thumb_func
 537              	main:
 538              	.LFB144:
  36:Core/Src/main.c ****   // MPU_Config();
 539              		.loc 1 36 1 view -0
 540              		.cfi_startproc
 541              		@ Volatile: function does not return.
 542              		@ args = 0, pretend = 0, frame = 232
 543              		@ frame_needed = 0, uses_anonymous_args = 0
 544 0000 00B5     		push	{lr}
 545              		.cfi_def_cfa_offset 4
 546              		.cfi_offset 14, -4
 547 0002 BBB0     		sub	sp, sp, #236
 548              		.cfi_def_cfa_offset 240
  38:Core/Src/main.c ****   SystemClock_Config();
 549              		.loc 1 38 3 view .LVU178
ARM GAS  /var/folders/l4/6w9kflz11csb_6qsyz46nv3c0000gp/T//ccDRyc1I.s 			page 20


 550 0004 FFF7FEFF 		bl	HAL_Init
 551              	.LVL16:
  39:Core/Src/main.c **** 
 552              		.loc 1 39 3 view .LVU179
 553 0008 FFF7FEFF 		bl	SystemClock_Config
 554              	.LVL17:
  41:Core/Src/main.c **** 
 555              		.loc 1 41 3 view .LVU180
 556 000c FFF7FEFF 		bl	MX_GPIO_Init
 557              	.LVL18:
  45:Core/Src/main.c **** 
 558              		.loc 1 45 3 view .LVU181
  45:Core/Src/main.c **** 
 559              		.loc 1 45 16 is_stmt 0 view .LVU182
 560 0010 E822     		movs	r2, #232
 561 0012 0021     		movs	r1, #0
 562 0014 6846     		mov	r0, sp
 563 0016 FFF7FEFF 		bl	memset
 564              	.LVL19:
  47:Core/Src/main.c ****   MainLTDC.count = 0;
 565              		.loc 1 47 3 is_stmt 1 view .LVU183
  47:Core/Src/main.c ****   MainLTDC.count = 0;
 566              		.loc 1 47 25 is_stmt 0 view .LVU184
 567 001a 064A     		ldr	r2, .L31
 568 001c 0192     		str	r2, [sp, #4]
  48:Core/Src/main.c ****   MainLTDC.state = FSM_IDLE;
 569              		.loc 1 48 3 is_stmt 1 view .LVU185
  48:Core/Src/main.c ****   MainLTDC.state = FSM_IDLE;
 570              		.loc 1 48 18 is_stmt 0 view .LVU186
 571 001e 0023     		movs	r3, #0
 572 0020 3993     		str	r3, [sp, #228]
  49:Core/Src/main.c ****   LTDC_Init(&MainLTDC.hltdc,&MainLTDC.pLayerCfg,MainLTDC.frame_buffer);
 573              		.loc 1 49 3 is_stmt 1 view .LVU187
  50:Core/Src/main.c **** /* USER CODE END 2 */ 
 574              		.loc 1 50 3 view .LVU188
 575 0022 2CA9     		add	r1, sp, #176
 576 0024 02A8     		add	r0, sp, #8
 577 0026 FFF7FEFF 		bl	LTDC_Init
 578              	.LVL20:
 579              	.L29:
  53:Core/Src/main.c ****   {
 580              		.loc 1 53 3 view .LVU189
  59:Core/Src/main.c ****     /* USER CODE END WHILE */
 581              		.loc 1 59 5 discriminator 1 view .LVU190
 582 002a 6846     		mov	r0, sp
 583 002c FFF7FEFF 		bl	LTDC_FSM_Handle
 584              	.LVL21:
  53:Core/Src/main.c ****   {
 585              		.loc 1 53 9 view .LVU191
 586 0030 FBE7     		b	.L29
 587              	.L32:
 588 0032 00BF     		.align	2
 589              	.L31:
 590 0034 00000000 		.word	frame_buff
 591              		.cfi_endproc
 592              	.LFE144:
 594              		.global	flag
ARM GAS  /var/folders/l4/6w9kflz11csb_6qsyz46nv3c0000gp/T//ccDRyc1I.s 			page 21


 595              		.section	.data.flag,"aw"
 598              	flag:
 599 0000 01       		.byte	1
 600              		.section	.video_buffers,"aw"
 601              		.align	5
 604              	frame_buff:
 605 0000 00000000 		.space	307200
 605      00000000 
 605      00000000 
 605      00000000 
 605      00000000 
 606              		.global	flag_ltdc_irq
 607              		.section	.bss.flag_ltdc_irq,"aw",%nobits
 610              	flag_ltdc_irq:
 611 0000 00       		.space	1
 612              		.text
 613              	.Letext0:
 614              		.file 3 "/Users/rasil/Library/Application Support/Code/User/globalStorage/bmd.stm32-for-vscode/@xp
 615              		.file 4 "/Users/rasil/Library/Application Support/Code/User/globalStorage/bmd.stm32-for-vscode/@xp
 616              		.file 5 "Drivers/CMSIS/Device/ST/STM32H7xx/Include/stm32h743xx.h"
 617              		.file 6 "Drivers/STM32H7xx_HAL_Driver/Inc/stm32h7xx_hal_def.h"
 618              		.file 7 "Drivers/STM32H7xx_HAL_Driver/Inc/stm32h7xx_hal_rcc.h"
 619              		.file 8 "Drivers/STM32H7xx_HAL_Driver/Inc/stm32h7xx_hal_rcc_ex.h"
 620              		.file 9 "Drivers/STM32H7xx_HAL_Driver/Inc/stm32h7xx_hal_ltdc.h"
 621              		.file 10 "Core/Inc/ltdc_drive.h"
 622              		.file 11 "Core/Inc/main.h"
 623              		.file 12 "Drivers/STM32H7xx_HAL_Driver/Inc/stm32h7xx_hal_pwr_ex.h"
 624              		.file 13 "Drivers/STM32H7xx_HAL_Driver/Inc/stm32h7xx_hal.h"
 625              		.file 14 "<built-in>"
ARM GAS  /var/folders/l4/6w9kflz11csb_6qsyz46nv3c0000gp/T//ccDRyc1I.s 			page 22


DEFINED SYMBOLS
                            *ABS*:00000000 main.c
/var/folders/l4/6w9kflz11csb_6qsyz46nv3c0000gp/T//ccDRyc1I.s:20     .text.MX_GPIO_Init:00000000 $t
/var/folders/l4/6w9kflz11csb_6qsyz46nv3c0000gp/T//ccDRyc1I.s:25     .text.MX_GPIO_Init:00000000 MX_GPIO_Init
/var/folders/l4/6w9kflz11csb_6qsyz46nv3c0000gp/T//ccDRyc1I.s:148    .text.MX_GPIO_Init:000000b0 $d
/var/folders/l4/6w9kflz11csb_6qsyz46nv3c0000gp/T//ccDRyc1I.s:153    .text.LTDC_FSM_Handle:00000000 $t
/var/folders/l4/6w9kflz11csb_6qsyz46nv3c0000gp/T//ccDRyc1I.s:159    .text.LTDC_FSM_Handle:00000000 LTDC_FSM_Handle
/var/folders/l4/6w9kflz11csb_6qsyz46nv3c0000gp/T//ccDRyc1I.s:180    .text.LTDC_FSM_Handle:0000000e $d
/var/folders/l4/6w9kflz11csb_6qsyz46nv3c0000gp/T//ccDRyc1I.s:188    .text.LTDC_FSM_Handle:00000016 $t
/var/folders/l4/6w9kflz11csb_6qsyz46nv3c0000gp/T//ccDRyc1I.s:250    .text.Error_Handler:00000000 $t
/var/folders/l4/6w9kflz11csb_6qsyz46nv3c0000gp/T//ccDRyc1I.s:256    .text.Error_Handler:00000000 Error_Handler
/var/folders/l4/6w9kflz11csb_6qsyz46nv3c0000gp/T//ccDRyc1I.s:288    .text.SystemClock_Config:00000000 $t
/var/folders/l4/6w9kflz11csb_6qsyz46nv3c0000gp/T//ccDRyc1I.s:294    .text.SystemClock_Config:00000000 SystemClock_Config
/var/folders/l4/6w9kflz11csb_6qsyz46nv3c0000gp/T//ccDRyc1I.s:525    .text.SystemClock_Config:000000f8 $d
/var/folders/l4/6w9kflz11csb_6qsyz46nv3c0000gp/T//ccDRyc1I.s:531    .text.main:00000000 $t
/var/folders/l4/6w9kflz11csb_6qsyz46nv3c0000gp/T//ccDRyc1I.s:537    .text.main:00000000 main
/var/folders/l4/6w9kflz11csb_6qsyz46nv3c0000gp/T//ccDRyc1I.s:590    .text.main:00000034 $d
/var/folders/l4/6w9kflz11csb_6qsyz46nv3c0000gp/T//ccDRyc1I.s:604    .video_buffers:00000000 frame_buff
/var/folders/l4/6w9kflz11csb_6qsyz46nv3c0000gp/T//ccDRyc1I.s:598    .data.flag:00000000 flag
/var/folders/l4/6w9kflz11csb_6qsyz46nv3c0000gp/T//ccDRyc1I.s:601    .video_buffers:00000000 $d
/var/folders/l4/6w9kflz11csb_6qsyz46nv3c0000gp/T//ccDRyc1I.s:610    .bss.flag_ltdc_irq:00000000 flag_ltdc_irq
/var/folders/l4/6w9kflz11csb_6qsyz46nv3c0000gp/T//ccDRyc1I.s:611    .bss.flag_ltdc_irq:00000000 $d

UNDEFINED SYMBOLS
FillFrameBuffer
memset
HAL_PWREx_ConfigSupply
HAL_RCC_OscConfig
HAL_RCC_ClockConfig
HAL_RCCEx_PeriphCLKConfig
HAL_Init
LTDC_Init
