ARM GAS  /var/folders/l4/6w9kflz11csb_6qsyz46nv3c0000gp/T//ccnnLbEX.s 			page 1


   1              		.cpu cortex-m7
   2              		.arch armv7e-m
   3              		.fpu fpv5-d16
   4              		.eabi_attribute 28, 1
   5              		.eabi_attribute 20, 1
   6              		.eabi_attribute 21, 1
   7              		.eabi_attribute 23, 3
   8              		.eabi_attribute 24, 1
   9              		.eabi_attribute 25, 1
  10              		.eabi_attribute 26, 1
  11              		.eabi_attribute 30, 1
  12              		.eabi_attribute 34, 1
  13              		.eabi_attribute 18, 4
  14              		.file	"uart.c"
  15              		.text
  16              	.Ltext0:
  17              		.cfi_sections	.debug_frame
  18              		.file 1 "Core/Src/uart.c"
  19              		.section	.text.UART_Init,"ax",%progbits
  20              		.align	1
  21              		.global	UART_Init
  22              		.syntax unified
  23              		.thumb
  24              		.thumb_func
  26              	UART_Init:
  27              	.LFB144:
   1:Core/Src/uart.c **** #include <uart.h>
   2:Core/Src/uart.c **** #include "ltdc_drive.h"
   3:Core/Src/uart.c **** extern LTDC_Block_t lt;
   4:Core/Src/uart.c **** UART_HandleTypeDef huart1;
   5:Core/Src/uart.c **** 
   6:Core/Src/uart.c **** volatile uint8_t uart_command_received = 0;
   7:Core/Src/uart.c **** volatile uint8_t uart_frame_received = 0;
   8:Core/Src/uart.c **** volatile uint32_t packet_index = 0;
   9:Core/Src/uart.c **** volatile char packet_buffer[64] = "";
  10:Core/Src/uart.c **** extern volatile bool display_enabled;
  11:Core/Src/uart.c **** void UART_Init(void)
  12:Core/Src/uart.c **** {
  28              		.loc 1 12 1 view -0
  29              		.cfi_startproc
  30              		@ args = 0, pretend = 0, frame = 224
  31              		@ frame_needed = 0, uses_anonymous_args = 0
  32 0000 10B5     		push	{r4, lr}
  33              		.cfi_def_cfa_offset 8
  34              		.cfi_offset 4, -8
  35              		.cfi_offset 14, -4
  36 0002 B8B0     		sub	sp, sp, #224
  37              		.cfi_def_cfa_offset 232
  13:Core/Src/uart.c ****     GPIO_InitTypeDef GPIO_InitStruct = {0};
  38              		.loc 1 13 5 view .LVU1
  39              		.loc 1 13 22 is_stmt 0 view .LVU2
  40 0004 0021     		movs	r1, #0
  41 0006 3391     		str	r1, [sp, #204]
  42 0008 3491     		str	r1, [sp, #208]
  43 000a 3591     		str	r1, [sp, #212]
  44 000c 3691     		str	r1, [sp, #216]
  45 000e 3791     		str	r1, [sp, #220]
ARM GAS  /var/folders/l4/6w9kflz11csb_6qsyz46nv3c0000gp/T//ccnnLbEX.s 			page 2


  14:Core/Src/uart.c ****     RCC_PeriphCLKInitTypeDef PeriphClkInitStruct = {0};
  46              		.loc 1 14 5 is_stmt 1 view .LVU3
  47              		.loc 1 14 30 is_stmt 0 view .LVU4
  48 0010 02AC     		add	r4, sp, #8
  49 0012 C022     		movs	r2, #192
  50 0014 2046     		mov	r0, r4
  51 0016 FFF7FEFF 		bl	memset
  52              	.LVL0:
  15:Core/Src/uart.c **** 
  16:Core/Src/uart.c ****     // Тактирование USART1 от PCLK2 (обычно 100 МГц)
  17:Core/Src/uart.c ****     PeriphClkInitStruct.PeriphClockSelection = RCC_PERIPHCLK_USART1;
  53              		.loc 1 17 5 is_stmt 1 view .LVU5
  54              		.loc 1 17 46 is_stmt 0 view .LVU6
  55 001a 0122     		movs	r2, #1
  56 001c 0023     		movs	r3, #0
  57 001e CDE90223 		strd	r2, [sp, #8]
  18:Core/Src/uart.c ****     PeriphClkInitStruct.Usart16ClockSelection = RCC_USART16CLKSOURCE_D2PCLK2;
  58              		.loc 1 18 5 is_stmt 1 view .LVU7
  19:Core/Src/uart.c ****     if (HAL_RCCEx_PeriphCLKConfig(&PeriphClkInitStruct) != HAL_OK)
  59              		.loc 1 19 5 view .LVU8
  60              		.loc 1 19 9 is_stmt 0 view .LVU9
  61 0022 2046     		mov	r0, r4
  62 0024 FFF7FEFF 		bl	HAL_RCCEx_PeriphCLKConfig
  63              	.LVL1:
  64              		.loc 1 19 8 discriminator 1 view .LVU10
  65 0028 0028     		cmp	r0, #0
  66 002a 47D1     		bne	.L5
  67              	.L2:
  20:Core/Src/uart.c ****         Error_Handler();
  21:Core/Src/uart.c **** 
  22:Core/Src/uart.c ****     __HAL_RCC_USART1_CLK_ENABLE();
  68              		.loc 1 22 5 is_stmt 1 view .LVU11
  69              	.LBB2:
  70              		.loc 1 22 5 view .LVU12
  71              		.loc 1 22 5 view .LVU13
  72 002c 264B     		ldr	r3, .L7
  73 002e D3F8F020 		ldr	r2, [r3, #240]
  74 0032 42F01002 		orr	r2, r2, #16
  75 0036 C3F8F020 		str	r2, [r3, #240]
  76              		.loc 1 22 5 view .LVU14
  77 003a D3F8F020 		ldr	r2, [r3, #240]
  78 003e 02F01002 		and	r2, r2, #16
  79 0042 0092     		str	r2, [sp]
  80              		.loc 1 22 5 view .LVU15
  81 0044 009A     		ldr	r2, [sp]
  82              	.LBE2:
  83              		.loc 1 22 5 view .LVU16
  23:Core/Src/uart.c ****     __HAL_RCC_GPIOB_CLK_ENABLE();
  84              		.loc 1 23 5 view .LVU17
  85              	.LBB3:
  86              		.loc 1 23 5 view .LVU18
  87              		.loc 1 23 5 view .LVU19
  88 0046 D3F8E020 		ldr	r2, [r3, #224]
  89 004a 42F00202 		orr	r2, r2, #2
  90 004e C3F8E020 		str	r2, [r3, #224]
  91              		.loc 1 23 5 view .LVU20
  92 0052 D3F8E030 		ldr	r3, [r3, #224]
ARM GAS  /var/folders/l4/6w9kflz11csb_6qsyz46nv3c0000gp/T//ccnnLbEX.s 			page 3


  93 0056 03F00203 		and	r3, r3, #2
  94 005a 0193     		str	r3, [sp, #4]
  95              		.loc 1 23 5 view .LVU21
  96 005c 019B     		ldr	r3, [sp, #4]
  97              	.LBE3:
  98              		.loc 1 23 5 view .LVU22
  24:Core/Src/uart.c **** 
  25:Core/Src/uart.c ****     // Пины PB14 (TX), PB15 (RX) – альтернативная функция AF4
  26:Core/Src/uart.c ****     GPIO_InitStruct.Pin = GPIO_PIN_14 | GPIO_PIN_15;
  99              		.loc 1 26 5 view .LVU23
 100              		.loc 1 26 25 is_stmt 0 view .LVU24
 101 005e 4FF44043 		mov	r3, #49152
 102 0062 3393     		str	r3, [sp, #204]
  27:Core/Src/uart.c ****     GPIO_InitStruct.Mode = GPIO_MODE_AF_PP;
 103              		.loc 1 27 5 is_stmt 1 view .LVU25
 104              		.loc 1 27 26 is_stmt 0 view .LVU26
 105 0064 0223     		movs	r3, #2
 106 0066 3493     		str	r3, [sp, #208]
  28:Core/Src/uart.c ****     GPIO_InitStruct.Pull = GPIO_NOPULL;
 107              		.loc 1 28 5 is_stmt 1 view .LVU27
 108              		.loc 1 28 26 is_stmt 0 view .LVU28
 109 0068 0024     		movs	r4, #0
 110 006a 3594     		str	r4, [sp, #212]
  29:Core/Src/uart.c ****     GPIO_InitStruct.Speed = GPIO_SPEED_FREQ_VERY_HIGH;
 111              		.loc 1 29 5 is_stmt 1 view .LVU29
 112              		.loc 1 29 27 is_stmt 0 view .LVU30
 113 006c 0323     		movs	r3, #3
 114 006e 3693     		str	r3, [sp, #216]
  30:Core/Src/uart.c ****     GPIO_InitStruct.Alternate = GPIO_AF4_USART1;
 115              		.loc 1 30 5 is_stmt 1 view .LVU31
 116              		.loc 1 30 31 is_stmt 0 view .LVU32
 117 0070 0423     		movs	r3, #4
 118 0072 3793     		str	r3, [sp, #220]
  31:Core/Src/uart.c **** 
  32:Core/Src/uart.c ****     HAL_GPIO_Init(GPIOB, &GPIO_InitStruct);
 119              		.loc 1 32 5 is_stmt 1 view .LVU33
 120 0074 33A9     		add	r1, sp, #204
 121 0076 1548     		ldr	r0, .L7+4
 122 0078 FFF7FEFF 		bl	HAL_GPIO_Init
 123              	.LVL2:
  33:Core/Src/uart.c **** 
  34:Core/Src/uart.c ****     // Настройка UART
  35:Core/Src/uart.c ****     huart1.Instance = USART1;
 124              		.loc 1 35 5 view .LVU34
 125              		.loc 1 35 21 is_stmt 0 view .LVU35
 126 007c 1448     		ldr	r0, .L7+8
 127 007e 154B     		ldr	r3, .L7+12
 128 0080 0360     		str	r3, [r0]
  36:Core/Src/uart.c ****     huart1.Init.BaudRate = 921600;
 129              		.loc 1 36 5 is_stmt 1 view .LVU36
 130              		.loc 1 36 26 is_stmt 0 view .LVU37
 131 0082 4FF46123 		mov	r3, #921600
 132 0086 4360     		str	r3, [r0, #4]
  37:Core/Src/uart.c ****     huart1.Init.WordLength = UART_WORDLENGTH_8B;
 133              		.loc 1 37 5 is_stmt 1 view .LVU38
 134              		.loc 1 37 28 is_stmt 0 view .LVU39
 135 0088 8460     		str	r4, [r0, #8]
ARM GAS  /var/folders/l4/6w9kflz11csb_6qsyz46nv3c0000gp/T//ccnnLbEX.s 			page 4


  38:Core/Src/uart.c ****     huart1.Init.StopBits = UART_STOPBITS_1;
 136              		.loc 1 38 5 is_stmt 1 view .LVU40
 137              		.loc 1 38 26 is_stmt 0 view .LVU41
 138 008a C460     		str	r4, [r0, #12]
  39:Core/Src/uart.c ****     huart1.Init.Parity = UART_PARITY_NONE;
 139              		.loc 1 39 5 is_stmt 1 view .LVU42
 140              		.loc 1 39 24 is_stmt 0 view .LVU43
 141 008c 0461     		str	r4, [r0, #16]
  40:Core/Src/uart.c ****     huart1.Init.Mode = UART_MODE_TX_RX;
 142              		.loc 1 40 5 is_stmt 1 view .LVU44
 143              		.loc 1 40 22 is_stmt 0 view .LVU45
 144 008e 0C23     		movs	r3, #12
 145 0090 4361     		str	r3, [r0, #20]
  41:Core/Src/uart.c ****     huart1.Init.HwFlowCtl = UART_HWCONTROL_NONE;
 146              		.loc 1 41 5 is_stmt 1 view .LVU46
 147              		.loc 1 41 27 is_stmt 0 view .LVU47
 148 0092 8461     		str	r4, [r0, #24]
  42:Core/Src/uart.c ****     huart1.Init.OverSampling = UART_OVERSAMPLING_16;
 149              		.loc 1 42 5 is_stmt 1 view .LVU48
 150              		.loc 1 42 30 is_stmt 0 view .LVU49
 151 0094 C461     		str	r4, [r0, #28]
  43:Core/Src/uart.c ****     huart1.Init.OneBitSampling = UART_ONE_BIT_SAMPLE_DISABLE;
 152              		.loc 1 43 5 is_stmt 1 view .LVU50
 153              		.loc 1 43 32 is_stmt 0 view .LVU51
 154 0096 0462     		str	r4, [r0, #32]
  44:Core/Src/uart.c **** 
  45:Core/Src/uart.c ****     if (HAL_UART_Init(&huart1) != HAL_OK)
 155              		.loc 1 45 5 is_stmt 1 view .LVU52
 156              		.loc 1 45 9 is_stmt 0 view .LVU53
 157 0098 FFF7FEFF 		bl	HAL_UART_Init
 158              	.LVL3:
 159              		.loc 1 45 8 discriminator 1 view .LVU54
 160 009c 88B9     		cbnz	r0, .L6
 161              	.L3:
  46:Core/Src/uart.c ****         Error_Handler();
  47:Core/Src/uart.c **** 
  48:Core/Src/uart.c ****     // Настройка прерывания
  49:Core/Src/uart.c ****     HAL_NVIC_SetPriority(USART1_IRQn, 0, 1);
 162              		.loc 1 49 5 is_stmt 1 view .LVU55
 163 009e 0122     		movs	r2, #1
 164 00a0 0021     		movs	r1, #0
 165 00a2 2520     		movs	r0, #37
 166 00a4 FFF7FEFF 		bl	HAL_NVIC_SetPriority
 167              	.LVL4:
  50:Core/Src/uart.c ****     HAL_NVIC_EnableIRQ(USART1_IRQn);
 168              		.loc 1 50 5 view .LVU56
 169 00a8 2520     		movs	r0, #37
 170 00aa FFF7FEFF 		bl	HAL_NVIC_EnableIRQ
 171              	.LVL5:
  51:Core/Src/uart.c ****     USART1->CR1 |= USART_CR1_RXNEIE;
 172              		.loc 1 51 5 view .LVU57
 173              		.loc 1 51 11 is_stmt 0 view .LVU58
 174 00ae 094A     		ldr	r2, .L7+12
 175 00b0 1368     		ldr	r3, [r2]
 176              		.loc 1 51 17 view .LVU59
 177 00b2 43F02003 		orr	r3, r3, #32
 178 00b6 1360     		str	r3, [r2]
ARM GAS  /var/folders/l4/6w9kflz11csb_6qsyz46nv3c0000gp/T//ccnnLbEX.s 			page 5


  52:Core/Src/uart.c **** }
 179              		.loc 1 52 1 view .LVU60
 180 00b8 38B0     		add	sp, sp, #224
 181              		.cfi_remember_state
 182              		.cfi_def_cfa_offset 8
 183              		@ sp needed
 184 00ba 10BD     		pop	{r4, pc}
 185              	.L5:
 186              		.cfi_restore_state
  20:Core/Src/uart.c **** 
 187              		.loc 1 20 9 is_stmt 1 view .LVU61
 188 00bc FFF7FEFF 		bl	Error_Handler
 189              	.LVL6:
 190 00c0 B4E7     		b	.L2
 191              	.L6:
  46:Core/Src/uart.c **** 
 192              		.loc 1 46 9 view .LVU62
 193 00c2 FFF7FEFF 		bl	Error_Handler
 194              	.LVL7:
 195 00c6 EAE7     		b	.L3
 196              	.L8:
 197              		.align	2
 198              	.L7:
 199 00c8 00440258 		.word	1476543488
 200 00cc 00040258 		.word	1476527104
 201 00d0 00000000 		.word	huart1
 202 00d4 00100140 		.word	1073811456
 203              		.cfi_endproc
 204              	.LFE144:
 206              		.section	.rodata.UART_HandlePacket.str1.4,"aMS",%progbits,1
 207              		.align	2
 208              	.LC0:
 209 0000 656E6400 		.ascii	"end\000"
 210              		.align	2
 211              	.LC1:
 212 0004 6C6F6164 		.ascii	"load frame\000"
 212      20667261 
 212      6D6500
 213              		.section	.text.UART_HandlePacket,"ax",%progbits
 214              		.align	1
 215              		.global	UART_HandlePacket
 216              		.syntax unified
 217              		.thumb
 218              		.thumb_func
 220              	UART_HandlePacket:
 221              	.LFB145:
  53:Core/Src/uart.c **** 
  54:Core/Src/uart.c **** void UART_HandlePacket(void){
 222              		.loc 1 54 29 view -0
 223              		.cfi_startproc
 224              		@ args = 0, pretend = 0, frame = 0
 225              		@ frame_needed = 0, uses_anonymous_args = 0
 226 0000 08B5     		push	{r3, lr}
 227              		.cfi_def_cfa_offset 8
 228              		.cfi_offset 3, -8
 229              		.cfi_offset 14, -4
  55:Core/Src/uart.c ****     if(!strncmp(packet_buffer, "end", 3)){
ARM GAS  /var/folders/l4/6w9kflz11csb_6qsyz46nv3c0000gp/T//ccnnLbEX.s 			page 6


 230              		.loc 1 55 5 view .LVU64
 231              		.loc 1 55 9 is_stmt 0 view .LVU65
 232 0002 0322     		movs	r2, #3
 233 0004 0A49     		ldr	r1, .L13
 234 0006 0B48     		ldr	r0, .L13+4
 235 0008 FFF7FEFF 		bl	strncmp
 236              	.LVL8:
 237              		.loc 1 55 7 discriminator 1 view .LVU66
 238 000c 18B9     		cbnz	r0, .L10
  56:Core/Src/uart.c ****         display_enabled = 0;
 239              		.loc 1 56 9 is_stmt 1 view .LVU67
 240              		.loc 1 56 25 is_stmt 0 view .LVU68
 241 000e 0A4B     		ldr	r3, .L13+8
 242 0010 0022     		movs	r2, #0
 243 0012 1A70     		strb	r2, [r3]
 244              	.L9:
  57:Core/Src/uart.c ****     }
  58:Core/Src/uart.c ****     else if(!strncmp(packet_buffer, "load frame", 10)){
  59:Core/Src/uart.c ****         uart_frame_received = 1;
  60:Core/Src/uart.c ****         display_enabled = 1;
  61:Core/Src/uart.c ****     }
  62:Core/Src/uart.c **** 
  63:Core/Src/uart.c **** }
 245              		.loc 1 63 1 view .LVU69
 246 0014 08BD     		pop	{r3, pc}
 247              	.L10:
  58:Core/Src/uart.c ****         uart_frame_received = 1;
 248              		.loc 1 58 10 is_stmt 1 view .LVU70
  58:Core/Src/uart.c ****         uart_frame_received = 1;
 249              		.loc 1 58 14 is_stmt 0 view .LVU71
 250 0016 0A22     		movs	r2, #10
 251 0018 0849     		ldr	r1, .L13+12
 252 001a 0648     		ldr	r0, .L13+4
 253 001c FFF7FEFF 		bl	strncmp
 254              	.LVL9:
  58:Core/Src/uart.c ****         uart_frame_received = 1;
 255              		.loc 1 58 12 discriminator 1 view .LVU72
 256 0020 0028     		cmp	r0, #0
 257 0022 F7D1     		bne	.L9
  59:Core/Src/uart.c ****         display_enabled = 1;
 258              		.loc 1 59 9 is_stmt 1 view .LVU73
  59:Core/Src/uart.c ****         display_enabled = 1;
 259              		.loc 1 59 29 is_stmt 0 view .LVU74
 260 0024 0123     		movs	r3, #1
 261 0026 064A     		ldr	r2, .L13+16
 262 0028 1370     		strb	r3, [r2]
  60:Core/Src/uart.c ****     }
 263              		.loc 1 60 9 is_stmt 1 view .LVU75
  60:Core/Src/uart.c ****     }
 264              		.loc 1 60 25 is_stmt 0 view .LVU76
 265 002a 034A     		ldr	r2, .L13+8
 266 002c 1370     		strb	r3, [r2]
 267              		.loc 1 63 1 view .LVU77
 268 002e F1E7     		b	.L9
 269              	.L14:
 270              		.align	2
 271              	.L13:
ARM GAS  /var/folders/l4/6w9kflz11csb_6qsyz46nv3c0000gp/T//ccnnLbEX.s 			page 7


 272 0030 00000000 		.word	.LC0
 273 0034 00000000 		.word	packet_buffer
 274 0038 00000000 		.word	display_enabled
 275 003c 04000000 		.word	.LC1
 276 0040 00000000 		.word	uart_frame_received
 277              		.cfi_endproc
 278              	.LFE145:
 280              		.section	.text.USART1_IRQHandler,"ax",%progbits
 281              		.align	1
 282              		.global	USART1_IRQHandler
 283              		.syntax unified
 284              		.thumb
 285              		.thumb_func
 287              	USART1_IRQHandler:
 288              	.LFB146:
  64:Core/Src/uart.c **** 
  65:Core/Src/uart.c **** 
  66:Core/Src/uart.c **** 
  67:Core/Src/uart.c **** void USART1_IRQHandler(void){
 289              		.loc 1 67 29 is_stmt 1 view -0
 290              		.cfi_startproc
 291              		@ args = 0, pretend = 0, frame = 0
 292              		@ frame_needed = 0, uses_anonymous_args = 0
 293              		@ link register save eliminated.
  68:Core/Src/uart.c **** 
  69:Core/Src/uart.c ****     uint8_t byte = USART1 -> RDR & 0xFF;
 294              		.loc 1 69 5 view .LVU79
 295              		.loc 1 69 27 is_stmt 0 view .LVU80
 296 0000 184B     		ldr	r3, .L26
 297 0002 5B6A     		ldr	r3, [r3, #36]
 298              		.loc 1 69 13 view .LVU81
 299 0004 DBB2     		uxtb	r3, r3
 300              	.LVL10:
  70:Core/Src/uart.c ****     if(uart_frame_received){
 301              		.loc 1 70 5 is_stmt 1 view .LVU82
 302              		.loc 1 70 8 is_stmt 0 view .LVU83
 303 0006 184A     		ldr	r2, .L26+4
 304 0008 1278     		ldrb	r2, [r2]	@ zero_extendqisi2
 305              		.loc 1 70 7 view .LVU84
 306 000a D2B1     		cbz	r2, .L16
  67:Core/Src/uart.c **** 
 307              		.loc 1 67 29 view .LVU85
 308 000c 10B4     		push	{r4}
 309              		.cfi_def_cfa_offset 4
 310              		.cfi_offset 4, -4
  71:Core/Src/uart.c ****         if (packet_index < FRAME_BUFFER_SIZE) {
 311              		.loc 1 71 9 is_stmt 1 view .LVU86
 312              		.loc 1 71 26 is_stmt 0 view .LVU87
 313 000e 174A     		ldr	r2, .L26+8
 314 0010 1268     		ldr	r2, [r2]
 315              		.loc 1 71 12 view .LVU88
 316 0012 B2F5962F 		cmp	r2, #307200
 317 0016 06D2     		bcs	.L17
  72:Core/Src/uart.c ****             lt.frame_buffer[packet_index++] = byte;
 318              		.loc 1 72 13 is_stmt 1 view .LVU89
 319              		.loc 1 72 15 is_stmt 0 view .LVU90
 320 0018 154A     		ldr	r2, .L26+12
ARM GAS  /var/folders/l4/6w9kflz11csb_6qsyz46nv3c0000gp/T//ccnnLbEX.s 			page 8


 321 001a 5068     		ldr	r0, [r2, #4]
 322              		.loc 1 72 41 view .LVU91
 323 001c 1349     		ldr	r1, .L26+8
 324 001e 0A68     		ldr	r2, [r1]
 325 0020 541C     		adds	r4, r2, #1
 326 0022 0C60     		str	r4, [r1]
 327              		.loc 1 72 45 view .LVU92
 328 0024 8354     		strb	r3, [r0, r2]
 329              	.L17:
  73:Core/Src/uart.c ****         }
  74:Core/Src/uart.c ****         if(packet_index == (FRAME_BUFFER_SIZE) ){
 330              		.loc 1 74 9 is_stmt 1 view .LVU93
 331              		.loc 1 74 25 is_stmt 0 view .LVU94
 332 0026 114B     		ldr	r3, .L26+8
 333              	.LVL11:
 334              		.loc 1 74 25 view .LVU95
 335 0028 1B68     		ldr	r3, [r3]
 336              		.loc 1 74 11 view .LVU96
 337 002a B3F5962F 		cmp	r3, #307200
 338 002e 02D0     		beq	.L24
 339              	.L15:
  75:Core/Src/uart.c ****             packet_index = 0;
  76:Core/Src/uart.c ****             uart_frame_received = 0;
  77:Core/Src/uart.c ****         }
  78:Core/Src/uart.c ****     }
  79:Core/Src/uart.c ****     else{
  80:Core/Src/uart.c ****         if (byte == '\n') {
  81:Core/Src/uart.c ****             packet_index = 0;
  82:Core/Src/uart.c ****             uart_command_received = 1;
  83:Core/Src/uart.c ****         }
  84:Core/Src/uart.c ****         else{
  85:Core/Src/uart.c ****             packet_buffer[packet_index++] = byte;
  86:Core/Src/uart.c ****         }
  87:Core/Src/uart.c ****     }
  88:Core/Src/uart.c **** }
 340              		.loc 1 88 1 view .LVU97
 341 0030 5DF8044B 		ldr	r4, [sp], #4
 342              		.cfi_remember_state
 343              		.cfi_restore 4
 344              		.cfi_def_cfa_offset 0
 345 0034 7047     		bx	lr
 346              	.L24:
 347              		.cfi_restore_state
  75:Core/Src/uart.c ****             packet_index = 0;
 348              		.loc 1 75 13 is_stmt 1 view .LVU98
  75:Core/Src/uart.c ****             packet_index = 0;
 349              		.loc 1 75 26 is_stmt 0 view .LVU99
 350 0036 0023     		movs	r3, #0
 351 0038 0C4A     		ldr	r2, .L26+8
 352 003a 1360     		str	r3, [r2]
  76:Core/Src/uart.c ****         }
 353              		.loc 1 76 13 is_stmt 1 view .LVU100
  76:Core/Src/uart.c ****         }
 354              		.loc 1 76 33 is_stmt 0 view .LVU101
 355 003c 0A4A     		ldr	r2, .L26+4
 356 003e 1370     		strb	r3, [r2]
 357 0040 F6E7     		b	.L15
ARM GAS  /var/folders/l4/6w9kflz11csb_6qsyz46nv3c0000gp/T//ccnnLbEX.s 			page 9


 358              	.LVL12:
 359              	.L16:
 360              		.cfi_def_cfa_offset 0
 361              		.cfi_restore 4
  80:Core/Src/uart.c ****             packet_index = 0;
 362              		.loc 1 80 9 is_stmt 1 view .LVU102
  80:Core/Src/uart.c ****             packet_index = 0;
 363              		.loc 1 80 12 is_stmt 0 view .LVU103
 364 0042 0A2B     		cmp	r3, #10
 365 0044 06D0     		beq	.L25
  85:Core/Src/uart.c ****         }
 366              		.loc 1 85 13 is_stmt 1 view .LVU104
  85:Core/Src/uart.c ****         }
 367              		.loc 1 85 39 is_stmt 0 view .LVU105
 368 0046 0949     		ldr	r1, .L26+8
 369 0048 0A68     		ldr	r2, [r1]
 370 004a 501C     		adds	r0, r2, #1
 371 004c 0860     		str	r0, [r1]
  85:Core/Src/uart.c ****         }
 372              		.loc 1 85 43 view .LVU106
 373 004e 0949     		ldr	r1, .L26+16
 374 0050 8B54     		strb	r3, [r1, r2]
 375 0052 7047     		bx	lr
 376              	.L25:
  81:Core/Src/uart.c ****             uart_command_received = 1;
 377              		.loc 1 81 13 is_stmt 1 view .LVU107
  81:Core/Src/uart.c ****             uart_command_received = 1;
 378              		.loc 1 81 26 is_stmt 0 view .LVU108
 379 0054 054B     		ldr	r3, .L26+8
 380              	.LVL13:
  81:Core/Src/uart.c ****             uart_command_received = 1;
 381              		.loc 1 81 26 view .LVU109
 382 0056 0022     		movs	r2, #0
 383 0058 1A60     		str	r2, [r3]
  82:Core/Src/uart.c ****         }
 384              		.loc 1 82 13 is_stmt 1 view .LVU110
  82:Core/Src/uart.c ****         }
 385              		.loc 1 82 35 is_stmt 0 view .LVU111
 386 005a 074B     		ldr	r3, .L26+20
 387 005c 0122     		movs	r2, #1
 388 005e 1A70     		strb	r2, [r3]
 389 0060 7047     		bx	lr
 390              	.L27:
 391 0062 00BF     		.align	2
 392              	.L26:
 393 0064 00100140 		.word	1073811456
 394 0068 00000000 		.word	uart_frame_received
 395 006c 00000000 		.word	packet_index
 396 0070 00000000 		.word	lt
 397 0074 00000000 		.word	packet_buffer
 398 0078 00000000 		.word	uart_command_received
 399              		.cfi_endproc
 400              	.LFE146:
 402              		.global	packet_buffer
 403              		.section	.bss.packet_buffer,"aw",%nobits
 404              		.align	2
 407              	packet_buffer:
ARM GAS  /var/folders/l4/6w9kflz11csb_6qsyz46nv3c0000gp/T//ccnnLbEX.s 			page 10


 408 0000 00000000 		.space	64
 408      00000000 
 408      00000000 
 408      00000000 
 408      00000000 
 409              		.global	packet_index
 410              		.section	.bss.packet_index,"aw",%nobits
 411              		.align	2
 414              	packet_index:
 415 0000 00000000 		.space	4
 416              		.global	uart_frame_received
 417              		.section	.bss.uart_frame_received,"aw",%nobits
 420              	uart_frame_received:
 421 0000 00       		.space	1
 422              		.global	uart_command_received
 423              		.section	.bss.uart_command_received,"aw",%nobits
 426              	uart_command_received:
 427 0000 00       		.space	1
 428              		.global	huart1
 429              		.section	.bss.huart1,"aw",%nobits
 430              		.align	2
 433              	huart1:
 434 0000 00000000 		.space	148
 434      00000000 
 434      00000000 
 434      00000000 
 434      00000000 
 435              		.text
 436              	.Letext0:
 437              		.file 2 "Drivers/CMSIS/Device/ST/STM32H7xx/Include/stm32h743xx.h"
 438              		.file 3 "/Users/rasil/Library/Application Support/Code/User/globalStorage/bmd.stm32-for-vscode/@xp
 439              		.file 4 "/Users/rasil/Library/Application Support/Code/User/globalStorage/bmd.stm32-for-vscode/@xp
 440              		.file 5 "Drivers/STM32H7xx_HAL_Driver/Inc/stm32h7xx_hal_def.h"
 441              		.file 6 "Drivers/STM32H7xx_HAL_Driver/Inc/stm32h7xx_hal_rcc_ex.h"
 442              		.file 7 "Drivers/STM32H7xx_HAL_Driver/Inc/stm32h7xx_hal_gpio.h"
 443              		.file 8 "Drivers/STM32H7xx_HAL_Driver/Inc/stm32h7xx_hal_dma.h"
 444              		.file 9 "Drivers/STM32H7xx_HAL_Driver/Inc/stm32h7xx_hal_ltdc.h"
 445              		.file 10 "Drivers/STM32H7xx_HAL_Driver/Inc/stm32h7xx_hal_uart.h"
 446              		.file 11 "Core/Inc/ltdc_drive.h"
 447              		.file 12 "Drivers/STM32H7xx_HAL_Driver/Inc/stm32h7xx_hal_cortex.h"
 448              		.file 13 "/Users/rasil/Library/Application Support/Code/User/globalStorage/bmd.stm32-for-vscode/@x
 449              		.file 14 "Core/Inc/main.h"
 450              		.file 15 "<built-in>"
ARM GAS  /var/folders/l4/6w9kflz11csb_6qsyz46nv3c0000gp/T//ccnnLbEX.s 			page 11


DEFINED SYMBOLS
                            *ABS*:00000000 uart.c
/var/folders/l4/6w9kflz11csb_6qsyz46nv3c0000gp/T//ccnnLbEX.s:20     .text.UART_Init:00000000 $t
/var/folders/l4/6w9kflz11csb_6qsyz46nv3c0000gp/T//ccnnLbEX.s:26     .text.UART_Init:00000000 UART_Init
/var/folders/l4/6w9kflz11csb_6qsyz46nv3c0000gp/T//ccnnLbEX.s:199    .text.UART_Init:000000c8 $d
/var/folders/l4/6w9kflz11csb_6qsyz46nv3c0000gp/T//ccnnLbEX.s:433    .bss.huart1:00000000 huart1
/var/folders/l4/6w9kflz11csb_6qsyz46nv3c0000gp/T//ccnnLbEX.s:207    .rodata.UART_HandlePacket.str1.4:00000000 $d
/var/folders/l4/6w9kflz11csb_6qsyz46nv3c0000gp/T//ccnnLbEX.s:214    .text.UART_HandlePacket:00000000 $t
/var/folders/l4/6w9kflz11csb_6qsyz46nv3c0000gp/T//ccnnLbEX.s:220    .text.UART_HandlePacket:00000000 UART_HandlePacket
/var/folders/l4/6w9kflz11csb_6qsyz46nv3c0000gp/T//ccnnLbEX.s:272    .text.UART_HandlePacket:00000030 $d
/var/folders/l4/6w9kflz11csb_6qsyz46nv3c0000gp/T//ccnnLbEX.s:407    .bss.packet_buffer:00000000 packet_buffer
/var/folders/l4/6w9kflz11csb_6qsyz46nv3c0000gp/T//ccnnLbEX.s:420    .bss.uart_frame_received:00000000 uart_frame_received
/var/folders/l4/6w9kflz11csb_6qsyz46nv3c0000gp/T//ccnnLbEX.s:281    .text.USART1_IRQHandler:00000000 $t
/var/folders/l4/6w9kflz11csb_6qsyz46nv3c0000gp/T//ccnnLbEX.s:287    .text.USART1_IRQHandler:00000000 USART1_IRQHandler
/var/folders/l4/6w9kflz11csb_6qsyz46nv3c0000gp/T//ccnnLbEX.s:393    .text.USART1_IRQHandler:00000064 $d
/var/folders/l4/6w9kflz11csb_6qsyz46nv3c0000gp/T//ccnnLbEX.s:414    .bss.packet_index:00000000 packet_index
/var/folders/l4/6w9kflz11csb_6qsyz46nv3c0000gp/T//ccnnLbEX.s:426    .bss.uart_command_received:00000000 uart_command_received
/var/folders/l4/6w9kflz11csb_6qsyz46nv3c0000gp/T//ccnnLbEX.s:404    .bss.packet_buffer:00000000 $d
/var/folders/l4/6w9kflz11csb_6qsyz46nv3c0000gp/T//ccnnLbEX.s:411    .bss.packet_index:00000000 $d
/var/folders/l4/6w9kflz11csb_6qsyz46nv3c0000gp/T//ccnnLbEX.s:421    .bss.uart_frame_received:00000000 $d
/var/folders/l4/6w9kflz11csb_6qsyz46nv3c0000gp/T//ccnnLbEX.s:427    .bss.uart_command_received:00000000 $d
/var/folders/l4/6w9kflz11csb_6qsyz46nv3c0000gp/T//ccnnLbEX.s:430    .bss.huart1:00000000 $d

UNDEFINED SYMBOLS
memset
HAL_RCCEx_PeriphCLKConfig
HAL_GPIO_Init
HAL_UART_Init
HAL_NVIC_SetPriority
HAL_NVIC_EnableIRQ
Error_Handler
strncmp
display_enabled
lt
