ARM GAS  /var/folders/l4/6w9kflz11csb_6qsyz46nv3c0000gp/T//ccu8bwqA.s 			page 1


   1              		.cpu cortex-m7
   2              		.arch armv7e-m
   3              		.fpu fpv5-d16
   4              		.eabi_attribute 28, 1
   5              		.eabi_attribute 20, 1
   6              		.eabi_attribute 21, 1
   7              		.eabi_attribute 23, 3
   8              		.eabi_attribute 24, 1
   9              		.eabi_attribute 25, 1
  10              		.eabi_attribute 26, 1
  11              		.eabi_attribute 30, 1
  12              		.eabi_attribute 34, 1
  13              		.eabi_attribute 18, 4
  14              		.file	"stm32h7xx_hal_flash_ex.c"
  15              		.text
  16              		.section	.text.FLASH_MassErase,"ax",%progbits
  17              		.align	1
  18              		.syntax unified
  19              		.thumb
  20              		.thumb_func
  22              	FLASH_MassErase:
  23              		@ args = 0, pretend = 0, frame = 0
  24              		@ frame_needed = 0, uses_anonymous_args = 0
  25              		@ link register save eliminated.
  26 0000 01F00303 		and	r3, r1, #3
  27 0004 032B     		cmp	r3, #3
  28 0006 24D0     		beq	.L5
  29 0008 11F0010F 		tst	r1, #1
  30 000c 0BD0     		beq	.L4
  31 000e 1D4B     		ldr	r3, .L6
  32 0010 DA68     		ldr	r2, [r3, #12]
  33 0012 22F03002 		bic	r2, r2, #48
  34 0016 DA60     		str	r2, [r3, #12]
  35 0018 DA68     		ldr	r2, [r3, #12]
  36 001a 0243     		orrs	r2, r2, r0
  37 001c DA60     		str	r2, [r3, #12]
  38 001e DA68     		ldr	r2, [r3, #12]
  39 0020 42F08802 		orr	r2, r2, #136
  40 0024 DA60     		str	r2, [r3, #12]
  41              	.L4:
  42 0026 11F0020F 		tst	r1, #2
  43 002a 11D0     		beq	.L1
  44 002c 154B     		ldr	r3, .L6
  45 002e D3F80C21 		ldr	r2, [r3, #268]
  46 0032 22F03002 		bic	r2, r2, #48
  47 0036 C3F80C21 		str	r2, [r3, #268]
  48 003a D3F80C21 		ldr	r2, [r3, #268]
  49 003e 0243     		orrs	r2, r2, r0
  50 0040 C3F80C21 		str	r2, [r3, #268]
  51 0044 D3F80C21 		ldr	r2, [r3, #268]
  52 0048 42F08802 		orr	r2, r2, #136
  53 004c C3F80C21 		str	r2, [r3, #268]
  54              	.L1:
  55 0050 7047     		bx	lr
  56              	.L5:
  57 0052 0C4B     		ldr	r3, .L6
  58 0054 DA68     		ldr	r2, [r3, #12]
ARM GAS  /var/folders/l4/6w9kflz11csb_6qsyz46nv3c0000gp/T//ccu8bwqA.s 			page 2


  59 0056 22F03002 		bic	r2, r2, #48
  60 005a DA60     		str	r2, [r3, #12]
  61 005c D3F80C21 		ldr	r2, [r3, #268]
  62 0060 22F03002 		bic	r2, r2, #48
  63 0064 C3F80C21 		str	r2, [r3, #268]
  64 0068 DA68     		ldr	r2, [r3, #12]
  65 006a 0243     		orrs	r2, r2, r0
  66 006c DA60     		str	r2, [r3, #12]
  67 006e D3F80C21 		ldr	r2, [r3, #268]
  68 0072 0243     		orrs	r2, r2, r0
  69 0074 C3F80C21 		str	r2, [r3, #268]
  70 0078 9A69     		ldr	r2, [r3, #24]
  71 007a 42F01002 		orr	r2, r2, #16
  72 007e 9A61     		str	r2, [r3, #24]
  73 0080 7047     		bx	lr
  74              	.L7:
  75 0082 00BF     		.align	2
  76              	.L6:
  77 0084 00200052 		.word	1375739904
  79              		.section	.text.FLASH_OB_EnableWRP,"ax",%progbits
  80              		.align	1
  81              		.syntax unified
  82              		.thumb
  83              		.thumb_func
  85              	FLASH_OB_EnableWRP:
  86              		@ args = 0, pretend = 0, frame = 0
  87              		@ frame_needed = 0, uses_anonymous_args = 0
  88              		@ link register save eliminated.
  89 0000 11F0010F 		tst	r1, #1
  90 0004 06D0     		beq	.L9
  91 0006 094A     		ldr	r2, .L11
  92 0008 D36B     		ldr	r3, [r2, #60]
  93 000a 5FFA80FC 		uxtb	ip, r0
  94 000e 23EA0C03 		bic	r3, r3, ip
  95 0012 D363     		str	r3, [r2, #60]
  96              	.L9:
  97 0014 11F0020F 		tst	r1, #2
  98 0018 07D0     		beq	.L8
  99 001a 044A     		ldr	r2, .L11
 100 001c D2F83C31 		ldr	r3, [r2, #316]
 101 0020 C0B2     		uxtb	r0, r0
 102 0022 23EA0003 		bic	r3, r3, r0
 103 0026 C2F83C31 		str	r3, [r2, #316]
 104              	.L8:
 105 002a 7047     		bx	lr
 106              	.L12:
 107              		.align	2
 108              	.L11:
 109 002c 00200052 		.word	1375739904
 111              		.section	.text.FLASH_OB_DisableWRP,"ax",%progbits
 112              		.align	1
 113              		.syntax unified
 114              		.thumb
 115              		.thumb_func
 117              	FLASH_OB_DisableWRP:
 118              		@ args = 0, pretend = 0, frame = 0
 119              		@ frame_needed = 0, uses_anonymous_args = 0
ARM GAS  /var/folders/l4/6w9kflz11csb_6qsyz46nv3c0000gp/T//ccu8bwqA.s 			page 3


 120              		@ link register save eliminated.
 121 0000 11F0010F 		tst	r1, #1
 122 0004 06D0     		beq	.L14
 123 0006 094A     		ldr	r2, .L16
 124 0008 D36B     		ldr	r3, [r2, #60]
 125 000a 5FFA80FC 		uxtb	ip, r0
 126 000e 43EA0C03 		orr	r3, r3, ip
 127 0012 D363     		str	r3, [r2, #60]
 128              	.L14:
 129 0014 11F0020F 		tst	r1, #2
 130 0018 06D0     		beq	.L13
 131 001a 044A     		ldr	r2, .L16
 132 001c D2F83C31 		ldr	r3, [r2, #316]
 133 0020 C0B2     		uxtb	r0, r0
 134 0022 0343     		orrs	r3, r3, r0
 135 0024 C2F83C31 		str	r3, [r2, #316]
 136              	.L13:
 137 0028 7047     		bx	lr
 138              	.L17:
 139 002a 00BF     		.align	2
 140              	.L16:
 141 002c 00200052 		.word	1375739904
 143              		.section	.text.FLASH_OB_GetWRP,"ax",%progbits
 144              		.align	1
 145              		.syntax unified
 146              		.thumb
 147              		.thumb_func
 149              	FLASH_OB_GetWRP:
 150              		@ args = 0, pretend = 0, frame = 0
 151              		@ frame_needed = 0, uses_anonymous_args = 0
 152              		@ link register save eliminated.
 153 0000 012A     		cmp	r2, #1
 154 0002 08D0     		beq	.L24
 155 0004 022A     		cmp	r2, #2
 156 0006 09D0     		beq	.L25
 157 0008 0023     		movs	r3, #0
 158              	.L20:
 159 000a DB43     		mvns	r3, r3
 160 000c DBB2     		uxtb	r3, r3
 161 000e 0B60     		str	r3, [r1]
 162 0010 43B9     		cbnz	r3, .L21
 163 0012 0360     		str	r3, [r0]
 164 0014 7047     		bx	lr
 165              	.L24:
 166 0016 054B     		ldr	r3, .L26
 167 0018 9B6B     		ldr	r3, [r3, #56]
 168 001a F6E7     		b	.L20
 169              	.L25:
 170 001c 034B     		ldr	r3, .L26
 171 001e D3F83831 		ldr	r3, [r3, #312]
 172 0022 F2E7     		b	.L20
 173              	.L21:
 174 0024 0123     		movs	r3, #1
 175 0026 0360     		str	r3, [r0]
 176 0028 7047     		bx	lr
 177              	.L27:
 178 002a 00BF     		.align	2
ARM GAS  /var/folders/l4/6w9kflz11csb_6qsyz46nv3c0000gp/T//ccu8bwqA.s 			page 4


 179              	.L26:
 180 002c 00200052 		.word	1375739904
 182              		.section	.text.FLASH_OB_RDPConfig,"ax",%progbits
 183              		.align	1
 184              		.syntax unified
 185              		.thumb
 186              		.thumb_func
 188              	FLASH_OB_RDPConfig:
 189              		@ args = 0, pretend = 0, frame = 0
 190              		@ frame_needed = 0, uses_anonymous_args = 0
 191              		@ link register save eliminated.
 192 0000 034A     		ldr	r2, .L29
 193 0002 136A     		ldr	r3, [r2, #32]
 194 0004 23F47F43 		bic	r3, r3, #65280
 195 0008 0343     		orrs	r3, r3, r0
 196 000a 1362     		str	r3, [r2, #32]
 197 000c 7047     		bx	lr
 198              	.L30:
 199 000e 00BF     		.align	2
 200              	.L29:
 201 0010 00200052 		.word	1375739904
 203              		.section	.text.FLASH_OB_GetRDP,"ax",%progbits
 204              		.align	1
 205              		.syntax unified
 206              		.thumb
 207              		.thumb_func
 209              	FLASH_OB_GetRDP:
 210              		@ args = 0, pretend = 0, frame = 0
 211              		@ frame_needed = 0, uses_anonymous_args = 0
 212              		@ link register save eliminated.
 213 0000 064B     		ldr	r3, .L34
 214 0002 D869     		ldr	r0, [r3, #28]
 215 0004 00F47F40 		and	r0, r0, #65280
 216 0008 B0F52A4F 		cmp	r0, #43520
 217 000c 18BF     		it	ne
 218 000e B0F54C4F 		cmpne	r0, #52224
 219 0012 00D1     		bne	.L33
 220              	.L31:
 221 0014 7047     		bx	lr
 222              	.L33:
 223 0016 4FF4AA40 		mov	r0, #21760
 224 001a FBE7     		b	.L31
 225              	.L35:
 226              		.align	2
 227              	.L34:
 228 001c 00200052 		.word	1375739904
 230              		.section	.text.FLASH_OB_UserConfig,"ax",%progbits
 231              		.align	1
 232              		.syntax unified
 233              		.thumb
 234              		.thumb_func
 236              	FLASH_OB_UserConfig:
 237              		@ args = 0, pretend = 0, frame = 0
 238              		@ frame_needed = 0, uses_anonymous_args = 0
 239              		@ link register save eliminated.
 240 0000 10F00103 		ands	r3, r0, #1
 241 0004 50D0     		beq	.L46
ARM GAS  /var/folders/l4/6w9kflz11csb_6qsyz46nv3c0000gp/T//ccu8bwqA.s 			page 5


 242 0006 01F01003 		and	r3, r1, #16
 243 000a 1022     		movs	r2, #16
 244              	.L37:
 245 000c 10F0020F 		tst	r0, #2
 246 0010 05D0     		beq	.L38
 247 0012 01F0400C 		and	ip, r1, #64
 248 0016 43EA0C03 		orr	r3, r3, ip
 249 001a 42F04002 		orr	r2, r2, #64
 250              	.L38:
 251 001e 10F0040F 		tst	r0, #4
 252 0022 05D0     		beq	.L39
 253 0024 01F0800C 		and	ip, r1, #128
 254 0028 43EA0C03 		orr	r3, r3, ip
 255 002c 42F08002 		orr	r2, r2, #128
 256              	.L39:
 257 0030 10F0080F 		tst	r0, #8
 258 0034 05D0     		beq	.L40
 259 0036 01F4003C 		and	ip, r1, #131072
 260 003a 43EA0C03 		orr	r3, r3, ip
 261 003e 42F40032 		orr	r2, r2, #131072
 262              	.L40:
 263 0042 10F0100F 		tst	r0, #16
 264 0046 05D0     		beq	.L41
 265 0048 01F4802C 		and	ip, r1, #262144
 266 004c 43EA0C03 		orr	r3, r3, ip
 267 0050 42F48022 		orr	r2, r2, #262144
 268              	.L41:
 269 0054 10F0200F 		tst	r0, #32
 270 0058 05D0     		beq	.L42
 271 005a 01F4C01C 		and	ip, r1, #1572864
 272 005e 43EA0C03 		orr	r3, r3, ip
 273 0062 42F4C012 		orr	r2, r2, #1572864
 274              	.L42:
 275 0066 10F0400F 		tst	r0, #64
 276 006a 05D0     		beq	.L43
 277 006c 01F4001C 		and	ip, r1, #2097152
 278 0070 43EA0C03 		orr	r3, r3, ip
 279 0074 42F40012 		orr	r2, r2, #2097152
 280              	.L43:
 281 0078 10F4807F 		tst	r0, #256
 282 007c 05D0     		beq	.L44
 283 007e 01F0004C 		and	ip, r1, #-2147483648
 284 0082 43EA0C03 		orr	r3, r3, ip
 285 0086 42F00042 		orr	r2, r2, #-2147483648
 286              	.L44:
 287 008a 10F0800F 		tst	r0, #128
 288 008e 04D0     		beq	.L45
 289 0090 01F00051 		and	r1, r1, #536870912
 290 0094 0B43     		orrs	r3, r3, r1
 291 0096 42F00052 		orr	r2, r2, #536870912
 292              	.L45:
 293 009a 0448     		ldr	r0, .L47
 294 009c 016A     		ldr	r1, [r0, #32]
 295 009e 21EA0202 		bic	r2, r1, r2
 296 00a2 1343     		orrs	r3, r3, r2
 297 00a4 0362     		str	r3, [r0, #32]
 298 00a6 7047     		bx	lr
ARM GAS  /var/folders/l4/6w9kflz11csb_6qsyz46nv3c0000gp/T//ccu8bwqA.s 			page 6


 299              	.L46:
 300 00a8 1A46     		mov	r2, r3
 301 00aa AFE7     		b	.L37
 302              	.L48:
 303              		.align	2
 304              	.L47:
 305 00ac 00200052 		.word	1375739904
 307              		.section	.text.FLASH_OB_GetUser,"ax",%progbits
 308              		.align	1
 309              		.syntax unified
 310              		.thumb
 311              		.thumb_func
 313              	FLASH_OB_GetUser:
 314              		@ args = 0, pretend = 0, frame = 0
 315              		@ frame_needed = 0, uses_anonymous_args = 0
 316              		@ link register save eliminated.
 317 0000 024B     		ldr	r3, .L50
 318 0002 DB69     		ldr	r3, [r3, #28]
 319 0004 0248     		ldr	r0, .L50+4
 320 0006 1840     		ands	r0, r0, r3
 321 0008 7047     		bx	lr
 322              	.L51:
 323 000a 00BF     		.align	2
 324              	.L50:
 325 000c 00200052 		.word	1375739904
 326 0010 F300FFFF 		.word	-65293
 328              		.section	.text.FLASH_OB_PCROPConfig,"ax",%progbits
 329              		.align	1
 330              		.syntax unified
 331              		.thumb
 332              		.thumb_func
 334              	FLASH_OB_PCROPConfig:
 335              		@ args = 0, pretend = 0, frame = 0
 336              		@ frame_needed = 0, uses_anonymous_args = 0
 337              		@ link register save eliminated.
 338 0000 30B4     		push	{r4, r5}
 339 0002 13F0010F 		tst	r3, #1
 340 0006 0AD0     		beq	.L53
 341 0008 01F1784C 		add	ip, r1, #-134217728
 342 000c 02F17844 		add	r4, r2, #-134217728
 343 0010 240A     		lsrs	r4, r4, #8
 344 0012 2404     		lsls	r4, r4, #16
 345 0014 44EA1C24 		orr	r4, r4, ip, lsr #8
 346 0018 0443     		orrs	r4, r4, r0
 347 001a 094D     		ldr	r5, .L56
 348 001c EC62     		str	r4, [r5, #44]
 349              	.L53:
 350 001e 13F0020F 		tst	r3, #2
 351 0022 0BD0     		beq	.L52
 352 0024 A1F10161 		sub	r1, r1, #135266304
 353 0028 A2F10162 		sub	r2, r2, #135266304
 354 002c 120A     		lsrs	r2, r2, #8
 355 002e 1204     		lsls	r2, r2, #16
 356 0030 42EA1121 		orr	r1, r2, r1, lsr #8
 357 0034 0843     		orrs	r0, r0, r1
 358 0036 024B     		ldr	r3, .L56
 359 0038 C3F82C01 		str	r0, [r3, #300]
ARM GAS  /var/folders/l4/6w9kflz11csb_6qsyz46nv3c0000gp/T//ccu8bwqA.s 			page 7


 360              	.L52:
 361 003c 30BC     		pop	{r4, r5}
 362 003e 7047     		bx	lr
 363              	.L57:
 364              		.align	2
 365              	.L56:
 366 0040 00200052 		.word	1375739904
 368              		.section	.text.FLASH_OB_GetPCROP,"ax",%progbits
 369              		.align	1
 370              		.syntax unified
 371              		.thumb
 372              		.thumb_func
 374              	FLASH_OB_GetPCROP:
 375              		@ args = 0, pretend = 0, frame = 0
 376              		@ frame_needed = 0, uses_anonymous_args = 0
 377              		@ link register save eliminated.
 378 0000 10B4     		push	{r4}
 379 0002 012B     		cmp	r3, #1
 380 0004 15D0     		beq	.L63
 381 0006 022B     		cmp	r3, #2
 382 0008 18D0     		beq	.L64
 383 000a 4FF0000C 		mov	ip, #0
 384 000e 6346     		mov	r3, ip
 385              	.L60:
 386 0010 03F00044 		and	r4, r3, #-2147483648
 387 0014 0460     		str	r4, [r0]
 388 0016 0C48     		ldr	r0, .L65
 389 0018 00EA0320 		and	r0, r0, r3, lsl #8
 390 001c 6044     		add	r0, r0, ip
 391 001e 0860     		str	r0, [r1]
 392 0020 C3F30B43 		ubfx	r3, r3, #16, #12
 393 0024 1360     		str	r3, [r2]
 394 0026 0CEB0323 		add	r3, ip, r3, lsl #8
 395 002a 1360     		str	r3, [r2]
 396 002c 5DF8044B 		ldr	r4, [sp], #4
 397 0030 7047     		bx	lr
 398              	.L63:
 399 0032 064B     		ldr	r3, .L65+4
 400 0034 9B6A     		ldr	r3, [r3, #40]
 401 0036 4FF0006C 		mov	ip, #134217728
 402 003a E9E7     		b	.L60
 403              	.L64:
 404 003c 034B     		ldr	r3, .L65+4
 405 003e D3F82831 		ldr	r3, [r3, #296]
 406 0042 4FF0016C 		mov	ip, #135266304
 407 0046 E3E7     		b	.L60
 408              	.L66:
 409              		.align	2
 410              	.L65:
 411 0048 00FF0F00 		.word	1048320
 412 004c 00200052 		.word	1375739904
 414              		.section	.text.FLASH_OB_BOR_LevelConfig,"ax",%progbits
 415              		.align	1
 416              		.syntax unified
 417              		.thumb
 418              		.thumb_func
 420              	FLASH_OB_BOR_LevelConfig:
ARM GAS  /var/folders/l4/6w9kflz11csb_6qsyz46nv3c0000gp/T//ccu8bwqA.s 			page 8


 421              		@ args = 0, pretend = 0, frame = 0
 422              		@ frame_needed = 0, uses_anonymous_args = 0
 423              		@ link register save eliminated.
 424 0000 034A     		ldr	r2, .L68
 425 0002 136A     		ldr	r3, [r2, #32]
 426 0004 23F00C03 		bic	r3, r3, #12
 427 0008 0343     		orrs	r3, r3, r0
 428 000a 1362     		str	r3, [r2, #32]
 429 000c 7047     		bx	lr
 430              	.L69:
 431 000e 00BF     		.align	2
 432              	.L68:
 433 0010 00200052 		.word	1375739904
 435              		.section	.text.FLASH_OB_GetBOR,"ax",%progbits
 436              		.align	1
 437              		.syntax unified
 438              		.thumb
 439              		.thumb_func
 441              	FLASH_OB_GetBOR:
 442              		@ args = 0, pretend = 0, frame = 0
 443              		@ frame_needed = 0, uses_anonymous_args = 0
 444              		@ link register save eliminated.
 445 0000 024B     		ldr	r3, .L71
 446 0002 D869     		ldr	r0, [r3, #28]
 447 0004 00F00C00 		and	r0, r0, #12
 448 0008 7047     		bx	lr
 449              	.L72:
 450 000a 00BF     		.align	2
 451              	.L71:
 452 000c 00200052 		.word	1375739904
 454              		.section	.text.FLASH_OB_BootAddConfig,"ax",%progbits
 455              		.align	1
 456              		.syntax unified
 457              		.thumb
 458              		.thumb_func
 460              	FLASH_OB_BootAddConfig:
 461              		@ args = 0, pretend = 0, frame = 0
 462              		@ frame_needed = 0, uses_anonymous_args = 0
 463              		@ link register save eliminated.
 464 0000 10B4     		push	{r4}
 465 0002 10F0010F 		tst	r0, #1
 466 0006 06D0     		beq	.L74
 467 0008 084C     		ldr	r4, .L77
 468 000a 636C     		ldr	r3, [r4, #68]
 469 000c 6FF30F03 		bfc	r3, #0, #16
 470 0010 43EA1143 		orr	r3, r3, r1, lsr #16
 471 0014 6364     		str	r3, [r4, #68]
 472              	.L74:
 473 0016 10F0020F 		tst	r0, #2
 474 001a 04D0     		beq	.L73
 475 001c 0349     		ldr	r1, .L77
 476 001e 4B6C     		ldr	r3, [r1, #68]
 477 0020 9BB2     		uxth	r3, r3
 478 0022 1343     		orrs	r3, r3, r2
 479 0024 4B64     		str	r3, [r1, #68]
 480              	.L73:
 481 0026 5DF8044B 		ldr	r4, [sp], #4
ARM GAS  /var/folders/l4/6w9kflz11csb_6qsyz46nv3c0000gp/T//ccu8bwqA.s 			page 9


 482 002a 7047     		bx	lr
 483              	.L78:
 484              		.align	2
 485              	.L77:
 486 002c 00200052 		.word	1375739904
 488              		.section	.text.FLASH_OB_GetBootAdd,"ax",%progbits
 489              		.align	1
 490              		.syntax unified
 491              		.thumb
 492              		.thumb_func
 494              	FLASH_OB_GetBootAdd:
 495              		@ args = 0, pretend = 0, frame = 0
 496              		@ frame_needed = 0, uses_anonymous_args = 0
 497              		@ link register save eliminated.
 498 0000 034B     		ldr	r3, .L80
 499 0002 1B6C     		ldr	r3, [r3, #64]
 500 0004 1A04     		lsls	r2, r3, #16
 501 0006 0260     		str	r2, [r0]
 502 0008 6FF30F03 		bfc	r3, #0, #16
 503 000c 0B60     		str	r3, [r1]
 504 000e 7047     		bx	lr
 505              	.L81:
 506              		.align	2
 507              	.L80:
 508 0010 00200052 		.word	1375739904
 510              		.section	.text.FLASH_OB_SecureAreaConfig,"ax",%progbits
 511              		.align	1
 512              		.syntax unified
 513              		.thumb
 514              		.thumb_func
 516              	FLASH_OB_SecureAreaConfig:
 517              		@ args = 0, pretend = 0, frame = 0
 518              		@ frame_needed = 0, uses_anonymous_args = 0
 519              		@ link register save eliminated.
 520 0000 30B4     		push	{r4, r5}
 521 0002 13F0010F 		tst	r3, #1
 522 0006 0CD0     		beq	.L83
 523 0008 01F1784C 		add	ip, r1, #-134217728
 524 000c 02F17844 		add	r4, r2, #-134217728
 525 0010 240A     		lsrs	r4, r4, #8
 526 0012 2404     		lsls	r4, r4, #16
 527 0014 44EA1C24 		orr	r4, r4, ip, lsr #8
 528 0018 00F00045 		and	r5, r0, #-2147483648
 529 001c 2C43     		orrs	r4, r4, r5
 530 001e 0A4D     		ldr	r5, .L86
 531 0020 6C63     		str	r4, [r5, #52]
 532              	.L83:
 533 0022 13F0020F 		tst	r3, #2
 534 0026 0DD0     		beq	.L82
 535 0028 A1F10161 		sub	r1, r1, #135266304
 536 002c A2F10162 		sub	r2, r2, #135266304
 537 0030 120A     		lsrs	r2, r2, #8
 538 0032 1204     		lsls	r2, r2, #16
 539 0034 42EA1121 		orr	r1, r2, r1, lsr #8
 540 0038 00F00040 		and	r0, r0, #-2147483648
 541 003c 0843     		orrs	r0, r0, r1
 542 003e 024B     		ldr	r3, .L86
ARM GAS  /var/folders/l4/6w9kflz11csb_6qsyz46nv3c0000gp/T//ccu8bwqA.s 			page 10


 543 0040 C3F83401 		str	r0, [r3, #308]
 544              	.L82:
 545 0044 30BC     		pop	{r4, r5}
 546 0046 7047     		bx	lr
 547              	.L87:
 548              		.align	2
 549              	.L86:
 550 0048 00200052 		.word	1375739904
 552              		.section	.text.FLASH_OB_GetSecureArea,"ax",%progbits
 553              		.align	1
 554              		.syntax unified
 555              		.thumb
 556              		.thumb_func
 558              	FLASH_OB_GetSecureArea:
 559              		@ args = 0, pretend = 0, frame = 0
 560              		@ frame_needed = 0, uses_anonymous_args = 0
 561              		@ link register save eliminated.
 562 0000 10B4     		push	{r4}
 563 0002 012B     		cmp	r3, #1
 564 0004 15D0     		beq	.L93
 565 0006 022B     		cmp	r3, #2
 566 0008 18D0     		beq	.L94
 567 000a 4FF0000C 		mov	ip, #0
 568 000e 6346     		mov	r3, ip
 569              	.L90:
 570 0010 03F00044 		and	r4, r3, #-2147483648
 571 0014 0460     		str	r4, [r0]
 572 0016 0C48     		ldr	r0, .L95
 573 0018 00EA0320 		and	r0, r0, r3, lsl #8
 574 001c 6044     		add	r0, r0, ip
 575 001e 0860     		str	r0, [r1]
 576 0020 C3F30B43 		ubfx	r3, r3, #16, #12
 577 0024 1360     		str	r3, [r2]
 578 0026 0CEB0323 		add	r3, ip, r3, lsl #8
 579 002a 1360     		str	r3, [r2]
 580 002c 5DF8044B 		ldr	r4, [sp], #4
 581 0030 7047     		bx	lr
 582              	.L93:
 583 0032 064B     		ldr	r3, .L95+4
 584 0034 1B6B     		ldr	r3, [r3, #48]
 585 0036 4FF0006C 		mov	ip, #134217728
 586 003a E9E7     		b	.L90
 587              	.L94:
 588 003c 034B     		ldr	r3, .L95+4
 589 003e D3F83031 		ldr	r3, [r3, #304]
 590 0042 4FF0016C 		mov	ip, #135266304
 591 0046 E3E7     		b	.L90
 592              	.L96:
 593              		.align	2
 594              	.L95:
 595 0048 00FF0F00 		.word	1048320
 596 004c 00200052 		.word	1375739904
 598              		.section	.text.FLASH_CRC_AddSector,"ax",%progbits
 599              		.align	1
 600              		.syntax unified
 601              		.thumb
 602              		.thumb_func
ARM GAS  /var/folders/l4/6w9kflz11csb_6qsyz46nv3c0000gp/T//ccu8bwqA.s 			page 11


 604              	FLASH_CRC_AddSector:
 605              		@ args = 0, pretend = 0, frame = 0
 606              		@ frame_needed = 0, uses_anonymous_args = 0
 607              		@ link register save eliminated.
 608 0000 0129     		cmp	r1, #1
 609 0002 0ED0     		beq	.L100
 610 0004 0C4A     		ldr	r2, .L101
 611 0006 D2F85031 		ldr	r3, [r2, #336]
 612 000a 23F00703 		bic	r3, r3, #7
 613 000e C2F85031 		str	r3, [r2, #336]
 614 0012 D2F85031 		ldr	r3, [r2, #336]
 615 0016 0343     		orrs	r3, r3, r0
 616 0018 43F40073 		orr	r3, r3, #512
 617 001c C2F85031 		str	r3, [r2, #336]
 618 0020 7047     		bx	lr
 619              	.L100:
 620 0022 054A     		ldr	r2, .L101
 621 0024 136D     		ldr	r3, [r2, #80]
 622 0026 23F00703 		bic	r3, r3, #7
 623 002a 1365     		str	r3, [r2, #80]
 624 002c 136D     		ldr	r3, [r2, #80]
 625 002e 0343     		orrs	r3, r3, r0
 626 0030 43F40073 		orr	r3, r3, #512
 627 0034 1365     		str	r3, [r2, #80]
 628 0036 7047     		bx	lr
 629              	.L102:
 630              		.align	2
 631              	.L101:
 632 0038 00200052 		.word	1375739904
 634              		.section	.text.FLASH_CRC_SelectAddress,"ax",%progbits
 635              		.align	1
 636              		.syntax unified
 637              		.thumb
 638              		.thumb_func
 640              	FLASH_CRC_SelectAddress:
 641              		@ args = 0, pretend = 0, frame = 0
 642              		@ frame_needed = 0, uses_anonymous_args = 0
 643              		@ link register save eliminated.
 644 0000 012A     		cmp	r2, #1
 645 0002 05D0     		beq	.L106
 646 0004 044B     		ldr	r3, .L107
 647 0006 C3F85401 		str	r0, [r3, #340]
 648 000a C3F85811 		str	r1, [r3, #344]
 649 000e 7047     		bx	lr
 650              	.L106:
 651 0010 014B     		ldr	r3, .L107
 652 0012 5865     		str	r0, [r3, #84]
 653 0014 9965     		str	r1, [r3, #88]
 654 0016 7047     		bx	lr
 655              	.L108:
 656              		.align	2
 657              	.L107:
 658 0018 00200052 		.word	1375739904
 660              		.section	.text.HAL_FLASHEx_OBProgram,"ax",%progbits
 661              		.align	1
 662              		.global	HAL_FLASHEx_OBProgram
 663              		.syntax unified
ARM GAS  /var/folders/l4/6w9kflz11csb_6qsyz46nv3c0000gp/T//ccu8bwqA.s 			page 12


 664              		.thumb
 665              		.thumb_func
 667              	HAL_FLASHEx_OBProgram:
 668              		@ args = 0, pretend = 0, frame = 0
 669              		@ frame_needed = 0, uses_anonymous_args = 0
 670 0000 38B5     		push	{r3, r4, r5, lr}
 671 0002 354B     		ldr	r3, .L130
 672 0004 1B7D     		ldrb	r3, [r3, #20]	@ zero_extendqisi2
 673 0006 012B     		cmp	r3, #1
 674 0008 63D0     		beq	.L119
 675 000a 0446     		mov	r4, r0
 676 000c 324B     		ldr	r3, .L130
 677 000e 0121     		movs	r1, #1
 678 0010 1975     		strb	r1, [r3, #20]
 679 0012 0022     		movs	r2, #0
 680 0014 9A61     		str	r2, [r3, #24]
 681 0016 4CF25030 		movw	r0, #50000
 682 001a FFF7FEFF 		bl	FLASH_WaitForLastOperation
 683 001e 28B1     		cbz	r0, .L123
 684 0020 0125     		movs	r5, #1
 685              	.L111:
 686 0022 2D4B     		ldr	r3, .L130
 687 0024 0022     		movs	r2, #0
 688 0026 1A75     		strb	r2, [r3, #20]
 689              	.L110:
 690 0028 2846     		mov	r0, r5
 691 002a 38BD     		pop	{r3, r4, r5, pc}
 692              	.L123:
 693 002c 0221     		movs	r1, #2
 694 002e 4CF25030 		movw	r0, #50000
 695 0032 FFF7FEFF 		bl	FLASH_WaitForLastOperation
 696 0036 0546     		mov	r5, r0
 697 0038 0028     		cmp	r0, #0
 698 003a 48D1     		bne	.L121
 699 003c 2368     		ldr	r3, [r4]
 700 003e 13F0010F 		tst	r3, #1
 701 0042 06D0     		beq	.L112
 702 0044 6368     		ldr	r3, [r4, #4]
 703 0046 012B     		cmp	r3, #1
 704 0048 22D0     		beq	.L124
 705 004a E169     		ldr	r1, [r4, #28]
 706 004c A068     		ldr	r0, [r4, #8]
 707 004e FFF7FEFF 		bl	FLASH_OB_DisableWRP
 708              	.L112:
 709 0052 2368     		ldr	r3, [r4]
 710 0054 13F0020F 		tst	r3, #2
 711 0058 1FD1     		bne	.L125
 712              	.L114:
 713 005a 2368     		ldr	r3, [r4]
 714 005c 13F0040F 		tst	r3, #4
 715 0060 1FD1     		bne	.L126
 716              	.L115:
 717 0062 2368     		ldr	r3, [r4]
 718 0064 13F0080F 		tst	r3, #8
 719 0068 20D1     		bne	.L127
 720              	.L116:
 721 006a 2368     		ldr	r3, [r4]
ARM GAS  /var/folders/l4/6w9kflz11csb_6qsyz46nv3c0000gp/T//ccu8bwqA.s 			page 13


 722 006c 13F0100F 		tst	r3, #16
 723 0070 23D1     		bne	.L128
 724              	.L117:
 725 0072 2368     		ldr	r3, [r4]
 726 0074 13F0400F 		tst	r3, #64
 727 0078 23D1     		bne	.L129
 728              	.L118:
 729 007a 2368     		ldr	r3, [r4]
 730 007c 13F0200F 		tst	r3, #32
 731 0080 CFD0     		beq	.L111
 732 0082 E369     		ldr	r3, [r4, #28]
 733 0084 226C     		ldr	r2, [r4, #64]
 734 0086 E16B     		ldr	r1, [r4, #60]
 735 0088 A06B     		ldr	r0, [r4, #56]
 736 008a FFF7FEFF 		bl	FLASH_OB_SecureAreaConfig
 737 008e C8E7     		b	.L111
 738              	.L124:
 739 0090 E169     		ldr	r1, [r4, #28]
 740 0092 A068     		ldr	r0, [r4, #8]
 741 0094 FFF7FEFF 		bl	FLASH_OB_EnableWRP
 742 0098 DBE7     		b	.L112
 743              	.L125:
 744 009a E068     		ldr	r0, [r4, #12]
 745 009c FFF7FEFF 		bl	FLASH_OB_RDPConfig
 746 00a0 DBE7     		b	.L114
 747              	.L126:
 748 00a2 A169     		ldr	r1, [r4, #24]
 749 00a4 6069     		ldr	r0, [r4, #20]
 750 00a6 FFF7FEFF 		bl	FLASH_OB_UserConfig
 751 00aa DAE7     		b	.L115
 752              	.L127:
 753 00ac E369     		ldr	r3, [r4, #28]
 754 00ae A26A     		ldr	r2, [r4, #40]
 755 00b0 616A     		ldr	r1, [r4, #36]
 756 00b2 206A     		ldr	r0, [r4, #32]
 757 00b4 FFF7FEFF 		bl	FLASH_OB_PCROPConfig
 758 00b8 D7E7     		b	.L116
 759              	.L128:
 760 00ba 2069     		ldr	r0, [r4, #16]
 761 00bc FFF7FEFF 		bl	FLASH_OB_BOR_LevelConfig
 762 00c0 D7E7     		b	.L117
 763              	.L129:
 764 00c2 626B     		ldr	r2, [r4, #52]
 765 00c4 216B     		ldr	r1, [r4, #48]
 766 00c6 E06A     		ldr	r0, [r4, #44]
 767 00c8 FFF7FEFF 		bl	FLASH_OB_BootAddConfig
 768 00cc D5E7     		b	.L118
 769              	.L121:
 770 00ce 0125     		movs	r5, #1
 771 00d0 A7E7     		b	.L111
 772              	.L119:
 773 00d2 0225     		movs	r5, #2
 774 00d4 A8E7     		b	.L110
 775              	.L131:
 776 00d6 00BF     		.align	2
 777              	.L130:
 778 00d8 00000000 		.word	pFlash
ARM GAS  /var/folders/l4/6w9kflz11csb_6qsyz46nv3c0000gp/T//ccu8bwqA.s 			page 14


 780              		.section	.text.HAL_FLASHEx_OBGetConfig,"ax",%progbits
 781              		.align	1
 782              		.global	HAL_FLASHEx_OBGetConfig
 783              		.syntax unified
 784              		.thumb
 785              		.thumb_func
 787              	HAL_FLASHEx_OBGetConfig:
 788              		@ args = 0, pretend = 0, frame = 0
 789              		@ frame_needed = 0, uses_anonymous_args = 0
 790 0000 10B5     		push	{r4, lr}
 791 0002 0446     		mov	r4, r0
 792 0004 1623     		movs	r3, #22
 793 0006 0360     		str	r3, [r0]
 794 0008 FFF7FEFF 		bl	FLASH_OB_GetRDP
 795 000c E060     		str	r0, [r4, #12]
 796 000e FFF7FEFF 		bl	FLASH_OB_GetUser
 797 0012 A061     		str	r0, [r4, #24]
 798 0014 FFF7FEFF 		bl	FLASH_OB_GetBOR
 799 0018 2061     		str	r0, [r4, #16]
 800 001a E269     		ldr	r2, [r4, #28]
 801 001c 531E     		subs	r3, r2, #1
 802 001e 012B     		cmp	r3, #1
 803 0020 0AD9     		bls	.L135
 804              	.L133:
 805 0022 04F13401 		add	r1, r4, #52
 806 0026 04F13000 		add	r0, r4, #48
 807 002a FFF7FEFF 		bl	FLASH_OB_GetBootAdd
 808 002e 2368     		ldr	r3, [r4]
 809 0030 43F04003 		orr	r3, r3, #64
 810 0034 2360     		str	r3, [r4]
 811 0036 10BD     		pop	{r4, pc}
 812              	.L135:
 813 0038 2368     		ldr	r3, [r4]
 814 003a 43F02903 		orr	r3, r3, #41
 815 003e 2146     		mov	r1, r4
 816 0040 41F8083B 		str	r3, [r1], #8
 817 0044 201D     		adds	r0, r4, #4
 818 0046 FFF7FEFF 		bl	FLASH_OB_GetWRP
 819 004a E369     		ldr	r3, [r4, #28]
 820 004c 04F12802 		add	r2, r4, #40
 821 0050 04F12401 		add	r1, r4, #36
 822 0054 04F12000 		add	r0, r4, #32
 823 0058 FFF7FEFF 		bl	FLASH_OB_GetPCROP
 824 005c E369     		ldr	r3, [r4, #28]
 825 005e 04F14002 		add	r2, r4, #64
 826 0062 04F13C01 		add	r1, r4, #60
 827 0066 04F13800 		add	r0, r4, #56
 828 006a FFF7FEFF 		bl	FLASH_OB_GetSecureArea
 829 006e D8E7     		b	.L133
 831              		.section	.text.HAL_FLASHEx_Unlock_Bank1,"ax",%progbits
 832              		.align	1
 833              		.global	HAL_FLASHEx_Unlock_Bank1
 834              		.syntax unified
 835              		.thumb
 836              		.thumb_func
 838              	HAL_FLASHEx_Unlock_Bank1:
 839              		@ args = 0, pretend = 0, frame = 0
ARM GAS  /var/folders/l4/6w9kflz11csb_6qsyz46nv3c0000gp/T//ccu8bwqA.s 			page 15


 840              		@ frame_needed = 0, uses_anonymous_args = 0
 841              		@ link register save eliminated.
 842 0000 0A4B     		ldr	r3, .L140
 843 0002 DB68     		ldr	r3, [r3, #12]
 844 0004 13F0010F 		tst	r3, #1
 845 0008 0BD0     		beq	.L138
 846 000a 084B     		ldr	r3, .L140
 847 000c 084A     		ldr	r2, .L140+4
 848 000e 5A60     		str	r2, [r3, #4]
 849 0010 02F18832 		add	r2, r2, #-2004318072
 850 0014 5A60     		str	r2, [r3, #4]
 851 0016 DB68     		ldr	r3, [r3, #12]
 852 0018 13F0010F 		tst	r3, #1
 853 001c 03D1     		bne	.L139
 854 001e 0020     		movs	r0, #0
 855 0020 7047     		bx	lr
 856              	.L138:
 857 0022 0020     		movs	r0, #0
 858 0024 7047     		bx	lr
 859              	.L139:
 860 0026 0120     		movs	r0, #1
 861 0028 7047     		bx	lr
 862              	.L141:
 863 002a 00BF     		.align	2
 864              	.L140:
 865 002c 00200052 		.word	1375739904
 866 0030 23016745 		.word	1164378403
 868              		.section	.text.HAL_FLASHEx_Lock_Bank1,"ax",%progbits
 869              		.align	1
 870              		.global	HAL_FLASHEx_Lock_Bank1
 871              		.syntax unified
 872              		.thumb
 873              		.thumb_func
 875              	HAL_FLASHEx_Lock_Bank1:
 876              		@ args = 0, pretend = 0, frame = 0
 877              		@ frame_needed = 0, uses_anonymous_args = 0
 878              		@ link register save eliminated.
 879 0000 034A     		ldr	r2, .L143
 880 0002 D368     		ldr	r3, [r2, #12]
 881 0004 43F00103 		orr	r3, r3, #1
 882 0008 D360     		str	r3, [r2, #12]
 883 000a 0020     		movs	r0, #0
 884 000c 7047     		bx	lr
 885              	.L144:
 886 000e 00BF     		.align	2
 887              	.L143:
 888 0010 00200052 		.word	1375739904
 890              		.section	.text.HAL_FLASHEx_Unlock_Bank2,"ax",%progbits
 891              		.align	1
 892              		.global	HAL_FLASHEx_Unlock_Bank2
 893              		.syntax unified
 894              		.thumb
 895              		.thumb_func
 897              	HAL_FLASHEx_Unlock_Bank2:
 898              		@ args = 0, pretend = 0, frame = 0
 899              		@ frame_needed = 0, uses_anonymous_args = 0
 900              		@ link register save eliminated.
ARM GAS  /var/folders/l4/6w9kflz11csb_6qsyz46nv3c0000gp/T//ccu8bwqA.s 			page 16


 901 0000 0C4B     		ldr	r3, .L149
 902 0002 D3F80C31 		ldr	r3, [r3, #268]
 903 0006 13F0010F 		tst	r3, #1
 904 000a 0ED0     		beq	.L147
 905 000c 094B     		ldr	r3, .L149
 906 000e 0A4A     		ldr	r2, .L149+4
 907 0010 C3F80421 		str	r2, [r3, #260]
 908 0014 02F18832 		add	r2, r2, #-2004318072
 909 0018 C3F80421 		str	r2, [r3, #260]
 910 001c D3F80C31 		ldr	r3, [r3, #268]
 911 0020 13F0010F 		tst	r3, #1
 912 0024 03D1     		bne	.L148
 913 0026 0020     		movs	r0, #0
 914 0028 7047     		bx	lr
 915              	.L147:
 916 002a 0020     		movs	r0, #0
 917 002c 7047     		bx	lr
 918              	.L148:
 919 002e 0120     		movs	r0, #1
 920 0030 7047     		bx	lr
 921              	.L150:
 922 0032 00BF     		.align	2
 923              	.L149:
 924 0034 00200052 		.word	1375739904
 925 0038 23016745 		.word	1164378403
 927              		.section	.text.HAL_FLASHEx_Lock_Bank2,"ax",%progbits
 928              		.align	1
 929              		.global	HAL_FLASHEx_Lock_Bank2
 930              		.syntax unified
 931              		.thumb
 932              		.thumb_func
 934              	HAL_FLASHEx_Lock_Bank2:
 935              		@ args = 0, pretend = 0, frame = 0
 936              		@ frame_needed = 0, uses_anonymous_args = 0
 937              		@ link register save eliminated.
 938 0000 044A     		ldr	r2, .L152
 939 0002 D2F80C31 		ldr	r3, [r2, #268]
 940 0006 43F00103 		orr	r3, r3, #1
 941 000a C2F80C31 		str	r3, [r2, #268]
 942 000e 0020     		movs	r0, #0
 943 0010 7047     		bx	lr
 944              	.L153:
 945 0012 00BF     		.align	2
 946              	.L152:
 947 0014 00200052 		.word	1375739904
 949              		.section	.text.HAL_FLASHEx_ComputeCRC,"ax",%progbits
 950              		.align	1
 951              		.global	HAL_FLASHEx_ComputeCRC
 952              		.syntax unified
 953              		.thumb
 954              		.thumb_func
 956              	HAL_FLASHEx_ComputeCRC:
 957              		@ args = 0, pretend = 0, frame = 0
 958              		@ frame_needed = 0, uses_anonymous_args = 0
 959 0000 70B5     		push	{r4, r5, r6, lr}
 960 0002 0446     		mov	r4, r0
 961 0004 0E46     		mov	r6, r1
ARM GAS  /var/folders/l4/6w9kflz11csb_6qsyz46nv3c0000gp/T//ccu8bwqA.s 			page 17


 962 0006 4CF25030 		movw	r0, #50000
 963 000a FFF7FEFF 		bl	FLASH_OB_WaitForLastOperation
 964 000e 0028     		cmp	r0, #0
 965 0010 40F09D80 		bne	.L155
 966 0014 A368     		ldr	r3, [r4, #8]
 967 0016 012B     		cmp	r3, #1
 968 0018 25D0     		beq	.L168
 969 001a 504B     		ldr	r3, .L171
 970 001c D3F80C21 		ldr	r2, [r3, #268]
 971 0020 42F40042 		orr	r2, r2, #32768
 972 0024 C3F80C21 		str	r2, [r3, #268]
 973 0028 D3F81421 		ldr	r2, [r3, #276]
 974 002c 42F0C052 		orr	r2, r2, #402653184
 975 0030 C3F81421 		str	r2, [r3, #276]
 976 0034 D3F85021 		ldr	r2, [r3, #336]
 977 0038 6168     		ldr	r1, [r4, #4]
 978 003a 2068     		ldr	r0, [r4]
 979 003c 0143     		orrs	r1, r1, r0
 980 003e 0A43     		orrs	r2, r2, r1
 981 0040 42F40032 		orr	r2, r2, #131072
 982 0044 C3F85021 		str	r2, [r3, #336]
 983 0048 2368     		ldr	r3, [r4]
 984 004a B3F5807F 		cmp	r3, #256
 985 004e 53D0     		beq	.L169
 986 0050 434A     		ldr	r2, .L171+4
 987 0052 9342     		cmp	r3, r2
 988 0054 7CD1     		bne	.L166
 989 0056 414A     		ldr	r2, .L171
 990 0058 D2F85031 		ldr	r3, [r2, #336]
 991 005c 43F48003 		orr	r3, r3, #4194304
 992 0060 C2F85031 		str	r3, [r2, #336]
 993 0064 5BE0     		b	.L165
 994              	.L168:
 995 0066 3D4B     		ldr	r3, .L171
 996 0068 DA68     		ldr	r2, [r3, #12]
 997 006a 42F40042 		orr	r2, r2, #32768
 998 006e DA60     		str	r2, [r3, #12]
 999 0070 5A69     		ldr	r2, [r3, #20]
 1000 0072 42F0C052 		orr	r2, r2, #402653184
 1001 0076 5A61     		str	r2, [r3, #20]
 1002 0078 1A6D     		ldr	r2, [r3, #80]
 1003 007a 6168     		ldr	r1, [r4, #4]
 1004 007c 2068     		ldr	r0, [r4]
 1005 007e 0143     		orrs	r1, r1, r0
 1006 0080 0A43     		orrs	r2, r2, r1
 1007 0082 42F40032 		orr	r2, r2, #131072
 1008 0086 1A65     		str	r2, [r3, #80]
 1009 0088 2368     		ldr	r3, [r4]
 1010 008a B3F5807F 		cmp	r3, #256
 1011 008e 08D0     		beq	.L170
 1012 0090 334A     		ldr	r2, .L171+4
 1013 0092 9342     		cmp	r3, r2
 1014 0094 2AD1     		bne	.L161
 1015 0096 314A     		ldr	r2, .L171
 1016 0098 136D     		ldr	r3, [r2, #80]
 1017 009a 43F48003 		orr	r3, r3, #4194304
 1018 009e 1365     		str	r3, [r2, #80]
ARM GAS  /var/folders/l4/6w9kflz11csb_6qsyz46nv3c0000gp/T//ccu8bwqA.s 			page 18


 1019 00a0 10E0     		b	.L160
 1020              	.L170:
 1021 00a2 2E4A     		ldr	r2, .L171
 1022 00a4 136D     		ldr	r3, [r2, #80]
 1023 00a6 43F48063 		orr	r3, r3, #1024
 1024 00aa 1365     		str	r3, [r2, #80]
 1025 00ac E568     		ldr	r5, [r4, #12]
 1026 00ae 04E0     		b	.L158
 1027              	.L159:
 1028 00b0 0121     		movs	r1, #1
 1029 00b2 2846     		mov	r0, r5
 1030 00b4 FFF7FEFF 		bl	FLASH_CRC_AddSector
 1031 00b8 0135     		adds	r5, r5, #1
 1032              	.L158:
 1033 00ba 2369     		ldr	r3, [r4, #16]
 1034 00bc E268     		ldr	r2, [r4, #12]
 1035 00be 1344     		add	r3, r3, r2
 1036 00c0 AB42     		cmp	r3, r5
 1037 00c2 F5D8     		bhi	.L159
 1038              	.L160:
 1039 00c4 254C     		ldr	r4, .L171
 1040 00c6 236D     		ldr	r3, [r4, #80]
 1041 00c8 43F48033 		orr	r3, r3, #65536
 1042 00cc 2365     		str	r3, [r4, #80]
 1043 00ce 0121     		movs	r1, #1
 1044 00d0 4CF25030 		movw	r0, #50000
 1045 00d4 FFF7FEFF 		bl	FLASH_CRC_WaitForLastOperation
 1046 00d8 E36D     		ldr	r3, [r4, #92]
 1047 00da 3360     		str	r3, [r6]
 1048 00dc E368     		ldr	r3, [r4, #12]
 1049 00de 23F40043 		bic	r3, r3, #32768
 1050 00e2 E360     		str	r3, [r4, #12]
 1051 00e4 4FF0C053 		mov	r3, #402653184
 1052 00e8 6361     		str	r3, [r4, #20]
 1053 00ea 30E0     		b	.L155
 1054              	.L161:
 1055 00ec 0122     		movs	r2, #1
 1056 00ee A169     		ldr	r1, [r4, #24]
 1057 00f0 6069     		ldr	r0, [r4, #20]
 1058 00f2 FFF7FEFF 		bl	FLASH_CRC_SelectAddress
 1059 00f6 E5E7     		b	.L160
 1060              	.L169:
 1061 00f8 184A     		ldr	r2, .L171
 1062 00fa D2F85031 		ldr	r3, [r2, #336]
 1063 00fe 43F48063 		orr	r3, r3, #1024
 1064 0102 C2F85031 		str	r3, [r2, #336]
 1065 0106 E568     		ldr	r5, [r4, #12]
 1066 0108 04E0     		b	.L163
 1067              	.L164:
 1068 010a 0221     		movs	r1, #2
 1069 010c 2846     		mov	r0, r5
 1070 010e FFF7FEFF 		bl	FLASH_CRC_AddSector
 1071 0112 0135     		adds	r5, r5, #1
 1072              	.L163:
 1073 0114 2369     		ldr	r3, [r4, #16]
 1074 0116 E268     		ldr	r2, [r4, #12]
 1075 0118 1344     		add	r3, r3, r2
ARM GAS  /var/folders/l4/6w9kflz11csb_6qsyz46nv3c0000gp/T//ccu8bwqA.s 			page 19


 1076 011a AB42     		cmp	r3, r5
 1077 011c F5D8     		bhi	.L164
 1078              	.L165:
 1079 011e 0F4C     		ldr	r4, .L171
 1080 0120 D4F85031 		ldr	r3, [r4, #336]
 1081 0124 43F48033 		orr	r3, r3, #65536
 1082 0128 C4F85031 		str	r3, [r4, #336]
 1083 012c 0221     		movs	r1, #2
 1084 012e 4CF25030 		movw	r0, #50000
 1085 0132 FFF7FEFF 		bl	FLASH_CRC_WaitForLastOperation
 1086 0136 E36D     		ldr	r3, [r4, #92]
 1087 0138 3360     		str	r3, [r6]
 1088 013a D4F80C31 		ldr	r3, [r4, #268]
 1089 013e 23F40043 		bic	r3, r3, #32768
 1090 0142 C4F80C31 		str	r3, [r4, #268]
 1091 0146 4FF0C053 		mov	r3, #402653184
 1092 014a C4F81431 		str	r3, [r4, #276]
 1093              	.L155:
 1094 014e 70BD     		pop	{r4, r5, r6, pc}
 1095              	.L166:
 1096 0150 0222     		movs	r2, #2
 1097 0152 A169     		ldr	r1, [r4, #24]
 1098 0154 6069     		ldr	r0, [r4, #20]
 1099 0156 FFF7FEFF 		bl	FLASH_CRC_SelectAddress
 1100 015a E0E7     		b	.L165
 1101              	.L172:
 1102              		.align	2
 1103              	.L171:
 1104 015c 00200052 		.word	1375739904
 1105 0160 00014000 		.word	4194560
 1107              		.section	.text.FLASH_Erase_Sector,"ax",%progbits
 1108              		.align	1
 1109              		.global	FLASH_Erase_Sector
 1110              		.syntax unified
 1111              		.thumb
 1112              		.thumb_func
 1114              	FLASH_Erase_Sector:
 1115              		@ args = 0, pretend = 0, frame = 0
 1116              		@ frame_needed = 0, uses_anonymous_args = 0
 1117              		@ link register save eliminated.
 1118 0000 10B4     		push	{r4}
 1119 0002 11F0010F 		tst	r1, #1
 1120 0006 0CD0     		beq	.L174
 1121 0008 114C     		ldr	r4, .L177
 1122 000a E368     		ldr	r3, [r4, #12]
 1123 000c 23F4E663 		bic	r3, r3, #1840
 1124 0010 E360     		str	r3, [r4, #12]
 1125 0012 E368     		ldr	r3, [r4, #12]
 1126 0014 42EA002C 		orr	ip, r2, r0, lsl #8
 1127 0018 43EA0C03 		orr	r3, r3, ip
 1128 001c 43F08403 		orr	r3, r3, #132
 1129 0020 E360     		str	r3, [r4, #12]
 1130              	.L174:
 1131 0022 11F0020F 		tst	r1, #2
 1132 0026 0FD0     		beq	.L173
 1133 0028 0949     		ldr	r1, .L177
 1134 002a D1F80C31 		ldr	r3, [r1, #268]
ARM GAS  /var/folders/l4/6w9kflz11csb_6qsyz46nv3c0000gp/T//ccu8bwqA.s 			page 20


 1135 002e 23F4E663 		bic	r3, r3, #1840
 1136 0032 C1F80C31 		str	r3, [r1, #268]
 1137 0036 D1F80C31 		ldr	r3, [r1, #268]
 1138 003a 42EA0022 		orr	r2, r2, r0, lsl #8
 1139 003e 1343     		orrs	r3, r3, r2
 1140 0040 43F08403 		orr	r3, r3, #132
 1141 0044 C1F80C31 		str	r3, [r1, #268]
 1142              	.L173:
 1143 0048 5DF8044B 		ldr	r4, [sp], #4
 1144 004c 7047     		bx	lr
 1145              	.L178:
 1146 004e 00BF     		.align	2
 1147              	.L177:
 1148 0050 00200052 		.word	1375739904
 1150              		.section	.text.HAL_FLASHEx_Erase,"ax",%progbits
 1151              		.align	1
 1152              		.global	HAL_FLASHEx_Erase
 1153              		.syntax unified
 1154              		.thumb
 1155              		.thumb_func
 1157              	HAL_FLASHEx_Erase:
 1158              		@ args = 0, pretend = 0, frame = 0
 1159              		@ frame_needed = 0, uses_anonymous_args = 0
 1160 0000 F8B5     		push	{r3, r4, r5, r6, r7, lr}
 1161 0002 474B     		ldr	r3, .L206
 1162 0004 1B7D     		ldrb	r3, [r3, #20]	@ zero_extendqisi2
 1163 0006 012B     		cmp	r3, #1
 1164 0008 00F08880 		beq	.L193
 1165 000c 0446     		mov	r4, r0
 1166 000e 0F46     		mov	r7, r1
 1167 0010 434B     		ldr	r3, .L206
 1168 0012 0122     		movs	r2, #1
 1169 0014 1A75     		strb	r2, [r3, #20]
 1170 0016 0022     		movs	r2, #0
 1171 0018 9A61     		str	r2, [r3, #24]
 1172 001a 4368     		ldr	r3, [r0, #4]
 1173 001c 13F0010F 		tst	r3, #1
 1174 0020 0DD1     		bne	.L200
 1175 0022 0025     		movs	r5, #0
 1176              	.L181:
 1177 0024 6368     		ldr	r3, [r4, #4]
 1178 0026 13F0020F 		tst	r3, #2
 1179 002a 12D1     		bne	.L201
 1180              	.L182:
 1181 002c CDB9     		cbnz	r5, .L183
 1182 002e 2368     		ldr	r3, [r4]
 1183 0030 012B     		cmp	r3, #1
 1184 0032 1BD0     		beq	.L202
 1185 0034 4FF0FF33 		mov	r3, #-1
 1186 0038 3B60     		str	r3, [r7]
 1187 003a A668     		ldr	r6, [r4, #8]
 1188 003c 4CE0     		b	.L188
 1189              	.L200:
 1190 003e 0121     		movs	r1, #1
 1191 0040 4CF25030 		movw	r0, #50000
 1192 0044 FFF7FEFF 		bl	FLASH_WaitForLastOperation
 1193 0048 0546     		mov	r5, r0
ARM GAS  /var/folders/l4/6w9kflz11csb_6qsyz46nv3c0000gp/T//ccu8bwqA.s 			page 21


 1194 004a 0028     		cmp	r0, #0
 1195 004c EAD0     		beq	.L181
 1196 004e 0125     		movs	r5, #1
 1197 0050 E8E7     		b	.L181
 1198              	.L201:
 1199 0052 0221     		movs	r1, #2
 1200 0054 4CF25030 		movw	r0, #50000
 1201 0058 FFF7FEFF 		bl	FLASH_WaitForLastOperation
 1202 005c 0028     		cmp	r0, #0
 1203 005e E5D0     		beq	.L182
 1204 0060 0125     		movs	r5, #1
 1205              	.L183:
 1206 0062 2F4B     		ldr	r3, .L206
 1207 0064 0022     		movs	r2, #0
 1208 0066 1A75     		strb	r2, [r3, #20]
 1209              	.L180:
 1210 0068 2846     		mov	r0, r5
 1211 006a F8BD     		pop	{r3, r4, r5, r6, r7, pc}
 1212              	.L202:
 1213 006c 6168     		ldr	r1, [r4, #4]
 1214 006e 2069     		ldr	r0, [r4, #16]
 1215 0070 FFF7FEFF 		bl	FLASH_MassErase
 1216 0074 6368     		ldr	r3, [r4, #4]
 1217 0076 13F0010F 		tst	r3, #1
 1218 007a 12D1     		bne	.L203
 1219              	.L185:
 1220 007c 6368     		ldr	r3, [r4, #4]
 1221 007e 13F0020F 		tst	r3, #2
 1222 0082 EED0     		beq	.L183
 1223 0084 0221     		movs	r1, #2
 1224 0086 4CF25030 		movw	r0, #50000
 1225 008a FFF7FEFF 		bl	FLASH_WaitForLastOperation
 1226 008e 00B1     		cbz	r0, .L187
 1227 0090 0125     		movs	r5, #1
 1228              	.L187:
 1229 0092 244A     		ldr	r2, .L206+4
 1230 0094 D2F80C31 		ldr	r3, [r2, #268]
 1231 0098 23F00803 		bic	r3, r3, #8
 1232 009c C2F80C31 		str	r3, [r2, #268]
 1233 00a0 DFE7     		b	.L183
 1234              	.L203:
 1235 00a2 0121     		movs	r1, #1
 1236 00a4 4CF25030 		movw	r0, #50000
 1237 00a8 FFF7FEFF 		bl	FLASH_WaitForLastOperation
 1238 00ac 00B1     		cbz	r0, .L186
 1239 00ae 0125     		movs	r5, #1
 1240              	.L186:
 1241 00b0 1C4A     		ldr	r2, .L206+4
 1242 00b2 D368     		ldr	r3, [r2, #12]
 1243 00b4 23F00803 		bic	r3, r3, #8
 1244 00b8 D360     		str	r3, [r2, #12]
 1245 00ba DFE7     		b	.L185
 1246              	.L205:
 1247 00bc 0121     		movs	r1, #1
 1248 00be 4CF25030 		movw	r0, #50000
 1249 00c2 FFF7FEFF 		bl	FLASH_WaitForLastOperation
 1250 00c6 0546     		mov	r5, r0
ARM GAS  /var/folders/l4/6w9kflz11csb_6qsyz46nv3c0000gp/T//ccu8bwqA.s 			page 22


 1251 00c8 164A     		ldr	r2, .L206+4
 1252 00ca D168     		ldr	r1, [r2, #12]
 1253 00cc 164B     		ldr	r3, .L206+8
 1254 00ce 0B40     		ands	r3, r3, r1
 1255 00d0 D360     		str	r3, [r2, #12]
 1256 00d2 0FE0     		b	.L189
 1257              	.L190:
 1258 00d4 05BB     		cbnz	r5, .L204
 1259 00d6 0136     		adds	r6, r6, #1
 1260              	.L188:
 1261 00d8 E368     		ldr	r3, [r4, #12]
 1262 00da A268     		ldr	r2, [r4, #8]
 1263 00dc 1344     		add	r3, r3, r2
 1264 00de B342     		cmp	r3, r6
 1265 00e0 BFD9     		bls	.L183
 1266 00e2 2269     		ldr	r2, [r4, #16]
 1267 00e4 6168     		ldr	r1, [r4, #4]
 1268 00e6 3046     		mov	r0, r6
 1269 00e8 FFF7FEFF 		bl	FLASH_Erase_Sector
 1270 00ec 6368     		ldr	r3, [r4, #4]
 1271 00ee 13F0010F 		tst	r3, #1
 1272 00f2 E3D1     		bne	.L205
 1273              	.L189:
 1274 00f4 6368     		ldr	r3, [r4, #4]
 1275 00f6 13F0020F 		tst	r3, #2
 1276 00fa EBD0     		beq	.L190
 1277 00fc 0221     		movs	r1, #2
 1278 00fe 4CF25030 		movw	r0, #50000
 1279 0102 FFF7FEFF 		bl	FLASH_WaitForLastOperation
 1280 0106 0546     		mov	r5, r0
 1281 0108 064A     		ldr	r2, .L206+4
 1282 010a D2F80C11 		ldr	r1, [r2, #268]
 1283 010e 064B     		ldr	r3, .L206+8
 1284 0110 0B40     		ands	r3, r3, r1
 1285 0112 C2F80C31 		str	r3, [r2, #268]
 1286 0116 DDE7     		b	.L190
 1287              	.L204:
 1288 0118 3E60     		str	r6, [r7]
 1289 011a A2E7     		b	.L183
 1290              	.L193:
 1291 011c 0225     		movs	r5, #2
 1292 011e A3E7     		b	.L180
 1293              	.L207:
 1294              		.align	2
 1295              	.L206:
 1296 0120 00000000 		.word	pFlash
 1297 0124 00200052 		.word	1375739904
 1298 0128 FBF8FFFF 		.word	-1797
 1300              		.section	.text.HAL_FLASHEx_Erase_IT,"ax",%progbits
 1301              		.align	1
 1302              		.global	HAL_FLASHEx_Erase_IT
 1303              		.syntax unified
 1304              		.thumb
 1305              		.thumb_func
 1307              	HAL_FLASHEx_Erase_IT:
 1308              		@ args = 0, pretend = 0, frame = 0
 1309              		@ frame_needed = 0, uses_anonymous_args = 0
ARM GAS  /var/folders/l4/6w9kflz11csb_6qsyz46nv3c0000gp/T//ccu8bwqA.s 			page 23


 1310 0000 38B5     		push	{r3, r4, r5, lr}
 1311 0002 374B     		ldr	r3, .L233
 1312 0004 1B7D     		ldrb	r3, [r3, #20]	@ zero_extendqisi2
 1313 0006 012B     		cmp	r3, #1
 1314 0008 68D0     		beq	.L222
 1315 000a 0446     		mov	r4, r0
 1316 000c 344B     		ldr	r3, .L233
 1317 000e 0122     		movs	r2, #1
 1318 0010 1A75     		strb	r2, [r3, #20]
 1319 0012 0022     		movs	r2, #0
 1320 0014 9A61     		str	r2, [r3, #24]
 1321 0016 4368     		ldr	r3, [r0, #4]
 1322 0018 13F0010F 		tst	r3, #1
 1323 001c 0AD1     		bne	.L227
 1324 001e 0025     		movs	r5, #0
 1325              	.L210:
 1326 0020 6368     		ldr	r3, [r4, #4]
 1327 0022 13F0020F 		tst	r3, #2
 1328 0026 0FD1     		bne	.L228
 1329              	.L211:
 1330 0028 BDB1     		cbz	r5, .L213
 1331              	.L212:
 1332 002a 2D4B     		ldr	r3, .L233
 1333 002c 0022     		movs	r2, #0
 1334 002e 1A75     		strb	r2, [r3, #20]
 1335              	.L209:
 1336 0030 2846     		mov	r0, r5
 1337 0032 38BD     		pop	{r3, r4, r5, pc}
 1338              	.L227:
 1339 0034 0121     		movs	r1, #1
 1340 0036 4CF25030 		movw	r0, #50000
 1341 003a FFF7FEFF 		bl	FLASH_WaitForLastOperation
 1342 003e 0546     		mov	r5, r0
 1343 0040 0028     		cmp	r0, #0
 1344 0042 EDD0     		beq	.L210
 1345 0044 0125     		movs	r5, #1
 1346 0046 EBE7     		b	.L210
 1347              	.L228:
 1348 0048 0221     		movs	r1, #2
 1349 004a 4CF25030 		movw	r0, #50000
 1350 004e FFF7FEFF 		bl	FLASH_WaitForLastOperation
 1351 0052 0028     		cmp	r0, #0
 1352 0054 E8D0     		beq	.L211
 1353 0056 0125     		movs	r5, #1
 1354 0058 E7E7     		b	.L212
 1355              	.L213:
 1356 005a 6368     		ldr	r3, [r4, #4]
 1357 005c 13F0010F 		tst	r3, #1
 1358 0060 04D0     		beq	.L214
 1359 0062 204A     		ldr	r2, .L233+4
 1360 0064 D368     		ldr	r3, [r2, #12]
 1361 0066 43F4DE03 		orr	r3, r3, #7274496
 1362 006a D360     		str	r3, [r2, #12]
 1363              	.L214:
 1364 006c 6368     		ldr	r3, [r4, #4]
 1365 006e 13F0020F 		tst	r3, #2
 1366 0072 06D0     		beq	.L215
ARM GAS  /var/folders/l4/6w9kflz11csb_6qsyz46nv3c0000gp/T//ccu8bwqA.s 			page 24


 1367 0074 1B4A     		ldr	r2, .L233+4
 1368 0076 D2F80C31 		ldr	r3, [r2, #268]
 1369 007a 43F4DE03 		orr	r3, r3, #7274496
 1370 007e C2F80C31 		str	r3, [r2, #268]
 1371              	.L215:
 1372 0082 2368     		ldr	r3, [r4]
 1373 0084 012B     		cmp	r3, #1
 1374 0086 11D0     		beq	.L229
 1375 0088 6368     		ldr	r3, [r4, #4]
 1376 008a 012B     		cmp	r3, #1
 1377 008c 22D0     		beq	.L230
 1378 008e 144B     		ldr	r3, .L233
 1379 0090 0422     		movs	r2, #4
 1380 0092 1A70     		strb	r2, [r3]
 1381              	.L221:
 1382 0094 E268     		ldr	r2, [r4, #12]
 1383 0096 124B     		ldr	r3, .L233
 1384 0098 5A60     		str	r2, [r3, #4]
 1385 009a A268     		ldr	r2, [r4, #8]
 1386 009c DA60     		str	r2, [r3, #12]
 1387 009e 2269     		ldr	r2, [r4, #16]
 1388 00a0 9A60     		str	r2, [r3, #8]
 1389 00a2 6168     		ldr	r1, [r4, #4]
 1390 00a4 A068     		ldr	r0, [r4, #8]
 1391 00a6 FFF7FEFF 		bl	FLASH_Erase_Sector
 1392 00aa C1E7     		b	.L209
 1393              	.L229:
 1394 00ac 6168     		ldr	r1, [r4, #4]
 1395 00ae 0129     		cmp	r1, #1
 1396 00b0 08D0     		beq	.L231
 1397 00b2 0229     		cmp	r1, #2
 1398 00b4 0AD0     		beq	.L232
 1399 00b6 0A4B     		ldr	r3, .L233
 1400 00b8 0722     		movs	r2, #7
 1401 00ba 1A70     		strb	r2, [r3]
 1402              	.L218:
 1403 00bc 2069     		ldr	r0, [r4, #16]
 1404 00be FFF7FEFF 		bl	FLASH_MassErase
 1405 00c2 B5E7     		b	.L209
 1406              	.L231:
 1407 00c4 064B     		ldr	r3, .L233
 1408 00c6 0222     		movs	r2, #2
 1409 00c8 1A70     		strb	r2, [r3]
 1410 00ca F7E7     		b	.L218
 1411              	.L232:
 1412 00cc 044B     		ldr	r3, .L233
 1413 00ce 0522     		movs	r2, #5
 1414 00d0 1A70     		strb	r2, [r3]
 1415 00d2 F3E7     		b	.L218
 1416              	.L230:
 1417 00d4 024B     		ldr	r3, .L233
 1418 00d6 0122     		movs	r2, #1
 1419 00d8 1A70     		strb	r2, [r3]
 1420 00da DBE7     		b	.L221
 1421              	.L222:
 1422 00dc 0225     		movs	r5, #2
 1423 00de A7E7     		b	.L209
ARM GAS  /var/folders/l4/6w9kflz11csb_6qsyz46nv3c0000gp/T//ccu8bwqA.s 			page 25


 1424              	.L234:
 1425              		.align	2
 1426              	.L233:
 1427 00e0 00000000 		.word	pFlash
 1428 00e4 00200052 		.word	1375739904
 1430              		.ident	"GCC: (xPack GNU Arm Embedded GCC arm64) 14.2.1 20241119"
ARM GAS  /var/folders/l4/6w9kflz11csb_6qsyz46nv3c0000gp/T//ccu8bwqA.s 			page 26


DEFINED SYMBOLS
                            *ABS*:00000000 stm32h7xx_hal_flash_ex.c
/var/folders/l4/6w9kflz11csb_6qsyz46nv3c0000gp/T//ccu8bwqA.s:17     .text.FLASH_MassErase:00000000 $t
/var/folders/l4/6w9kflz11csb_6qsyz46nv3c0000gp/T//ccu8bwqA.s:22     .text.FLASH_MassErase:00000000 FLASH_MassErase
/var/folders/l4/6w9kflz11csb_6qsyz46nv3c0000gp/T//ccu8bwqA.s:77     .text.FLASH_MassErase:00000084 $d
/var/folders/l4/6w9kflz11csb_6qsyz46nv3c0000gp/T//ccu8bwqA.s:80     .text.FLASH_OB_EnableWRP:00000000 $t
/var/folders/l4/6w9kflz11csb_6qsyz46nv3c0000gp/T//ccu8bwqA.s:85     .text.FLASH_OB_EnableWRP:00000000 FLASH_OB_EnableWRP
/var/folders/l4/6w9kflz11csb_6qsyz46nv3c0000gp/T//ccu8bwqA.s:109    .text.FLASH_OB_EnableWRP:0000002c $d
/var/folders/l4/6w9kflz11csb_6qsyz46nv3c0000gp/T//ccu8bwqA.s:112    .text.FLASH_OB_DisableWRP:00000000 $t
/var/folders/l4/6w9kflz11csb_6qsyz46nv3c0000gp/T//ccu8bwqA.s:117    .text.FLASH_OB_DisableWRP:00000000 FLASH_OB_DisableWRP
/var/folders/l4/6w9kflz11csb_6qsyz46nv3c0000gp/T//ccu8bwqA.s:141    .text.FLASH_OB_DisableWRP:0000002c $d
/var/folders/l4/6w9kflz11csb_6qsyz46nv3c0000gp/T//ccu8bwqA.s:144    .text.FLASH_OB_GetWRP:00000000 $t
/var/folders/l4/6w9kflz11csb_6qsyz46nv3c0000gp/T//ccu8bwqA.s:149    .text.FLASH_OB_GetWRP:00000000 FLASH_OB_GetWRP
/var/folders/l4/6w9kflz11csb_6qsyz46nv3c0000gp/T//ccu8bwqA.s:180    .text.FLASH_OB_GetWRP:0000002c $d
/var/folders/l4/6w9kflz11csb_6qsyz46nv3c0000gp/T//ccu8bwqA.s:183    .text.FLASH_OB_RDPConfig:00000000 $t
/var/folders/l4/6w9kflz11csb_6qsyz46nv3c0000gp/T//ccu8bwqA.s:188    .text.FLASH_OB_RDPConfig:00000000 FLASH_OB_RDPConfig
/var/folders/l4/6w9kflz11csb_6qsyz46nv3c0000gp/T//ccu8bwqA.s:201    .text.FLASH_OB_RDPConfig:00000010 $d
/var/folders/l4/6w9kflz11csb_6qsyz46nv3c0000gp/T//ccu8bwqA.s:204    .text.FLASH_OB_GetRDP:00000000 $t
/var/folders/l4/6w9kflz11csb_6qsyz46nv3c0000gp/T//ccu8bwqA.s:209    .text.FLASH_OB_GetRDP:00000000 FLASH_OB_GetRDP
/var/folders/l4/6w9kflz11csb_6qsyz46nv3c0000gp/T//ccu8bwqA.s:228    .text.FLASH_OB_GetRDP:0000001c $d
/var/folders/l4/6w9kflz11csb_6qsyz46nv3c0000gp/T//ccu8bwqA.s:231    .text.FLASH_OB_UserConfig:00000000 $t
/var/folders/l4/6w9kflz11csb_6qsyz46nv3c0000gp/T//ccu8bwqA.s:236    .text.FLASH_OB_UserConfig:00000000 FLASH_OB_UserConfig
/var/folders/l4/6w9kflz11csb_6qsyz46nv3c0000gp/T//ccu8bwqA.s:305    .text.FLASH_OB_UserConfig:000000ac $d
/var/folders/l4/6w9kflz11csb_6qsyz46nv3c0000gp/T//ccu8bwqA.s:308    .text.FLASH_OB_GetUser:00000000 $t
/var/folders/l4/6w9kflz11csb_6qsyz46nv3c0000gp/T//ccu8bwqA.s:313    .text.FLASH_OB_GetUser:00000000 FLASH_OB_GetUser
/var/folders/l4/6w9kflz11csb_6qsyz46nv3c0000gp/T//ccu8bwqA.s:325    .text.FLASH_OB_GetUser:0000000c $d
/var/folders/l4/6w9kflz11csb_6qsyz46nv3c0000gp/T//ccu8bwqA.s:329    .text.FLASH_OB_PCROPConfig:00000000 $t
/var/folders/l4/6w9kflz11csb_6qsyz46nv3c0000gp/T//ccu8bwqA.s:334    .text.FLASH_OB_PCROPConfig:00000000 FLASH_OB_PCROPConfig
/var/folders/l4/6w9kflz11csb_6qsyz46nv3c0000gp/T//ccu8bwqA.s:366    .text.FLASH_OB_PCROPConfig:00000040 $d
/var/folders/l4/6w9kflz11csb_6qsyz46nv3c0000gp/T//ccu8bwqA.s:369    .text.FLASH_OB_GetPCROP:00000000 $t
/var/folders/l4/6w9kflz11csb_6qsyz46nv3c0000gp/T//ccu8bwqA.s:374    .text.FLASH_OB_GetPCROP:00000000 FLASH_OB_GetPCROP
/var/folders/l4/6w9kflz11csb_6qsyz46nv3c0000gp/T//ccu8bwqA.s:411    .text.FLASH_OB_GetPCROP:00000048 $d
/var/folders/l4/6w9kflz11csb_6qsyz46nv3c0000gp/T//ccu8bwqA.s:415    .text.FLASH_OB_BOR_LevelConfig:00000000 $t
/var/folders/l4/6w9kflz11csb_6qsyz46nv3c0000gp/T//ccu8bwqA.s:420    .text.FLASH_OB_BOR_LevelConfig:00000000 FLASH_OB_BOR_LevelConfig
/var/folders/l4/6w9kflz11csb_6qsyz46nv3c0000gp/T//ccu8bwqA.s:433    .text.FLASH_OB_BOR_LevelConfig:00000010 $d
/var/folders/l4/6w9kflz11csb_6qsyz46nv3c0000gp/T//ccu8bwqA.s:436    .text.FLASH_OB_GetBOR:00000000 $t
/var/folders/l4/6w9kflz11csb_6qsyz46nv3c0000gp/T//ccu8bwqA.s:441    .text.FLASH_OB_GetBOR:00000000 FLASH_OB_GetBOR
/var/folders/l4/6w9kflz11csb_6qsyz46nv3c0000gp/T//ccu8bwqA.s:452    .text.FLASH_OB_GetBOR:0000000c $d
/var/folders/l4/6w9kflz11csb_6qsyz46nv3c0000gp/T//ccu8bwqA.s:455    .text.FLASH_OB_BootAddConfig:00000000 $t
/var/folders/l4/6w9kflz11csb_6qsyz46nv3c0000gp/T//ccu8bwqA.s:460    .text.FLASH_OB_BootAddConfig:00000000 FLASH_OB_BootAddConfig
/var/folders/l4/6w9kflz11csb_6qsyz46nv3c0000gp/T//ccu8bwqA.s:486    .text.FLASH_OB_BootAddConfig:0000002c $d
/var/folders/l4/6w9kflz11csb_6qsyz46nv3c0000gp/T//ccu8bwqA.s:489    .text.FLASH_OB_GetBootAdd:00000000 $t
/var/folders/l4/6w9kflz11csb_6qsyz46nv3c0000gp/T//ccu8bwqA.s:494    .text.FLASH_OB_GetBootAdd:00000000 FLASH_OB_GetBootAdd
/var/folders/l4/6w9kflz11csb_6qsyz46nv3c0000gp/T//ccu8bwqA.s:508    .text.FLASH_OB_GetBootAdd:00000010 $d
/var/folders/l4/6w9kflz11csb_6qsyz46nv3c0000gp/T//ccu8bwqA.s:511    .text.FLASH_OB_SecureAreaConfig:00000000 $t
/var/folders/l4/6w9kflz11csb_6qsyz46nv3c0000gp/T//ccu8bwqA.s:516    .text.FLASH_OB_SecureAreaConfig:00000000 FLASH_OB_SecureAreaConfig
/var/folders/l4/6w9kflz11csb_6qsyz46nv3c0000gp/T//ccu8bwqA.s:550    .text.FLASH_OB_SecureAreaConfig:00000048 $d
/var/folders/l4/6w9kflz11csb_6qsyz46nv3c0000gp/T//ccu8bwqA.s:553    .text.FLASH_OB_GetSecureArea:00000000 $t
/var/folders/l4/6w9kflz11csb_6qsyz46nv3c0000gp/T//ccu8bwqA.s:558    .text.FLASH_OB_GetSecureArea:00000000 FLASH_OB_GetSecureArea
/var/folders/l4/6w9kflz11csb_6qsyz46nv3c0000gp/T//ccu8bwqA.s:595    .text.FLASH_OB_GetSecureArea:00000048 $d
/var/folders/l4/6w9kflz11csb_6qsyz46nv3c0000gp/T//ccu8bwqA.s:599    .text.FLASH_CRC_AddSector:00000000 $t
/var/folders/l4/6w9kflz11csb_6qsyz46nv3c0000gp/T//ccu8bwqA.s:604    .text.FLASH_CRC_AddSector:00000000 FLASH_CRC_AddSector
/var/folders/l4/6w9kflz11csb_6qsyz46nv3c0000gp/T//ccu8bwqA.s:632    .text.FLASH_CRC_AddSector:00000038 $d
/var/folders/l4/6w9kflz11csb_6qsyz46nv3c0000gp/T//ccu8bwqA.s:635    .text.FLASH_CRC_SelectAddress:00000000 $t
/var/folders/l4/6w9kflz11csb_6qsyz46nv3c0000gp/T//ccu8bwqA.s:640    .text.FLASH_CRC_SelectAddress:00000000 FLASH_CRC_SelectAddress
/var/folders/l4/6w9kflz11csb_6qsyz46nv3c0000gp/T//ccu8bwqA.s:658    .text.FLASH_CRC_SelectAddress:00000018 $d
/var/folders/l4/6w9kflz11csb_6qsyz46nv3c0000gp/T//ccu8bwqA.s:661    .text.HAL_FLASHEx_OBProgram:00000000 $t
ARM GAS  /var/folders/l4/6w9kflz11csb_6qsyz46nv3c0000gp/T//ccu8bwqA.s 			page 27


/var/folders/l4/6w9kflz11csb_6qsyz46nv3c0000gp/T//ccu8bwqA.s:667    .text.HAL_FLASHEx_OBProgram:00000000 HAL_FLASHEx_OBProgram
/var/folders/l4/6w9kflz11csb_6qsyz46nv3c0000gp/T//ccu8bwqA.s:778    .text.HAL_FLASHEx_OBProgram:000000d8 $d
/var/folders/l4/6w9kflz11csb_6qsyz46nv3c0000gp/T//ccu8bwqA.s:781    .text.HAL_FLASHEx_OBGetConfig:00000000 $t
/var/folders/l4/6w9kflz11csb_6qsyz46nv3c0000gp/T//ccu8bwqA.s:787    .text.HAL_FLASHEx_OBGetConfig:00000000 HAL_FLASHEx_OBGetConfig
/var/folders/l4/6w9kflz11csb_6qsyz46nv3c0000gp/T//ccu8bwqA.s:832    .text.HAL_FLASHEx_Unlock_Bank1:00000000 $t
/var/folders/l4/6w9kflz11csb_6qsyz46nv3c0000gp/T//ccu8bwqA.s:838    .text.HAL_FLASHEx_Unlock_Bank1:00000000 HAL_FLASHEx_Unlock_Bank1
/var/folders/l4/6w9kflz11csb_6qsyz46nv3c0000gp/T//ccu8bwqA.s:865    .text.HAL_FLASHEx_Unlock_Bank1:0000002c $d
/var/folders/l4/6w9kflz11csb_6qsyz46nv3c0000gp/T//ccu8bwqA.s:869    .text.HAL_FLASHEx_Lock_Bank1:00000000 $t
/var/folders/l4/6w9kflz11csb_6qsyz46nv3c0000gp/T//ccu8bwqA.s:875    .text.HAL_FLASHEx_Lock_Bank1:00000000 HAL_FLASHEx_Lock_Bank1
/var/folders/l4/6w9kflz11csb_6qsyz46nv3c0000gp/T//ccu8bwqA.s:888    .text.HAL_FLASHEx_Lock_Bank1:00000010 $d
/var/folders/l4/6w9kflz11csb_6qsyz46nv3c0000gp/T//ccu8bwqA.s:891    .text.HAL_FLASHEx_Unlock_Bank2:00000000 $t
/var/folders/l4/6w9kflz11csb_6qsyz46nv3c0000gp/T//ccu8bwqA.s:897    .text.HAL_FLASHEx_Unlock_Bank2:00000000 HAL_FLASHEx_Unlock_Bank2
/var/folders/l4/6w9kflz11csb_6qsyz46nv3c0000gp/T//ccu8bwqA.s:924    .text.HAL_FLASHEx_Unlock_Bank2:00000034 $d
/var/folders/l4/6w9kflz11csb_6qsyz46nv3c0000gp/T//ccu8bwqA.s:928    .text.HAL_FLASHEx_Lock_Bank2:00000000 $t
/var/folders/l4/6w9kflz11csb_6qsyz46nv3c0000gp/T//ccu8bwqA.s:934    .text.HAL_FLASHEx_Lock_Bank2:00000000 HAL_FLASHEx_Lock_Bank2
/var/folders/l4/6w9kflz11csb_6qsyz46nv3c0000gp/T//ccu8bwqA.s:947    .text.HAL_FLASHEx_Lock_Bank2:00000014 $d
/var/folders/l4/6w9kflz11csb_6qsyz46nv3c0000gp/T//ccu8bwqA.s:950    .text.HAL_FLASHEx_ComputeCRC:00000000 $t
/var/folders/l4/6w9kflz11csb_6qsyz46nv3c0000gp/T//ccu8bwqA.s:956    .text.HAL_FLASHEx_ComputeCRC:00000000 HAL_FLASHEx_ComputeCRC
/var/folders/l4/6w9kflz11csb_6qsyz46nv3c0000gp/T//ccu8bwqA.s:1104   .text.HAL_FLASHEx_ComputeCRC:0000015c $d
/var/folders/l4/6w9kflz11csb_6qsyz46nv3c0000gp/T//ccu8bwqA.s:1108   .text.FLASH_Erase_Sector:00000000 $t
/var/folders/l4/6w9kflz11csb_6qsyz46nv3c0000gp/T//ccu8bwqA.s:1114   .text.FLASH_Erase_Sector:00000000 FLASH_Erase_Sector
/var/folders/l4/6w9kflz11csb_6qsyz46nv3c0000gp/T//ccu8bwqA.s:1148   .text.FLASH_Erase_Sector:00000050 $d
/var/folders/l4/6w9kflz11csb_6qsyz46nv3c0000gp/T//ccu8bwqA.s:1151   .text.HAL_FLASHEx_Erase:00000000 $t
/var/folders/l4/6w9kflz11csb_6qsyz46nv3c0000gp/T//ccu8bwqA.s:1157   .text.HAL_FLASHEx_Erase:00000000 HAL_FLASHEx_Erase
/var/folders/l4/6w9kflz11csb_6qsyz46nv3c0000gp/T//ccu8bwqA.s:1296   .text.HAL_FLASHEx_Erase:00000120 $d
/var/folders/l4/6w9kflz11csb_6qsyz46nv3c0000gp/T//ccu8bwqA.s:1301   .text.HAL_FLASHEx_Erase_IT:00000000 $t
/var/folders/l4/6w9kflz11csb_6qsyz46nv3c0000gp/T//ccu8bwqA.s:1307   .text.HAL_FLASHEx_Erase_IT:00000000 HAL_FLASHEx_Erase_IT
/var/folders/l4/6w9kflz11csb_6qsyz46nv3c0000gp/T//ccu8bwqA.s:1427   .text.HAL_FLASHEx_Erase_IT:000000e0 $d

UNDEFINED SYMBOLS
FLASH_WaitForLastOperation
pFlash
FLASH_OB_WaitForLastOperation
FLASH_CRC_WaitForLastOperation
